"../../../../../Work/Revolt/Revolt/Content/Spawn_Order.uasset" 0
"../../../../../Work/Revolt/Revolt/Content/Blueprints/Direct_Turret_AI.uasset" 1
"../../../Engine/Content/EditorBlueprintResources/StandardMacros.uasset" 2
"../../../../../Work/Revolt/Revolt/Content/StarterContent/Textures/T_MacroVariation.uasset" 3
"../../../../../Work/Revolt/Revolt/Content/StarterContent/Textures/T_Tech_Hex_Tile_M.uasset" 4
"../../../../../Work/Revolt/Revolt/Content/StarterContent/Textures/T_Tech_Hex_Tile_N.uasset" 5
"../../../../../Work/Revolt/Revolt/Content/StarterContent/Materials/M_Tech_Hex_Tile_Pulse.uasset" 6
"../../../Engine/Content/Functions/Engine_MaterialFunctions01/Opacity/CameraDepthFade.uasset" 7
"../../../Engine/Content/EngineMaterials/T_Default_Material_Grid_M.uasset" 8
"../../../Engine/Content/EngineMaterials/T_Default_Material_Grid_N.uasset" 9
"../../../Engine/Content/EngineMaterials/WorldGridMaterial.uasset" 10
"../../../Engine/Content/BasicShapes/Plane.uasset" 11
"../../../../../Work/Revolt/Revolt/Content/Blueprints/End_Plate_Blueprint.uasset" 12
"../../Plugins/Enterprise/DatasmithContent/Content/Blueprints/FBXImporter/ArrayOfActor.uasset" 13
"../../../../../Work/Revolt/Revolt/Content/Blueprints/PossessAi.uasset" 14
"../../../../../Work/Revolt/Revolt/Content/Blueprints/Variable_Holder_Blueprint.uasset" 15
"../../../Engine/Content/BasicShapes/BasicShapeMaterial.uasset" 16
"../../../../../Work/Revolt/Revolt/Content/StarterContent/Materials/M_Metal_Chrome.uasset" 17
"../../../Engine/Content/EngineMaterials/DefaultMaterial.uasset" 18
"../../../Engine/Content/BasicShapes/Sphere.uasset" 19
"../../../../../Work/Revolt/Revolt/Content/Meshes/Basic_Enemy_1.uasset" 20
"../../../../../Work/Revolt/Revolt/Content/StarterContent/Textures/T_Burst_M.uasset" 21
"../../../../../Work/Revolt/Revolt/Content/StarterContent/Particles/Materials/M_Burst.uasset" 22
"../../../../../Work/Revolt/Revolt/Content/StarterContent/Textures/T_Explosion_SubUV.uasset" 23
"../../../../../Work/Revolt/Revolt/Content/StarterContent/Particles/Materials/M_explosion_subUV.uasset" 24
"../../../../../Work/Revolt/Revolt/Content/StarterContent/Particles/Materials/m_flare_01.uasset" 25
"../../../Engine/Content/Functions/Engine_MaterialFunctions01/Gradient/RadialGradient.uasset" 26
"../../../../../Work/Revolt/Revolt/Content/StarterContent/Particles/Materials/M_radial_ramp.uasset" 27
"../../../../../Work/Revolt/Revolt/Content/StarterContent/Textures/T_Smoke_SubUV.uasset" 28
"../../../../../Work/Revolt/Revolt/Content/StarterContent/Textures/T_Smoke_Tiled_D.uasset" 29
"../../../../../Work/Revolt/Revolt/Content/StarterContent/Particles/Materials/M_smoke_subUV.uasset" 30
"../../../../../Work/Revolt/Revolt/Content/StarterContent/Particles/P_Explosion.uasset" 31
"../../../../../Work/Revolt/Revolt/Content/Blueprints/Basic_Enemy_1.uasset" 32
"../../../../../Work/Revolt/Revolt/Content/Blueprints/Enemy-health.uasset" 33
"../../../../../Work/Revolt/Revolt/Content/StarterContent/Textures/T_Metal_Gold_D.uasset" 34
"../../../../../Work/Revolt/Revolt/Content/StarterContent/Textures/T_Metal_Gold_N.uasset" 35
"../../../../../Work/Revolt/Revolt/Content/StarterContent/Materials/M_Metal_Gold.uasset" 36
"../../../../../Work/Revolt/Revolt/Content/Meshes/BasicTurret.uasset" 37
"../../../../../Work/Revolt/Revolt/Content/Blueprints/BasicTurret.uasset" 38
"../../../Engine/Content/BasicShapes/Cube.uasset" 39
"../../../../../Work/Revolt/Revolt/Content/Blueprints/Tower_Magoc_5_LOWPOLY.uasset" 40
"../../../../../Work/Revolt/Revolt/Content/Blueprints/Tower_Magoc_5.uasset" 41
"../../../../../Work/Revolt/Revolt/Content/Blueprints/Main_Gamemode/Main_Game_Overlay.uasset" 42
"../../../../../Work/Revolt/Revolt/Content/UI/Pause_Menu.uasset" 43
"../../../../../Work/Revolt/Revolt/Content/UI/Difficulty_Chooser.uasset" 44
"../../../../../Work/Revolt/Revolt/Content/Blueprints/ReVolt_TD_Controller.uasset" 45
"../../../../../Work/Revolt/Revolt/Content/Blueprints/ReVolt_TD_Gamemode.uasset" 46
"../../../../../Work/Revolt/Revolt/Content/Blueprints/Valid_Placement.uasset" 47
"../../../../../Work/Revolt/Revolt/Content/Blueprints/Main_Gamemode/Level_2_Overlay.uasset" 48
"../../../../../Work/Revolt/Revolt/Content/Geometry/Meshes/CubeMaterial.uasset" 49
"../../../../../Work/Revolt/Revolt/Content/Geometry/Meshes/1M_Cube.uasset" 50
"../../../../../Work/Revolt/Revolt/Content/Geometry/Meshes/1M_Cube_Chamfer.uasset" 51
"../../../../../Work/Revolt/Revolt/Content/Geometry/Meshes/TemplateFloor.uasset" 52
"../../../../../Work/Revolt/Revolt/Content/Mannequin/Character/Mesh/UE4_Mannequin_Skeleton.uasset" 53
"../../../../../Work/Revolt/Revolt/Content/Mannequin/Animations/ThirdPersonJump_End.uasset" 54
"../../../Engine/Content/Functions/Engine_MaterialFunctions02/Utility/BlendAngleCorrectedNormals.uasset" 55
"../../../Engine/Content/Functions/MaterialLayerFunctions/MatLayerBlend_NormalBlend.uasset" 56
"../../../Engine/Content/Functions/MaterialLayerFunctions/MatLayerBlend_Simple.uasset" 57
"../../../../../Work/Revolt/Revolt/Content/Mannequin/Character/Materials/MaterialLayers/T_ML_Rubber_Blue_01_D.uasset" 58
"../../../../../Work/Revolt/Revolt/Content/Mannequin/Character/Materials/MaterialLayers/T_ML_Rubber_Blue_01_N.uasset" 59
"../../../../../Work/Revolt/Revolt/Content/Mannequin/Character/Materials/MaterialLayers/ML_GlossyBlack_Latex_UE4.uasset" 60
"../../../../../Work/Revolt/Revolt/Content/Mannequin/Character/Materials/MaterialLayers/ML_Plastic_Shiny_Beige.uasset" 61
"../../../../../Work/Revolt/Revolt/Content/Mannequin/Character/Textures/UE4_LOGO_CARD.uasset" 62
"../../../../../Work/Revolt/Revolt/Content/Mannequin/Character/Materials/MaterialLayers/ML_Plastic_Shiny_Beige_LOGO.uasset" 63
"../../../../../Work/Revolt/Revolt/Content/Mannequin/Character/Materials/MaterialLayers/T_ML_Aluminum01.uasset" 64
"../../../../../Work/Revolt/Revolt/Content/Mannequin/Character/Materials/MaterialLayers/T_ML_Aluminum01_N.uasset" 65
"../../../../../Work/Revolt/Revolt/Content/Mannequin/Character/Materials/MaterialLayers/ML_SoftMetal_UE4.uasset" 66
"../../../../../Work/Revolt/Revolt/Content/Mannequin/Character/Textures/UE4_Mannequin__normals.uasset" 67
"../../../../../Work/Revolt/Revolt/Content/Mannequin/Character/Textures/UE4_Mannequin_MAT_MASKA.uasset" 68
"../../../../../Work/Revolt/Revolt/Content/Mannequin/Character/Materials/M_UE4Man_Body.uasset" 69
"../../../../../Work/Revolt/Revolt/Content/Mannequin/Character/Textures/UE4Man_Logo_N.uasset" 70
"../../../../../Work/Revolt/Revolt/Content/Mannequin/Character/Materials/M_UE4Man_ChestLogo.uasset" 71
"../../../../../Work/Revolt/Revolt/Content/StarterContent/Textures/T_CobbleStone_Pebble_D.uasset" 72
"../../../../../Work/Revolt/Revolt/Content/StarterContent/Textures/T_CobbleStone_Pebble_M.uasset" 73
"../../../../../Work/Revolt/Revolt/Content/StarterContent/Textures/T_CobbleStone_Pebble_N.uasset" 74
"../../../../../Work/Revolt/Revolt/Content/StarterContent/Materials/M_CobbleStone_Pebble.uasset" 75
"../../../../../Work/Revolt/Revolt/Content/Meshes/Basic_Floor_Tile_1.uasset" 76
"../../../../../Work/Revolt/Revolt/Content/StarterContent/Textures/T_Brick_Clay_New_D.uasset" 77
"../../../../../Work/Revolt/Revolt/Content/StarterContent/Textures/T_Brick_Clay_New_M.uasset" 78
"../../../../../Work/Revolt/Revolt/Content/StarterContent/Textures/T_Brick_Clay_New_N.uasset" 79
"../../../../../Work/Revolt/Revolt/Content/StarterContent/Textures/T_Detail_Rocky_N.uasset" 80
"../../../../../Work/Revolt/Revolt/Content/StarterContent/Materials/M_Brick_Clay_New.uasset" 81
"../../../../../Work/Revolt/Revolt/Content/StarterContent/Materials/M_Glass.uasset" 82
"../../../../../Work/Revolt/Revolt/Content/StarterContent/Materials/M_Metal_Brushed_Nickel.uasset" 83
"../../../../../Work/Revolt/Revolt/Content/Meshes/Tower_Magoc_5.uasset" 84
"../../../../../Work/Revolt/Revolt/Content/Splash/EdSplash.uasset" 85
"../../../../../Work/Revolt/Revolt/Content/Splash/Splash.uasset" 86
"../../../../../Work/Revolt/Revolt/Content/StarterContent/Materials/M_Basic_Wall.uasset" 87
"../../../../../Work/Revolt/Revolt/Content/StarterContent/Architecture/Pillar_50x500.uasset" 88
"../../../../../Work/Revolt/Revolt/Content/StarterContent/Architecture/Wall_400x300.uasset" 89
"../../../../../Work/Revolt/Revolt/Content/StarterContent/Architecture/Wall_400x400.uasset" 90
"../../../../../Work/Revolt/Revolt/Content/StarterContent/Architecture/Wall_500x500.uasset" 91
"../../../../../Work/Revolt/Revolt/Content/StarterContent/Architecture/Wall_Door_400x400.uasset" 92
"../../../../../Work/Revolt/Revolt/Content/StarterContent/Architecture/Wall_Window_400x400.uasset" 93
"../../../../../Work/Revolt/Revolt/Content/StarterContent/Audio/Collapse01.uasset" 94
"../../../../../Work/Revolt/Revolt/Content/StarterContent/Audio/Collapse02.uasset" 95
"../../../../../Work/Revolt/Revolt/Content/StarterContent/Audio/Explosion01.uasset" 96
"../../../../../Work/Revolt/Revolt/Content/StarterContent/Audio/Explosion02.uasset" 97
"../../../../../Work/Revolt/Revolt/Content/StarterContent/Audio/Fire01.uasset" 98
"../../../../../Work/Revolt/Revolt/Content/StarterContent/Audio/Fire_Sparks01.uasset" 99
"../../../../../Work/Revolt/Revolt/Content/StarterContent/Audio/Light01.uasset" 100
"../../../../../Work/Revolt/Revolt/Content/StarterContent/Audio/Light01_Cue.uasset" 101
"../../../../../Work/Revolt/Revolt/Content/StarterContent/Audio/Light02.uasset" 102
"../../../../../Work/Revolt/Revolt/Content/StarterContent/Audio/Light02_Cue.uasset" 103
"../../../../../Work/Revolt/Revolt/Content/StarterContent/Audio/Smoke01.uasset" 104
"../../../../../Work/Revolt/Revolt/Content/StarterContent/Audio/Starter_Birds01.uasset" 105
"../../../../../Work/Revolt/Revolt/Content/StarterContent/Audio/Starter_Music01.uasset" 106
"../../../../../Work/Revolt/Revolt/Content/StarterContent/Audio/Starter_Wind05.uasset" 107
"../../../../../Work/Revolt/Revolt/Content/StarterContent/Audio/Starter_Wind06.uasset" 108
"../../../../../Work/Revolt/Revolt/Content/StarterContent/Audio/Steam01.uasset" 109
"../../../../../Work/Revolt/Revolt/Content/StarterContent/Audio/Explosion_Cue.uasset" 110
"../../../../../Work/Revolt/Revolt/Content/StarterContent/Blueprints/Blueprint_Effect_Explosion.uasset" 111
"../../../Engine/Content/EditorMeshes/ColorCalibrator/T_ColorGrid.uasset" 112
"../../../../../Work/Revolt/Revolt/Content/StarterContent/Materials/M_ColorGrid_LowSpec.uasset" 113
"../../../../../Work/Revolt/Revolt/Content/StarterContent/Textures/T_Bush_D.uasset" 114
"../../../../../Work/Revolt/Revolt/Content/StarterContent/Textures/T_Bush_N.uasset" 115
"../../../../../Work/Revolt/Revolt/Content/StarterContent/Props/Materials/M_Bush.uasset" 116
"../../../../../Work/Revolt/Revolt/Content/StarterContent/Props/SM_Bush.uasset" 117
"../../../../../Work/Revolt/Revolt/Content/StarterContent/Textures/T_Chair_M.uasset" 118
"../../../../../Work/Revolt/Revolt/Content/StarterContent/Textures/T_Chair_N.uasset" 119
"../../../../../Work/Revolt/Revolt/Content/StarterContent/Props/Materials/M_Chair.uasset" 120
"../../../../../Work/Revolt/Revolt/Content/StarterContent/Props/SM_Couch.uasset" 121
"../../../../../Work/Revolt/Revolt/Content/StarterContent/Textures/T_Door_M.uasset" 122
"../../../../../Work/Revolt/Revolt/Content/StarterContent/Textures/T_Door_N.uasset" 123
"../../../../../Work/Revolt/Revolt/Content/StarterContent/Props/Materials/M_Door.uasset" 124
"../../../../../Work/Revolt/Revolt/Content/StarterContent/Props/SM_Door.uasset" 125
"../../../../../Work/Revolt/Revolt/Content/StarterContent/Props/Materials/M_MaterialSphere.uasset" 126
"../../../../../Work/Revolt/Revolt/Content/StarterContent/Props/Materials/M_MaterialSphere_Plain.uasset" 127
"../../../../../Work/Revolt/Revolt/Content/StarterContent/Props/SM_MatPreviewMesh_02.uasset" 128
"../../../../../Work/Revolt/Revolt/Content/StarterContent/Textures/T_Rock_Basalt_D.uasset" 129
"../../../../../Work/Revolt/Revolt/Content/StarterContent/Textures/T_RockMesh_M.uasset" 130
"../../../../../Work/Revolt/Revolt/Content/StarterContent/Textures/T_RockMesh_N.uasset" 131
"../../../../../Work/Revolt/Revolt/Content/StarterContent/Props/Materials/M_Rock.uasset" 132
"../../../../../Work/Revolt/Revolt/Content/StarterContent/Props/SM_Rock.uasset" 133
"../../../../../Work/Revolt/Revolt/Content/StarterContent/Textures/T_Shelf_M.uasset" 134
"../../../../../Work/Revolt/Revolt/Content/StarterContent/Textures/T_Shelf_N.uasset" 135
"../../../../../Work/Revolt/Revolt/Content/StarterContent/Props/Materials/M_Shelf.uasset" 136
"../../../../../Work/Revolt/Revolt/Content/StarterContent/Props/SM_Shelf.uasset" 137
"../../../../../Work/Revolt/Revolt/Content/StarterContent/Materials/M_Basic_Floor.uasset" 138
"../../../../../Work/Revolt/Revolt/Content/StarterContent/Props/SM_Stairs.uasset" 139
"../../../../../Work/Revolt/Revolt/Content/StarterContent/Shapes/Shape_Cone.uasset" 140
"../../../../../Work/Revolt/Revolt/Content/StarterContent/Shapes/Shape_Cylinder.uasset" 141
"../../../../../Work/Revolt/Revolt/Content/StarterContent/Shapes/Shape_NarrowCapsule.uasset" 142
"../../../../../Work/Revolt/Revolt/Content/StarterContent/Shapes/Shape_Pipe.uasset" 143
"../../../../../Work/Revolt/Revolt/Content/StarterContent/Shapes/Shape_Pipe_180.uasset" 144
"../../../../../Work/Revolt/Revolt/Content/StarterContent/Shapes/Shape_Pipe_90.uasset" 145
"../../../../../Work/Revolt/Revolt/Content/StarterContent/Shapes/Shape_Plane.uasset" 146
"../../../../../Work/Revolt/Revolt/Content/StarterContent/Shapes/Shape_Torus.uasset" 147
"../../../../../Work/Revolt/Revolt/Content/StarterContent/Shapes/Shape_Trim.uasset" 148
"../../../../../Work/Revolt/Revolt/Content/StarterContent/Shapes/Shape_Trim_90_In.uasset" 149
"../../../../../Work/Revolt/Revolt/Content/StarterContent/Shapes/Shape_Trim_90_Out.uasset" 150
"../../../../../Work/Revolt/Revolt/Content/StarterContent/Shapes/Shape_TriPyramid.uasset" 151
"../../../../../Work/Revolt/Revolt/Content/StarterContent/Shapes/Shape_Tube.uasset" 152
"../../../../../Work/Revolt/Revolt/Content/StarterContent/Shapes/Shape_Wedge_A.uasset" 153
"../../../../../Work/Revolt/Revolt/Content/StarterContent/Shapes/Shape_Wedge_B.uasset" 154
"../../../../../Work/Revolt/Revolt/Content/StarterContent/Shapes/Shape_WideCapsule.uasset" 155
"../../../../../Work/Revolt/Revolt/Content/Mannequin/Animations/ThirdPerson_Jump.uasset" 156
"../../../../../Work/Revolt/Revolt/Content/Mannequin/Animations/ThirdPersonJump_Loop.uasset" 157
"../../../../../Work/Revolt/Revolt/Content/Mannequin/Animations/ThirdPersonJump_Start.uasset" 158
"../../../../../Work/Revolt/Revolt/Content/Mannequin/Animations/ThirdPersonIdle.uasset" 159
"../../../../../Work/Revolt/Revolt/Content/Mannequin/Animations/ThirdPersonRun.uasset" 160
"../../../../../Work/Revolt/Revolt/Content/Mannequin/Animations/ThirdPersonWalk.uasset" 161
"../../../../../Work/Revolt/Revolt/Content/Mannequin/Animations/ThirdPerson_IdleRun_2D.uasset" 162
"../../../../../Work/Revolt/Revolt/Content/Mannequin/Animations/ThirdPerson_AnimBP.uasset" 163
"../../../Engine/Content/Functions/Engine_MaterialFunctions01/Density/ExponentialDensity.uasset" 164
"../../../Engine/Content/Functions/Engine_MaterialFunctions01/Gradient/RadialGradientExponential.uasset" 165
"../../../../../Work/Revolt/Revolt/Content/TopDownBP/Blueprints/M_Cursor_Decal.uasset" 166
"../../../../../Work/Revolt/Revolt/Content/StarterContent/Materials/M_Tech_Hex_Tile.uasset" 167
"../../../../../Work/Revolt/Revolt/Content/Mannequin/Character/Mesh/SK_Mannequin_PhysicsAsset.uasset" 168
"../../../../../Work/Revolt/Revolt/Content/Mannequin/Character/Mesh/SK_Mannequin.uasset" 169
"../../../../../Work/Revolt/Revolt/Content/Blueprints/SaveGame_BP.uasset" 170
"../../../../../Work/Revolt/Revolt/Content/Images/UI/Main_Logo_FINAL.uasset" 171
"../../../../../Work/Revolt/Revolt/Content/UI/Contribs_BP.uasset" 172
"../../../../../Work/Revolt/Revolt/Content/UI/Main_Menu_BP.uasset" 173
"../../../../../Work/Revolt/Revolt/Content/UI/Options_Menu.uasset" 174
"../../../../../Work/Revolt/Revolt/Content/TopDownBP/Blueprints/TopDownCharacter.uasset" 175
"../../../../../Work/Revolt/Revolt/Content/TopDownBP/Blueprints/TopDownController.uasset" 176
"../../../../../Work/Revolt/Revolt/Content/TopDownBP/Blueprints/TopDownGameMode.uasset" 177
"../../../Engine/Content/ArtTools/RenderToTexture/Meshes/S_1_Unit_Plane.uasset" 178
"../../../Engine/Content/BasicShapes/Cone.uasset" 179
"../../../Engine/Content/BasicShapes/Cylinder.uasset" 180
"../../../Engine/Content/EditorLandscapeResources/DataLayer.uasset" 181
"../../../Engine/Content/EditorMaterials/GizmoMaterial.uasset" 182
"../../../Engine/Content/EditorMaterials/MAT_Groups_Toggle.uasset" 183
"../../../Engine/Content/EditorMaterials/MAT_Groups_Visibility.uasset" 184
"../../../Engine/Content/EditorMaterials/PreviewShadowIndicator.uasset" 185
"../../../Engine/Content/EditorMaterials/PreviewShadowIndicatorMaterial.uasset" 186
"../../../Engine/Content/EditorMaterials/MatineeGroups/MAT_ColorTrack.uasset" 187
"../../../Engine/Content/EditorMaterials/MatineeGroups/MAT_Groups_Anim.uasset" 188
"../../../Engine/Content/EditorMaterials/MatineeGroups/MAT_Groups_AudioMaster.uasset" 189
"../../../Engine/Content/EditorMaterials/MatineeGroups/MAT_Groups_Director.uasset" 190
"../../../Engine/Content/EditorMaterials/MatineeGroups/MAT_Groups_Event.uasset" 191
"../../../Engine/Content/EditorMaterials/MatineeGroups/MAT_Groups_Fade.uasset" 192
"../../../Engine/Content/EditorMaterials/MatineeGroups/MAT_Groups_Float.uasset" 193
"../../../Engine/Content/EditorMaterials/MatineeGroups/MAT_Groups_Move.uasset" 194
"../../../Engine/Content/EditorMaterials/MatineeGroups/MAT_Groups_Slomo.uasset" 195
"../../../Engine/Content/EditorMaterials/MatineeGroups/MAT_Groups_Sound.uasset" 196
"../../../Engine/Content/EditorMaterials/MatineeGroups/MAT_Groups_Vector.uasset" 197
"../../../Engine/Content/EditorMaterials/ParticleSystems/PSysThumbnail_NoImage.uasset" 198
"../../../Engine/Content/EditorMaterials/ParticleSystems/PSysThumbnail_OOD.uasset" 199
"../../../Engine/Content/EditorMaterials/Camera/CineMat.uasset" 200
"../../../Engine/Content/EditorMaterials/Camera/MI_CineMat_Rig.uasset" 201
"../../../Engine/Content/EditorMeshes/Camera/SM_CraneRig_Arm.uasset" 202
"../../../Engine/Content/EditorMeshes/Camera/SM_CraneRig_Base.uasset" 203
"../../../Engine/Content/EditorMeshes/Camera/SM_CraneRig_Body.uasset" 204
"../../../Engine/Content/EditorMeshes/Camera/SM_CraneRig_Mount.uasset" 205
"../../../Engine/Content/EditorMeshes/Camera/SM_RailRig_Mount.uasset" 206
"../../../Engine/Content/EditorMeshes/Camera/SM_RailRig_Track.uasset" 207
"../../../Engine/Content/EditorResources/BSPVertex.uasset" 208
"../../../Engine/Content/EditorResources/EmptyActor.uasset" 209
"../../../Engine/Content/EditorResources/S_Actor.uasset" 210
"../../../Engine/Content/EditorResources/S_Trigger.uasset" 211
"../../../Engine/Content/EditorResources/AudioIcons/S_AudioComponent.uasset" 212
"../../../Engine/Content/EditorResources/AudioIcons/S_AudioComponent_AutoActivate.uasset" 213
"../../../Engine/Content/EditorResources/LightIcons/S_LightError.uasset" 214
"../../../Engine/Content/EditorResources/SequenceRecorder/Countdown.uasset" 215
"../../../Engine/Content/EditorResources/SequenceRecorder/RecordingIndicator.uasset" 216
"../../../Engine/Content/EditorSounds/Notifications/CompileFailed.uasset" 217
"../../../Engine/Content/EditorSounds/Notifications/CompileFailed_Cue.uasset" 218
"../../../Engine/Content/EditorSounds/Notifications/CompileSuccess.uasset" 219
"../../../Engine/Content/EditorSounds/Notifications/CompileStart_Cue.uasset" 220
"../../../Engine/Content/EditorSounds/Notifications/CompileSuccess_Cue.uasset" 221
"../../../Engine/Content/EngineDamageTypes/DmgTypeBP_Environmental.uasset" 222
"../../../Engine/Content/EngineDebugMaterials/HeatmapGradient.uasset" 223
"../../../Engine/Content/EngineDebugMaterials/BoneWeightMaterial.uasset" 224
"../../../Engine/Content/EngineDebugMaterials/ClothMaterial.uasset" 225
"../../../Engine/Content/EngineDebugMaterials/ClothMaterial_WF.uasset" 226
"../../../Engine/Content/EngineDebugMaterials/DebugEditorMaterial.uasset" 227
"../../../Engine/Content/EngineDebugMaterials/DebugMeshMaterial.uasset" 228
"../../../Engine/Content/EngineDebugMaterials/GeomMaterial.uasset" 229
"../../../Engine/Content/EngineDebugMaterials/M_SimpleTranslucent.uasset" 230
"../../../Engine/Content/EngineFonts/Faces/RobotoBold.uasset" 231
"../../../Engine/Content/EngineFonts/Faces/RobotoBoldItalic.uasset" 232
"../../../Engine/Content/EngineFonts/Faces/RobotoItalic.uasset" 233
"../../../Engine/Content/EngineFonts/Faces/RobotoLight.uasset" 234
"../../../Engine/Content/EngineFonts/Faces/RobotoRegular.uasset" 235
"../../../Engine/Content/EngineFonts/Roboto.uasset" 236
"../../../Engine/Content/EngineFonts/Faces/RobotoTiny.uasset" 237
"../../../Engine/Content/EngineFonts/RobotoTiny.uasset" 238
"../../../Engine/Content/EngineMaterials/BaseFlattenDiffuseMap.uasset" 239
"../../../Engine/Content/EngineMaterials/BaseFlattenEmissiveMap.uasset" 240
"../../../Engine/Content/EngineMaterials/BaseFlattenGrayscaleMap.uasset" 241
"../../../Engine/Content/EngineMaterials/BaseFlattenNormalMap.uasset" 242
"../../../Engine/Content/EngineMaterials/BaseFlattenMaterial.uasset" 243
"../../../Engine/Content/EngineMaterials/DefaultBloomKernel.uasset" 244
"../../../Engine/Content/EngineMaterials/DefaultBokeh.uasset" 245
"../../../Engine/Content/EngineMaterials/DefaultDiffuse.uasset" 246
"../../../Engine/Content/EngineMaterials/DefaultDeferredDecalMaterial.uasset" 247
"../../../Engine/Content/EngineMaterials/DefaultLightFunctionMaterial.uasset" 248
"../../../Engine/Content/Functions/Engine_MaterialFunctions02/Utility/BreakOutFloat2Components.uasset" 249
"../../../Engine/Content/EngineMaterials/DefaultPostProcessMaterial.uasset" 250
"../../../Engine/Content/EngineFonts/RobotoDistanceField.uasset" 251
"../../../Engine/Content/EngineMaterials/DefaultTextMaterialOpaque.uasset" 252
"../../../Engine/Content/EngineMaterials/DefaultWhiteGrid.uasset" 253
"../../../Engine/Content/EngineMaterials/EditorBrushMaterial.uasset" 254
"../../../Engine/Content/EngineMaterials/Good64x64TilingNoiseHighFreq.uasset" 255
"../../../Engine/Content/EngineMaterials/MiniFont.uasset" 256
"../../../Engine/Content/EngineMaterials/InvalidLightmapSettings.uasset" 257
"../../../Engine/Content/EngineMaterials/M_InvalidLightmapSettings.uasset" 258
"../../../Engine/Content/Functions/Engine_MaterialFunctions02/WorldPositionOffset/CameraOffset.uasset" 259
"../../../Engine/Content/EngineMaterials/PhAT_JointLimitMaterial.uasset" 260
"../../../Engine/Content/EngineMaterials/PreintegratedSkinBRDF.uasset" 261
"../../../Engine/Content/EngineMaterials/RemoveSurfaceMaterial.uasset" 262
"../../../Engine/Content/EngineMaterials/WeightMapPlaceholderTexture.uasset" 263
"../../../Engine/Content/EngineResources/WhiteSquareTexture.uasset" 264
"../../../Engine/Content/EngineMaterials/Widget3DPassThrough.uasset" 265
"../../../Engine/Content/EngineMaterials/Widget3DPassThrough_Masked.uasset" 266
"../../../Engine/Content/EngineMaterials/Widget3DPassThrough_Opaque.uasset" 267
"../../../Engine/Content/EngineMaterials/Widget3DPassThrough_Masked_OneSided.uasset" 268
"../../../Engine/Content/EngineMaterials/Widget3DPassThrough_Opaque_OneSided.uasset" 269
"../../../Engine/Content/EngineMaterials/Widget3DPassThrough_Translucent.uasset" 270
"../../../Engine/Content/EngineMaterials/Widget3DPassThrough_Translucent_OneSided.uasset" 271
"../../../Engine/Content/EngineMeshes/Cylinder.uasset" 272
"../../../Engine/Content/EngineMeshes/Sphere.uasset" 273
"../../../Engine/Content/EngineResources/Black.uasset" 274
"../../../Engine/Content/EngineResources/DefaultTexture.uasset" 275
"../../../Engine/Content/EngineResources/DefaultTextureCube.uasset" 276
"../../../Engine/Content/EngineResources/DefaultVolumeTexture2D.uasset" 277
"../../../Engine/Content/EngineResources/DefaultVolumeTexture.uasset" 278
"../../../Engine/Content/EngineResources/GradientTexture0.uasset" 279
"../../../Engine/Content/EngineSounds/Master.uasset" 280
"../../../Engine/Content/Functions/Engine_MaterialFunctions01/Shading/ConvertFromDiffSpec.uasset" 281
"../../../Engine/Content/Functions/Engine_MaterialFunctions01/Shading/PowerToRoughness.uasset" 282
"../../../Engine/Content/Maps/Templates/Thumbnails/Default.uasset" 283
"../../../Engine/Content/Maps/Templates/Thumbnails/VR-Basic.uasset" 284
"../../../Engine/Content/MobileResources/T_MobileControls_texture.uasset" 285
"../../../Engine/Content/MobileResources/T_MobileMenu2.uasset" 286
"../../../Engine/Content/MobileResources/HUD/AnalogHat.uasset" 287
"../../../Engine/Content/MobileResources/HUD/VirtualJoystick_Background.uasset" 288
"../../../Engine/Content/MobileResources/HUD/VirtualJoystick_Thumb.uasset" 289
"../../../Engine/Content/MobileResources/HUD/DefaultVirtualJoysticks.uasset" 290
"../../../Engine/Content/MobileResources/HUD/LeftVirtualJoystickOnly.uasset" 291
"../../../Engine/Content/MobileResources/HUD/MobileHUDButton1_off.uasset" 292
"../../../Engine/Content/MobileResources/HUD/MobileHUDButton1_on.uasset" 293
"../../../Engine/Content/MobileResources/HUD/MobileHUDButton2_off.uasset" 294
"../../../Engine/Content/MobileResources/HUD/MobileHUDButton2_on.uasset" 295
"../../../Engine/Content/MobileResources/HUD/MobileHUDButton3.uasset" 296
"../../../Engine/Content/MobileResources/HUD/MobileHUDButtonFire.uasset" 297
"../../../Engine/Content/MobileResources/HUD/MobileHUDDirectionPad.uasset" 298
"../../../Engine/Content/MobileResources/HUD/MobileHUDDirectionPad2.uasset" 299
"../../../Engine/Content/MobileResources/HUD/MobileHUDDirectionPad3.uasset" 300
"../../../Engine/Content/MobileResources/HUD/MobileHUDDirectionStick.uasset" 301
"../../../Engine/Content/MobileResources/HUD/T_Castle_ThumbstickInner.uasset" 302
"../../../Engine/Content/MobileResources/HUD/T_Castle_ThumbstickOutter.uasset" 303
"../../../Engine/Content/Tutorial/ContentIntroCurve.uasset" 304
"../../../Engine/Content/VREditor/LaserPointer/VR_LaserPower_01.uasset" 305
"../../../Engine/Content/VREditor/TransformGizmo/TransformGizmoMaterial.uasset" 306
"../../../Engine/Content/VREditor/TransformGizmo/TranslucentTransformGizmoMaterial.uasset" 307
"../../../Engine/Content/VREditor/TransformGizmo/BoundingBoxCorner.uasset" 308
"../../../Engine/Content/VREditor/TransformGizmo/BoundingBoxEdge.uasset" 309
"../../../Engine/Content/VREditor/TransformGizmo/PlaneTranslationHandle.uasset" 310
"../../../Engine/Content/VREditor/TransformGizmo/Main.uasset" 311
"../../../Engine/Content/VREditor/TransformGizmo/Xray.uasset" 312
"../../../Engine/Content/VREditor/TransformGizmo/SM_Sequencer_Key.uasset" 313
"../../../Engine/Content/VREditor/TransformGizmo/SM_Sequencer_Node.uasset" 314
"../../Plugins/2D/Paper2D/Content/PlaceholderTextures/DummySpriteTexture.uasset" 315
"../../Plugins/2D/Paper2D/Content/DummySprite.uasset" 316
"../../Plugins/2D/Paper2D/Content/DefaultPaperTerrainMaterial.uasset" 317
"../../Plugins/2D/Paper2D/Content/DefaultSpriteMaterial.uasset" 318
"../../Plugins/2D/Paper2D/Content/MaskedUnlitSpriteMaterial.uasset" 319
"../../Plugins/2D/Paper2D/Content/OpaqueUnlitSpriteMaterial.uasset" 320
"../../Plugins/Runtime/Oculus/OculusVR/Content/Materials/PokeAHoleMaterial.uasset" 321
"../../Plugins/Runtime/Oculus/OculusVR/Content/Textures/GearVRController_AO.uasset" 322
"../../Plugins/Runtime/Oculus/OculusVR/Content/Textures/GearVRController_Color.uasset" 323
"../../Plugins/Runtime/Oculus/OculusVR/Content/Textures/GearVRController_Normal.uasset" 324
"../../Plugins/Runtime/Oculus/OculusVR/Content/Materials/GearVRControllerMaterial.uasset" 325
"../../Plugins/Runtime/Oculus/OculusVR/Content/Meshes/GearVrController.uasset" 326
"../../Plugins/Runtime/Oculus/OculusVR/Content/Textures/touchController_albedo.uasset" 327
"../../Plugins/Runtime/Oculus/OculusVR/Content/Textures/touchController_controlmap.uasset" 328
"../../Plugins/Runtime/Oculus/OculusVR/Content/Materials/touchController_mat.uasset" 329
"../../Plugins/Runtime/Oculus/OculusVR/Content/Meshes/LeftTouchController.uasset" 330
"../../Plugins/Runtime/Oculus/OculusVR/Content/Meshes/RiftHMD.uasset" 331
"../../Plugins/Runtime/Oculus/OculusVR/Content/Meshes/RightTouchController.uasset" 332
"../../../../../Work/Revolt/Revolt/Content/Blueprints/Create_Tower_BP.uasset" 333
"../../../../../Work/Revolt/Revolt/Content/StarterContent/Textures/T_Ceramic_Tile_M.uasset" 334
"../../../../../Work/Revolt/Revolt/Content/StarterContent/Textures/T_Ceramic_Tile_N.uasset" 335
"../../../../../Work/Revolt/Revolt/Content/StarterContent/Textures/T_Perlin_Noise_M.uasset" 336
"../../../../../Work/Revolt/Revolt/Content/StarterContent/Textures/T_Rock_Marble_Polished_D.uasset" 337
"../../../../../Work/Revolt/Revolt/Content/StarterContent/Materials/M_Ceramic_Tile_Checker.uasset" 338
"../../../../../Work/Revolt/Revolt/Content/Meshes/SlowTower.uasset" 339
"../../../../../Work/Revolt/Revolt/Content/Blueprints/Tower_Slow_01.uasset" 340
"../../../../../Work/Revolt/Revolt/Content/UI/Tower_selector.uasset" 341
"../../../../../Work/Revolt/Revolt/Content/Blueprints/Tiles/16x1.uasset" 342
"../../../../../Work/Revolt/Revolt/Content/UI/Game_Over.uasset" 343
"../../../../../Work/Revolt/Revolt/Content/Blueprints/End_Goal.uasset" 344
"../../../../../Work/Revolt/Revolt/Content/Blueprints/Plane46_Blueprint.uasset" 345
"../../../../../Work/Revolt/Revolt/Content/Plane102_Blueprint.uasset" 346
"../../../../../Work/Revolt/Revolt/Content/Levels/Grid_test_1_BuiltData.uasset" 347
"../../../../../Work/Revolt/Revolt/Content/StarterContent/Textures/T_Water_N.uasset" 348
"../../../../../Work/Revolt/Revolt/Content/StarterContent/Materials/M_Water_Lake.uasset" 349
"../../../Engine/Content/EngineMaterials/DefaultPhysicalMaterial.uasset" 350
"../../../../../Work/Revolt/Revolt/Content/Levels/Grid_test_1.umap" 351
"../../../../../Work/Revolt/Revolt/Content/Levels/Grid_test_2_BuiltData.uasset" 352
"../../../../../Work/Revolt/Revolt/Content/StarterContent/Textures/T_CobbleStone_Smooth_D.uasset" 353
"../../../../../Work/Revolt/Revolt/Content/StarterContent/Textures/T_CobbleStone_Smooth_M.uasset" 354
"../../../../../Work/Revolt/Revolt/Content/StarterContent/Textures/T_CobbleStone_Smooth_N.uasset" 355
"../../../../../Work/Revolt/Revolt/Content/StarterContent/Textures/T_Gradinet_01.uasset" 356
"../../../../../Work/Revolt/Revolt/Content/StarterContent/Textures/T_Rock_Smooth_Granite_D.uasset" 357
"../../../../../Work/Revolt/Revolt/Content/StarterContent/Materials/M_CobbleStone_Smooth.uasset" 358
"../../../../../Work/Revolt/Revolt/Content/StarterContent/Textures/T_Ground_Grass_D.uasset" 359
"../../../../../Work/Revolt/Revolt/Content/StarterContent/Textures/T_Ground_Grass_N.uasset" 360
"../../../../../Work/Revolt/Revolt/Content/StarterContent/Materials/M_Ground_Grass.uasset" 361
"../../../../../Work/Revolt/Revolt/Content/StarterContent/Textures/T_Metal_Copper_D.uasset" 362
"../../../../../Work/Revolt/Revolt/Content/StarterContent/Materials/M_Metal_Copper.uasset" 363
"../../../../../Work/Revolt/Revolt/Content/Levels/Grid_test_2.umap" 364
"../../../../../Work/Revolt/Revolt/Content/NewFoliageType_InstancedStaticMesh.uasset" 365
"../../../../../Work/Revolt/Revolt/Content/Levels/Grid_test_3_BuiltData.uasset" 366
"../../../../../Work/Revolt/Revolt/Content/StarterContent/Textures/T_Metal_Steel_D.uasset" 367
"../../../../../Work/Revolt/Revolt/Content/StarterContent/Textures/T_Metal_Steel_N.uasset" 368
"../../../../../Work/Revolt/Revolt/Content/StarterContent/Materials/M_Metal_Steel.uasset" 369
"../../../../../Work/Revolt/Revolt/Content/Levels/Grid_test_3.umap" 370
"../../../../../Work/Revolt/Revolt/Content/Levels/Grid_test_4_BuiltData.uasset" 371
"../../../../../Work/Revolt/Revolt/Content/StarterContent/Textures/T_Concrete_Poured_D.uasset" 372
"../../../../../Work/Revolt/Revolt/Content/StarterContent/Textures/T_Concrete_Poured_N.uasset" 373
"../../../../../Work/Revolt/Revolt/Content/StarterContent/Materials/M_Concrete_Poured.uasset" 374
"../../../../../Work/Revolt/Revolt/Content/Levels/Grid_test_4.umap" 375
"../../../../../Work/Revolt/Revolt/Content/Levels/Main_Menu_Triggers/Main_Menu_Possess.uasset" 376
"../../../../../Work/Revolt/Revolt/Content/Levels/Main_Menu_BuiltData.uasset" 377
"../../../../../Work/Revolt/Revolt/Content/Audio/Main_Menu/Main_Menu_Music_FINAL.uasset" 378
"../../../../../Work/Revolt/Revolt/Content/Levels/Main_Menu.umap" 379
"../../../../../Work/Revolt/Revolt/Content/UI/Main_Hud.uasset" 380
"../../../../../Work/Revolt/Revolt/Content/Blueprints/Spawn_Pads/spawn_Pad.uasset" 381
"../../../../../Work/Revolt/Revolt/Content/Blueprints/Main_PC_Blueprint.uasset" 382
"../../../../../Work/Revolt/Revolt/Content/Levels/Terra_BuiltData.uasset" 383
"../../../../../Work/Revolt/Revolt/Content/StarterContent/Textures/T_Rock_Slate_D.uasset" 384
"../../../../../Work/Revolt/Revolt/Content/StarterContent/Textures/T_Rock_Slate_N.uasset" 385
"../../../../../Work/Revolt/Revolt/Content/StarterContent/Materials/M_Rock_Slate.uasset" 386
"../../../../../Work/Revolt/Revolt/Content/Levels/Terra.umap" 387
"../../../../../Work/Revolt/Revolt/Content/StarterContent/Blueprints/Assets/FogBrightnessLUT.uasset" 388
"../../../../../Work/Revolt/Revolt/Content/StarterContent/Blueprints/Assets/SunlightColorLUT.uasset" 389
"../../../../../Work/Revolt/Revolt/Content/StarterContent/Blueprints/Assets/M_LightStage_Arrows.uasset" 390
"../../../Engine/Content/MapTemplates/Sky/DaylightAmbientCubemap.uasset" 391
"../../../../../Work/Revolt/Revolt/Content/StarterContent/Blueprints/Assets/M_LightStage_Skybox_Master.uasset" 392
"../../../../../Work/Revolt/Revolt/Content/StarterContent/Blueprints/Assets/M_LightStage_Skybox_Black.uasset" 393
"../../../../../Work/Revolt/Revolt/Content/StarterContent/Blueprints/Assets/M_LightStage_Skybox_HDRI.uasset" 394
"../../../Engine/Content/EditorMaterials/Thumbnails/SkySphereMaterial.uasset" 395
"../../../../../Work/Revolt/Revolt/Content/StarterContent/Blueprints/Assets/Skybox.uasset" 396
"../../../../../Work/Revolt/Revolt/Content/StarterContent/Blueprints/Assets/SM_Arrows.uasset" 397
"../../../../../Work/Revolt/Revolt/Content/StarterContent/HDRI/HDRI_Epic_Courtyard_Daylight.uasset" 398
"../../../../../Work/Revolt/Revolt/Content/StarterContent/Blueprints/BP_LightStudio.uasset" 399
"../../../../../Work/Revolt/Revolt/Content/StarterContent/Maps/Advanced_Lighting_BuiltData.uasset" 400
"../../../../../Work/Revolt/Revolt/Content/StarterContent/Materials/M_AssetPlatform.uasset" 401
"../../../Engine/Content/EditorMeshes/ColorCalibrator/M_ChromeBall.uasset" 402
"../../../Engine/Content/EditorMeshes/ColorCalibrator/M_ClearCoat.uasset" 403
"../../../Engine/Content/EditorMeshes/ColorCalibrator/M_ClearCoatBlack.uasset" 404
"../../../Engine/Content/EditorMeshes/ColorCalibrator/Color_checker.uasset" 405
"../../../Engine/Content/EditorMeshes/ColorCalibrator/M_ColorGrid.uasset" 406
"../../../Engine/Content/EditorMeshes/ColorCalibrator/M_GreyBall.uasset" 407
"../../../Engine/Content/EditorMeshes/ColorCalibrator/SM_ColorCalibrator.uasset" 408
"../../../../../Work/Revolt/Revolt/Content/StarterContent/Architecture/SM_AssetPlatform.uasset" 409
"../../../../../Work/Revolt/Revolt/Content/StarterContent/Maps/Advanced_Lighting.umap" 410
"../../../Engine/Content/EngineSky/C_Sky_Cloud_Color.uasset" 411
"../../../Engine/Content/EngineSky/C_Sky_Horizon_Color.uasset" 412
"../../../Engine/Content/EngineSky/C_Sky_Zenith_Color.uasset" 413
"../../../Engine/Content/EngineSky/T_Sky_Blue.uasset" 414
"../../../Engine/Content/EngineSky/T_Sky_Clouds_M.uasset" 415
"../../../Engine/Content/EngineSky/T_Sky_Stars.uasset" 416
"../../../Engine/Content/EngineSky/M_Sky_Panning_Clouds2.uasset" 417
"../../../Engine/Content/EngineSky/SM_SkySphere.uasset" 418
"../../../Engine/Content/EngineSky/BP_Sky_Sphere.uasset" 419
"../../../../../Work/Revolt/Revolt/Content/StarterContent/Maps/Minimal_Default_BuiltData.uasset" 420
"../../../../../Work/Revolt/Revolt/Content/StarterContent/Textures/T_Metal_Aluminum_D.uasset" 421
"../../../../../Work/Revolt/Revolt/Content/StarterContent/Materials/M_Metal_Burnished_Steel.uasset" 422
"../../../../../Work/Revolt/Revolt/Content/StarterContent/Textures/T_Statue_M.uasset" 423
"../../../../../Work/Revolt/Revolt/Content/StarterContent/Textures/T_Statue_N.uasset" 424
"../../../../../Work/Revolt/Revolt/Content/StarterContent/Props/Materials/M_StatueGlass.uasset" 425
"../../../../../Work/Revolt/Revolt/Content/StarterContent/Architecture/Floor_400x400.uasset" 426
"../../../../../Work/Revolt/Revolt/Content/StarterContent/Audio/Starter_Background_Cue.uasset" 427
"../../../../../Work/Revolt/Revolt/Content/StarterContent/Props/SM_Chair.uasset" 428
"../../../../../Work/Revolt/Revolt/Content/StarterContent/Props/Materials/M_Statue.uasset" 429
"../../../../../Work/Revolt/Revolt/Content/StarterContent/Props/SM_Statue.uasset" 430
"../../../../../Work/Revolt/Revolt/Content/StarterContent/Textures/T_TableRound_M.uasset" 431
"../../../../../Work/Revolt/Revolt/Content/StarterContent/Textures/T_TableRound_N.uasset" 432
"../../../../../Work/Revolt/Revolt/Content/StarterContent/Props/Materials/M_TableRound.uasset" 433
"../../../../../Work/Revolt/Revolt/Content/StarterContent/Props/SM_TableRound.uasset" 434
"../../../../../Work/Revolt/Revolt/Content/StarterContent/Maps/Minimal_Default.umap" 435
"../../../../../Work/Revolt/Revolt/Content/StarterContent/Audio/Fire01_Cue.uasset" 436
"../../../../../Work/Revolt/Revolt/Content/StarterContent/Textures/T_Fire_SubUV.uasset" 437
"../../../../../Work/Revolt/Revolt/Content/StarterContent/Textures/T_Fire_Tiled_D.uasset" 438
"../../../../../Work/Revolt/Revolt/Content/StarterContent/Particles/Materials/M_Fire_SubUV.uasset" 439
"../../../../../Work/Revolt/Revolt/Content/StarterContent/Particles/Materials/M_Heat_Distortion.uasset" 440
"../../../../../Work/Revolt/Revolt/Content/StarterContent/Particles/Materials/M_Radial_Gradient.uasset" 441
"../../../../../Work/Revolt/Revolt/Content/StarterContent/Particles/P_Fire.uasset" 442
"../../../../../Work/Revolt/Revolt/Content/StarterContent/Blueprints/Blueprint_Effect_Fire.uasset" 443
"../../../../../Work/Revolt/Revolt/Content/StarterContent/Audio/Smoke01_Cue.uasset" 444
"../../../../../Work/Revolt/Revolt/Content/StarterContent/Particles/P_Smoke.uasset" 445
"../../../../../Work/Revolt/Revolt/Content/StarterContent/Blueprints/Blueprint_Effect_Smoke.uasset" 446
"../../../../../Work/Revolt/Revolt/Content/StarterContent/Audio/Fire_Sparks01_Cue.uasset" 447
"../../../../../Work/Revolt/Revolt/Content/StarterContent/Textures/T_Spark_Core.uasset" 448
"../../../../../Work/Revolt/Revolt/Content/StarterContent/Particles/Materials/M_Spark.uasset" 449
"../../../../../Work/Revolt/Revolt/Content/StarterContent/Particles/P_Sparks.uasset" 450
"../../../../../Work/Revolt/Revolt/Content/StarterContent/Blueprints/Blueprint_Effect_Sparks.uasset" 451
"../../../../../Work/Revolt/Revolt/Content/StarterContent/Audio/Steam01_Cue.uasset" 452
"../../../../../Work/Revolt/Revolt/Content/StarterContent/Particles/P_Steam_Lit.uasset" 453
"../../../../../Work/Revolt/Revolt/Content/StarterContent/Blueprints/Blueprint_Effect_Steam.uasset" 454
"../../../../../Work/Revolt/Revolt/Content/StarterContent/Textures/T_Lamp_M.uasset" 455
"../../../../../Work/Revolt/Revolt/Content/StarterContent/Textures/T_Lamp_N.uasset" 456
"../../../../../Work/Revolt/Revolt/Content/StarterContent/Props/Materials/M_Lamp.uasset" 457
"../../../../../Work/Revolt/Revolt/Content/StarterContent/Props/SM_Lamp_Ceiling.uasset" 458
"../../../../../Work/Revolt/Revolt/Content/StarterContent/Blueprints/Blueprint_CeilingLight.uasset" 459
"../../../../../Work/Revolt/Revolt/Content/StarterContent/Props/SM_Lamp_Wall.uasset" 460
"../../../../../Work/Revolt/Revolt/Content/StarterContent/Blueprints/Blueprint_WallSconce.uasset" 461
"../../../../../Work/Revolt/Revolt/Content/StarterContent/Maps/StarterMap_BuiltData.uasset" 462
"../../../Engine/Content/Functions/Engine_MaterialFunctions03/Procedurals/ComputeFilterWidth.uasset" 463
"../../../Engine/Content/EngineMaterials/AntiAliasedTextMaterialTranslucent.uasset" 464
"../../../../../Work/Revolt/Revolt/Content/StarterContent/Textures/T_Brick_Clay_Beveled_D.uasset" 465
"../../../../../Work/Revolt/Revolt/Content/StarterContent/Textures/T_Brick_Clay_Beveled_M.uasset" 466
"../../../../../Work/Revolt/Revolt/Content/StarterContent/Textures/T_Brick_Clay_Beveled_N.uasset" 467
"../../../../../Work/Revolt/Revolt/Content/StarterContent/Materials/M_Brick_Clay_Beveled.uasset" 468
"../../../../../Work/Revolt/Revolt/Content/StarterContent/Textures/T_Brick_Clay_Old_D.uasset" 469
"../../../../../Work/Revolt/Revolt/Content/StarterContent/Textures/T_Brick_Clay_Old_N.uasset" 470
"../../../../../Work/Revolt/Revolt/Content/StarterContent/Materials/M_Brick_Clay_Old.uasset" 471
"../../../../../Work/Revolt/Revolt/Content/StarterContent/Textures/T_Brick_Cut_Stone_D.uasset" 472
"../../../../../Work/Revolt/Revolt/Content/StarterContent/Textures/T_Brick_Cut_Stone_N.uasset" 473
"../../../../../Work/Revolt/Revolt/Content/StarterContent/Materials/M_Brick_Cut_Stone.uasset" 474
"../../../../../Work/Revolt/Revolt/Content/StarterContent/Textures/T_Brick_Hewn_Stone_D.uasset" 475
"../../../../../Work/Revolt/Revolt/Content/StarterContent/Textures/T_Brick_Hewn_Stone_M.uasset" 476
"../../../../../Work/Revolt/Revolt/Content/StarterContent/Textures/T_Brick_Hewn_Stone_N.uasset" 477
"../../../../../Work/Revolt/Revolt/Content/StarterContent/Materials/M_Brick_Hewn_Stone.uasset" 478
"../../../../../Work/Revolt/Revolt/Content/StarterContent/Textures/T_CobbleStone_Rough_D.uasset" 479
"../../../../../Work/Revolt/Revolt/Content/StarterContent/Textures/T_CobbleStone_Rough_N.uasset" 480
"../../../../../Work/Revolt/Revolt/Content/StarterContent/Materials/M_CobbleStone_Rough.uasset" 481
"../../../../../Work/Revolt/Revolt/Content/StarterContent/Textures/T_Concrete_Grime_D.uasset" 482
"../../../../../Work/Revolt/Revolt/Content/StarterContent/Textures/T_Metal_Rust_N.uasset" 483
"../../../../../Work/Revolt/Revolt/Content/StarterContent/Materials/M_Concrete_Grime.uasset" 484
"../../../../../Work/Revolt/Revolt/Content/StarterContent/Textures/T_Concrete_Panels_D.uasset" 485
"../../../../../Work/Revolt/Revolt/Content/StarterContent/Textures/T_Concrete_Panels_N.uasset" 486
"../../../../../Work/Revolt/Revolt/Content/StarterContent/Materials/M_Concrete_Panels.uasset" 487
"../../../../../Work/Revolt/Revolt/Content/StarterContent/Textures/T_Concrete_Tiles_D.uasset" 488
"../../../../../Work/Revolt/Revolt/Content/StarterContent/Textures/T_Concrete_Tiles_M.uasset" 489
"../../../../../Work/Revolt/Revolt/Content/StarterContent/Textures/T_Concrete_Tiles_N.uasset" 490
"../../../../../Work/Revolt/Revolt/Content/StarterContent/Textures/T_Concrete_Tiles_Variation_M.uasset" 491
"../../../../../Work/Revolt/Revolt/Content/StarterContent/Materials/M_Concrete_Tiles.uasset" 492
"../../../../../Work/Revolt/Revolt/Content/StarterContent/Textures/T_Ground_Gravel_D.uasset" 493
"../../../../../Work/Revolt/Revolt/Content/StarterContent/Textures/T_Ground_Gravel_N.uasset" 494
"../../../../../Work/Revolt/Revolt/Content/StarterContent/Materials/M_Ground_Gravel.uasset" 495
"../../../../../Work/Revolt/Revolt/Content/StarterContent/Textures/T_ground_Moss_D.uasset" 496
"../../../../../Work/Revolt/Revolt/Content/StarterContent/Textures/T_Ground_Moss_N.uasset" 497
"../../../../../Work/Revolt/Revolt/Content/StarterContent/Materials/M_Ground_Moss.uasset" 498
"../../../../../Work/Revolt/Revolt/Content/StarterContent/Textures/T_Metal_Rust_D.uasset" 499
"../../../../../Work/Revolt/Revolt/Content/StarterContent/Materials/M_Metal_Rust.uasset" 500
"../../../../../Work/Revolt/Revolt/Content/StarterContent/Textures/T_Rock_Basalt_N.uasset" 501
"../../../../../Work/Revolt/Revolt/Content/StarterContent/Materials/M_Rock_Basalt.uasset" 502
"../../../../../Work/Revolt/Revolt/Content/StarterContent/Materials/M_Rock_Marble_Polished.uasset" 503
"../../../../../Work/Revolt/Revolt/Content/StarterContent/Textures/T_Rock_Sandstone_D.uasset" 504
"../../../../../Work/Revolt/Revolt/Content/StarterContent/Textures/T_Rock_Sandstone_N.uasset" 505
"../../../../../Work/Revolt/Revolt/Content/StarterContent/Materials/M_Rock_Sandstone.uasset" 506
"../../../../../Work/Revolt/Revolt/Content/StarterContent/Textures/T_Checker_Noise_M.uasset" 507
"../../../../../Work/Revolt/Revolt/Content/StarterContent/Textures/T_Single_Tile_N.uasset" 508
"../../../../../Work/Revolt/Revolt/Content/StarterContent/Textures/T_Tech_Dot_M.uasset" 509
"../../../../../Work/Revolt/Revolt/Content/StarterContent/Textures/T_Tech_Dot_N.uasset" 510
"../../../../../Work/Revolt/Revolt/Content/StarterContent/Materials/M_Tech_Checker_Dot.uasset" 511
"../../../../../Work/Revolt/Revolt/Content/StarterContent/Textures/T_Tech_Panel_M.uasset" 512
"../../../../../Work/Revolt/Revolt/Content/StarterContent/Textures/T_Tech_Panel_N.uasset" 513
"../../../../../Work/Revolt/Revolt/Content/StarterContent/Materials/M_Tech_Panel.uasset" 514
"../../../../../Work/Revolt/Revolt/Content/StarterContent/Textures/T_Water_M.uasset" 515
"../../../../../Work/Revolt/Revolt/Content/StarterContent/Materials/M_Water_Ocean.uasset" 516
"../../../../../Work/Revolt/Revolt/Content/StarterContent/Textures/T_Wood_Floor_Walnut_D.uasset" 517
"../../../../../Work/Revolt/Revolt/Content/StarterContent/Textures/T_Wood_Floor_Walnut_M.uasset" 518
"../../../../../Work/Revolt/Revolt/Content/StarterContent/Textures/T_Wood_Floor_Walnut_N.uasset" 519
"../../../../../Work/Revolt/Revolt/Content/StarterContent/Materials/M_Wood_Floor_Walnut_Polished.uasset" 520
"../../../Engine/Content/Functions/Engine_MaterialFunctions01/Opacity/AlphaOffset.uasset" 521
"../../../../../Work/Revolt/Revolt/Content/StarterContent/Materials/M_Wood_Floor_Walnut_Worn.uasset" 522
"../../../../../Work/Revolt/Revolt/Content/StarterContent/Textures/T_Wood_Oak_D.uasset" 523
"../../../../../Work/Revolt/Revolt/Content/StarterContent/Textures/T_Wood_Oak_N.uasset" 524
"../../../../../Work/Revolt/Revolt/Content/StarterContent/Materials/M_Wood_Oak.uasset" 525
"../../../../../Work/Revolt/Revolt/Content/StarterContent/Textures/T_Wood_Pine_D.uasset" 526
"../../../../../Work/Revolt/Revolt/Content/StarterContent/Textures/T_Wood_Pine_N.uasset" 527
"../../../../../Work/Revolt/Revolt/Content/StarterContent/Materials/M_Wood_Pine.uasset" 528
"../../../../../Work/Revolt/Revolt/Content/StarterContent/Textures/T_Wood_Walnut_D.uasset" 529
"../../../../../Work/Revolt/Revolt/Content/StarterContent/Textures/T_Wood_Walnut_N.uasset" 530
"../../../../../Work/Revolt/Revolt/Content/StarterContent/Materials/M_Wood_Walnut.uasset" 531
"../../../../../Work/Revolt/Revolt/Content/StarterContent/Architecture/Wall_400x200.uasset" 532
"../../../../../Work/Revolt/Revolt/Content/StarterContent/Architecture/Wall_Door_400x300.uasset" 533
"../../../../../Work/Revolt/Revolt/Content/StarterContent/Architecture/Wall_Window_400x300.uasset" 534
"../../../../../Work/Revolt/Revolt/Content/StarterContent/Audio/Collapse_Cue.uasset" 535
"../../../../../Work/Revolt/Revolt/Content/StarterContent/Audio/Starter_Music_Cue.uasset" 536
"../../../../../Work/Revolt/Revolt/Content/StarterContent/Textures/T_Dust_Particle_D.uasset" 537
"../../../../../Work/Revolt/Revolt/Content/StarterContent/Particles/Materials/M_Dust_Particle.uasset" 538
"../../../../../Work/Revolt/Revolt/Content/StarterContent/Particles/P_Ambient_Dust.uasset" 539
"../../../../../Work/Revolt/Revolt/Content/StarterContent/Props/MaterialSphere.uasset" 540
"../../../../../Work/Revolt/Revolt/Content/StarterContent/Textures/T_Frame_M.uasset" 541
"../../../../../Work/Revolt/Revolt/Content/StarterContent/Textures/T_Frame_N.uasset" 542
"../../../../../Work/Revolt/Revolt/Content/StarterContent/Props/Materials/M_Frame.uasset" 543
"../../../../../Work/Revolt/Revolt/Content/StarterContent/Props/SM_CornerFrame.uasset" 544
"../../../../../Work/Revolt/Revolt/Content/StarterContent/Props/SM_DoorFrame.uasset" 545
"../../../../../Work/Revolt/Revolt/Content/StarterContent/Props/SM_GlassWindow.uasset" 546
"../../../../../Work/Revolt/Revolt/Content/StarterContent/Props/SM_PillarFrame.uasset" 547
"../../../../../Work/Revolt/Revolt/Content/StarterContent/Props/SM_PillarFrame300.uasset" 548
"../../../../../Work/Revolt/Revolt/Content/StarterContent/Props/SM_WindowFrame.uasset" 549
"../../../../../Work/Revolt/Revolt/Content/StarterContent/Shapes/Shape_Cube.uasset" 550
"../../../../../Work/Revolt/Revolt/Content/StarterContent/Shapes/Shape_QuadPyramid.uasset" 551
"../../../../../Work/Revolt/Revolt/Content/StarterContent/Shapes/Shape_Sphere.uasset" 552
"../../../../../Work/Revolt/Revolt/Content/StarterContent/Maps/StarterMap.umap" 553
"../../../Engine/Content/Maps/Entry_BuiltData.uasset" 554
"../../../Engine/Content/Maps/Entry.umap" 555
