Log file open, 08/07/18 16:44:21
LogWindows: Failed to load 'aqProf.dll' (GetLastError=126)
LogWindows: File 'aqProf.dll' does not exist
LogWindows: Failed to load 'VSPerf140.dll' (GetLastError=126)
LogWindows: File 'VSPerf140.dll' does not exist
LogWindows: Failed to load 'VtuneApi.dll' (GetLastError=126)
LogWindows: File 'VtuneApi.dll' does not exist
LogWindows: Failed to load 'VtuneApi32e.dll' (GetLastError=126)
LogWindows: File 'VtuneApi32e.dll' does not exist
LogInit: Display: Running engine for game: ReVolt_Alpha
LogPlatformFile: Not using cached read wrapper
LogTaskGraph: Started task graph with 5 named threads and 14 total threads with 3 sets of task threads.
LogStats: Stats thread started at 0.170684
LogD3D11RHI: Loaded GFSDK_Aftermath_Lib.x64.dll
LogICUInternationalization: Display: ICU TimeZone Detection - Raw Offset: -5:00, Platform Override: ''
LogPluginManager: Mounting plugin Paper2D
LogPluginManager: Mounting plugin AISupport
LogPluginManager: Mounting plugin LightPropagationVolume
LogPluginManager: Mounting plugin CLionSourceCodeAccess
LogPluginManager: Mounting plugin CodeLiteSourceCodeAccess
LogPluginManager: Mounting plugin GitSourceControl
LogPluginManager: Mounting plugin KDevelopSourceCodeAccess
LogPluginManager: Mounting plugin NullSourceCodeAccess
LogPluginManager: Mounting plugin PerforceSourceControl
LogPluginManager: Mounting plugin SubversionSourceControl
LogPluginManager: Mounting plugin UObjectPlugin
LogPluginManager: Mounting plugin VisualStudioCodeSourceCodeAccess
LogPluginManager: Mounting plugin VisualStudioSourceCodeAccess
LogPluginManager: Mounting plugin XCodeSourceCodeAccess
LogPluginManager: Mounting plugin AssetManagerEditor
LogPluginManager: Mounting plugin CryptoKeys
LogPluginManager: Mounting plugin DataValidation
LogPluginManager: Mounting plugin FacialAnimation
LogPluginManager: Mounting plugin GameplayTagsEditor
LogPluginManager: Mounting plugin MacGraphicsSwitching
LogPluginManager: Mounting plugin MeshEditor
LogPluginManager: Mounting plugin MobileLauncherProfileWizard
LogPluginManager: Mounting plugin PluginBrowser
LogPluginManager: Mounting plugin SpeedTreeImporter
LogPluginManager: Mounting plugin DatasmithContent
LogPluginManager: Mounting plugin AlembicImporter
LogPluginManager: Mounting plugin AppleImageUtils
LogPluginManager: Mounting plugin AppleVision
LogPluginManager: Mounting plugin BackChannel
LogPluginManager: Mounting plugin CharacterAI
LogPluginManager: Mounting plugin GeometryCache
LogPluginManager: Mounting plugin HTML5Networking
LogPluginManager: Mounting plugin ProxyLODPlugin
LogPluginManager: Mounting plugin MagicLeap
LogPluginManager: Mounting plugin MagicLeapEmulator
LogPluginManager: Mounting plugin MagicLeapMedia
LogPluginManager: Mounting plugin AndroidMedia
LogPluginManager: Mounting plugin AvfMedia
LogPluginManager: Mounting plugin ImgMedia
LogPluginManager: Mounting plugin LinearTimecode
LogPluginManager: Mounting plugin MediaCompositing
LogPluginManager: Mounting plugin MediaPlayerEditor
LogPluginManager: Mounting plugin WmfMedia
LogPluginManager: Mounting plugin TcpMessaging
LogPluginManager: Mounting plugin UdpMessaging
LogPluginManager: Mounting plugin ActorSequence
LogPluginManager: Mounting plugin LevelSequenceEditor
LogPluginManager: Mounting plugin MatineeToLevelSequence
LogPluginManager: Mounting plugin NetcodeUnitTest
LogPluginManager: Mounting plugin NUTUnrealEngine4
LogPluginManager: Mounting plugin OnlineSubsystemGooglePlay
LogPluginManager: Mounting plugin OnlineSubsystemIOS
LogPluginManager: Mounting plugin OnlineSubsystem
LogPluginManager: Mounting plugin OnlineSubsystemNull
LogPluginManager: Mounting plugin OnlineSubsystemUtils
LogPluginManager: Mounting plugin LauncherChunkInstaller
LogPluginManager: Mounting plugin AndroidDeviceProfileSelector
LogPluginManager: Mounting plugin AndroidMoviePlayer
LogPluginManager: Mounting plugin AndroidPermission
LogPluginManager: Mounting plugin AppleMoviePlayer
LogPluginManager: Mounting plugin ArchVisCharacter
LogPluginManager: Mounting plugin AudioCapture
LogPluginManager: Mounting plugin CableComponent
LogPluginManager: Mounting plugin CustomMeshComponent
LogPluginManager: Mounting plugin EditableMesh
LogPluginManager: Mounting plugin ExampleDeviceProfileSelector
LogPluginManager: Mounting plugin GoogleCloudMessaging
LogPluginManager: Mounting plugin ImmediatePhysics
LogPluginManager: Mounting plugin IOSDeviceProfileSelector
LogPluginManager: Mounting plugin LinuxDeviceProfileSelector
LogPluginManager: Mounting plugin LocationServicesBPLibrary
LogPluginManager: Mounting plugin MobilePatchingUtils
LogPluginManager: Mounting plugin OculusVR
LogPluginManager: Plugin shader directory ../../../Engine/Plugins/Runtime/Oculus/OculusVR/Shaders found
LogPluginManager: Mapping shader source directory ../../../Engine/Plugins/Runtime/Oculus/OculusVR/Shaders to virtual directory /Plugin/OculusVR
LogPluginManager: Mounting plugin PhysXVehicles
LogPluginManager: Mounting plugin ProceduralMeshComponent
LogPluginManager: Mounting plugin RuntimePhysXCooking
LogPluginManager: Mounting plugin SteamVR
LogPluginManager: Mounting plugin WindowsMoviePlayer
LogStreaming: Display: Took  0.034s to configure plugins.
LogInit: Using libcurl 7.55.1-DEV
LogInit:  - built for x86_64-pc-win32
LogInit:  - supports SSL with OpenSSL/1.0.2h
LogInit:  - supports HTTP deflate (compression) using libz 1.2.8
LogInit:  - other features:
LogInit:      CURL_VERSION_SSL
LogInit:      CURL_VERSION_LIBZ
LogInit:      CURL_VERSION_IPV6
LogInit:      CURL_VERSION_ASYNCHDNS
LogInit:      CURL_VERSION_LARGEFILE
LogInit:      CURL_VERSION_IDN
LogInit:  CurlRequestOptions (configurable via config and command line):
LogInit:  - bVerifyPeer = false  - Libcurl will NOT verify peer certificate
LogInit:  - bUseHttpProxy = false  - Libcurl will NOT use HTTP proxy
LogInit:  - bDontReuseConnections = false  - Libcurl will reuse connections
LogInit:  - CertBundlePath = nullptr  - Libcurl will use whatever was configured at build time.
LogInit:  - MaxHostConnections = 16  - Libcurl will limit the number of connections to a host
LogInit:  - LocalHostAddr = Default
LogInit:  - BufferSize = 65536
LogInit: WinSock: version 1.1 (2.2), MaxSocks=32767, MaxUdp=65467
LogInit: Build: ++UE4+Release-4.20-CL-4233996
LogInit: Engine Version: 4.20.1-4233996+++UE4+Release-4.20
LogInit: Compatible Engine Version: 4.20.0-4212847+++UE4+Release-4.20
LogInit: Net CL: 4212847
LogInit: OS: Windows 10 (), CPU: Intel(R) Core(TM) i5-7500 CPU @ 3.40GHz, GPU: Radeon RX 580 Series
LogInit: Compiled (64-bit): Jul 26 2018 10:07:30
LogInit: Compiled with Visual C++: 19.13.26129.00
LogInit: Build Configuration: Development
LogInit: Branch Name: ++UE4+Release-4.20
LogInit: Command Line:  /Game/Levels/Grid_test_3 -game -PIEVIACONSOLE -ResX=1280 -ResY=720  -Multiprocess -messaging -SessionName="Play in Standalone Game" -windowed 
LogInit: Base Directory: D:/Unreal Engine/UE_4.20/Engine/Binaries/Win64/
LogInit: Installed Engine Build: 1
LogDevObjectVersion: Number of dev versions registered: 20
LogDevObjectVersion:   Dev-Blueprints (B0D832E4-1F89-4F0D-ACCF-7EB736FD4AA2): 10
LogDevObjectVersion:   Dev-Build (E1C64328-A22C-4D53-A36C-8E866417BD8C): 0
LogDevObjectVersion:   Dev-Core (375EC13C-06E4-48FB-B500-84F0262A717E): 2
LogDevObjectVersion:   Dev-Editor (E4B068ED-F494-42E9-A231-DA0B2E46BB41): 24
LogDevObjectVersion:   Dev-Framework (CFFC743F-43B0-4480-9391-14DF171D2073): 34
LogDevObjectVersion:   Dev-Mobile (B02B49B5-BB20-44E9-A304-32B752E40360): 2
LogDevObjectVersion:   Dev-Networking (A4E4105C-59A1-49B5-A7C5-40C4547EDFEE): 0
LogDevObjectVersion:   Dev-Online (39C831C9-5AE6-47DC-9A44-9C173E1C8E7C): 0
LogDevObjectVersion:   Dev-Physics (78F01B33-EBEA-4F98-B9B4-84EACCB95AA2): 0
LogDevObjectVersion:   Dev-Platform (6631380F-2D4D-43E0-8009-CF276956A95A): 0
LogDevObjectVersion:   Dev-Rendering (12F88B9F-8875-4AFC-A67C-D90C383ABD29): 26
LogDevObjectVersion:   Dev-Sequencer (7B5AE74C-D270-4C10-A958-57980B212A5A): 9
LogDevObjectVersion:   Dev-VR (D7296918-1DD6-4BDD-9DE2-64A83CC13884): 2
LogDevObjectVersion:   Dev-LoadTimes (C2A15278-BFE7-4AFE-6C17-90FF531DF755): 1
LogDevObjectVersion:   Private-Geometry (6EACA3D4-40EC-4CC1-B786-8BED09428FC5): 3
LogDevObjectVersion:   Dev-AnimPhys (29E575DD-E0A3-4627-9D10-D276232CDCEA): 17
LogDevObjectVersion:   Dev-ReflectionCapture (6B266CEC-1EC7-4B8F-A30B-E4D90942FC07): 1
LogDevObjectVersion:   Dev-Automation (0DF73D61-A23F-47EA-B727-89E90C41499A): 1
LogDevObjectVersion:   FortniteMain (601D1886-AC64-4F84-AA16-D3DE0DEAC7D6): 12
LogDevObjectVersion:   Dev-Enterprise (9DFFBCD6-494F-0158-E221-12823C92A888): 1
LogStreaming: Display: Took  0.001s to delete old logs.
LogInit: Presizing for max 8388607 objects, including 0 objects not considered by GC, pre-allocating 0 bytes for permanent pool.
LogInit: Object subsystem initialized
[2018.08.07-20.44.21:214][  0]LogInit: Selected Device Profile: [Windows]
[2018.08.07-20.44.21:214][  0]LogInit: Applying CVar settings loaded from the selected device profile: [Windows]
[2018.08.07-20.44.21:217][  0]LogHAL: Display: Platform has ~ 16 GB [17137856512 / 17179869184 / 16], which maps to Larger [LargestMinGB=32, LargerMinGB=12, DefaultMinGB=8, SmallerMinGB=6, SmallestMinGB=0)
[2018.08.07-20.44.21:217][  0]LogInit: Setting Device Profile CVar: [[r.Vulkan.UseRealUBs:1]]
[2018.08.07-20.44.21:217][  0]LogInit: Going up to parent DeviceProfile []
[2018.08.07-20.44.21:217][  0]LogInit: Computer: DESKTOP-V0LAG3E
[2018.08.07-20.44.21:217][  0]LogInit: User: ElijahBush
[2018.08.07-20.44.21:217][  0]LogInit: CPU Page size=4096, Cores=4
[2018.08.07-20.44.21:217][  0]LogInit: High frequency timer resolution =3.328129 MHz
[2018.08.07-20.44.21:218][  0]LogMemory: Memory total: Physical=16.0GB (16GB approx)
[2018.08.07-20.44.21:218][  0]LogMemory: Platform Memory Stats for Windows
[2018.08.07-20.44.21:218][  0]LogMemory: Process Physical Memory: 100.53 MB used, 100.53 MB peak
[2018.08.07-20.44.21:218][  0]LogMemory: Process Virtual Memory: 92.25 MB used, 92.25 MB peak
[2018.08.07-20.44.21:218][  0]LogMemory: Physical Memory: 7132.61 MB used,  9211.32 MB free, 16343.93 MB total
[2018.08.07-20.44.21:218][  0]LogMemory: Virtual Memory: 4612.96 MB used,  9211.32 MB free, 134217728.00 MB total
[2018.08.07-20.44.21:231][  0]LogInit: Using OS detected language (en-US).
[2018.08.07-20.44.21:231][  0]LogInit: Using OS detected locale (en-US).
[2018.08.07-20.44.21:232][  0]LogTextLocalizationManager: No specific localization for 'en-US' exists, so the 'en' localization will be used.
[2018.08.07-20.44.21:552][  0]LogStreaming: Display: Took  0.321s to InitEngineTextLocalization.
[2018.08.07-20.44.21:569][  0]LogSlate: New Slate User Created.  User Index 0, Is Virtual User: 0
[2018.08.07-20.44.21:569][  0]LogSlate: Slate User Registered.  User Index 0, Is Virtual User: 0
[2018.08.07-20.44.21:573][  0]LogHMD: Failed to initialize OpenVR with code 110
[2018.08.07-20.44.21:573][  0]LogD3D11RHI: D3D11 adapters:
[2018.08.07-20.44.21:595][  0]LogD3D11RHI:    0. 'Radeon RX 580 Series' (Feature Level 11_0)
[2018.08.07-20.44.21:595][  0]LogD3D11RHI:       8137/0/8171 MB DedicatedVideo/DedicatedSystem/SharedSystem, Outputs:1, VendorId:0x1002
[2018.08.07-20.44.21:597][  0]LogD3D11RHI:    1. 'Microsoft Basic Render Driver' (Feature Level 11_0)
[2018.08.07-20.44.21:597][  0]LogD3D11RHI:       0/0/8171 MB DedicatedVideo/DedicatedSystem/SharedSystem, Outputs:0, VendorId:0x1414
[2018.08.07-20.44.21:597][  0]LogD3D11RHI: Chosen D3D11 Adapter: 0
[2018.08.07-20.44.21:604][  0]LogD3D11RHI: Creating new Direct3DDevice
[2018.08.07-20.44.21:604][  0]LogD3D11RHI:     GPU DeviceId: 0x67df (for the marketing name, search the web for "GPU Device Id")
[2018.08.07-20.44.21:604][  0]LogWindows: EnumDisplayDevices:
[2018.08.07-20.44.21:604][  0]LogWindows:    0. 'Radeon RX 580 Series' (P:1 D:1)
[2018.08.07-20.44.21:604][  0]LogWindows:    1. 'Radeon RX 580 Series' (P:0 D:0)
[2018.08.07-20.44.21:605][  0]LogWindows:    2. 'Radeon RX 580 Series' (P:0 D:0)
[2018.08.07-20.44.21:605][  0]LogWindows:    3. 'Radeon RX 580 Series' (P:0 D:0)
[2018.08.07-20.44.21:605][  0]LogWindows:    4. 'Radeon RX 580 Series' (P:0 D:0)
[2018.08.07-20.44.21:605][  0]LogWindows:    5. 'Radeon RX 580 Series' (P:0 D:0)
[2018.08.07-20.44.21:606][  0]LogWindows:    6. 'Radeon RX 580 Series' (P:0 D:0)
[2018.08.07-20.44.21:606][  0]LogWindows: DebugString: FoundDriverCount:7 
[2018.08.07-20.44.21:606][  0]LogD3D11RHI:     Adapter Name: Radeon RX 580 Series
[2018.08.07-20.44.21:606][  0]LogD3D11RHI:   Driver Version: Adrenalin 18.7.1 (internal:24.20.12019.1010, unified:24.20.12019.1010)
[2018.08.07-20.44.21:606][  0]LogD3D11RHI:      Driver Date: 7-11-2018
[2018.08.07-20.44.21:606][  0]LogRHI: Texture pool is 5695 MB (70% of 8137 MB)
[2018.08.07-20.44.21:655][  0]LogD3D11RHI: Async texture creation enabled
[2018.08.07-20.44.21:665][  0]LogD3D11RHI: GPU Timing Frequency: 25.000000 (Debug: 2 1)
[2018.08.07-20.44.21:667][  0]LogShaderCompilers: Guid format shader working directory is 19 characters bigger than the processId version (../../../../../Work/Revolt/Revolt/Intermediate/Shaders/WorkingDirectory/8588/).
[2018.08.07-20.44.21:667][  0]LogShaderCompilers: Cleaned the shader compiler working directory 'C:/Users/Elijah Bush/AppData/Local/Temp/UnrealShaderWorkingDir/050C9AFB4C0764CAE0C327A85781395F/'.
[2018.08.07-20.44.21:913][  0]LogTemp: Display: Loaded TP WindowsClientTargetPlatform
[2018.08.07-20.44.21:925][  0]LogTemp: Display: Loaded TP WindowsNoEditorTargetPlatform
[2018.08.07-20.44.21:937][  0]LogTemp: Display: Loaded TP WindowsServerTargetPlatform
[2018.08.07-20.44.21:950][  0]LogTemp: Display: Loaded TP WindowsTargetPlatform
[2018.08.07-20.44.21:950][  0]LogTargetPlatformManager: Display: Building Assets For Windows
[2018.08.07-20.44.21:997][  0]LogXGEController: Cannot use XGE Controller as Incredibuild is not installed on this machine.
[2018.08.07-20.44.21:997][  0]LogShaderCompilers: Cannot use XGE Shader Compiler as Incredibuild is not installed on this machine.
[2018.08.07-20.44.21:997][  0]LogShaderCompilers: Display: Using Local Shader Compiler.
[2018.08.07-20.44.22:616][  0]LogDerivedDataCache: Display: Max Cache Size: 512 MB
[2018.08.07-20.44.22:658][  0]LogDerivedDataCache: Loaded boot cache 0.04s 71MB C:/Users/Elijah Bush/AppData/Local/UnrealEngine/4.20/DerivedDataCache/Boot.ddc.
[2018.08.07-20.44.22:659][  0]LogDerivedDataCache: Display: Loaded Boot cache: C:/Users/Elijah Bush/AppData/Local/UnrealEngine/4.20/DerivedDataCache/Boot.ddc
[2018.08.07-20.44.22:659][  0]LogDerivedDataCache: FDerivedDataBackendGraph:  Pak pak cache file ../../../../../Work/Revolt/Revolt/DerivedDataCache/DDC.ddp not found, will not use a pak cache.
[2018.08.07-20.44.22:659][  0]LogDerivedDataCache: Unable to find inner node Pak for hierarchical cache Hierarchy.
[2018.08.07-20.44.22:659][  0]LogDerivedDataCache: FDerivedDataBackendGraph:  CompressedPak pak cache file ../../../../../Work/Revolt/Revolt/DerivedDataCache/Compressed.ddp not found, will not use a pak cache.
[2018.08.07-20.44.22:659][  0]LogDerivedDataCache: Unable to find inner node CompressedPak for hierarchical cache Hierarchy.
[2018.08.07-20.44.22:671][  0]LogDerivedDataCache: Display: Pak cache opened for reading ../../../Engine/DerivedDataCache/Compressed.ddp.
[2018.08.07-20.44.22:684][  0]LogDerivedDataCache: Using Local data cache path C:/Users/Elijah Bush/AppData/Local/UnrealEngine/Common/DerivedDataCache: Writable
[2018.08.07-20.44.22:684][  0]LogDerivedDataCache: Shared data cache path not found in *engine.ini, will not use an Shared cache.
[2018.08.07-20.44.22:684][  0]LogDerivedDataCache: Unable to find inner node Shared for hierarchical cache Hierarchy.
[2018.08.07-20.44.22:701][  0]LogMaterial: Verifying Global Shaders for PCD3D_SM5
[2018.08.07-20.44.22:702][  0]LogSlate: Using FreeType 2.6.0
[2018.08.07-20.44.22:703][  0]LogSlate: SlateFontServices - WITH_FREETYPE: 1, WITH_HARFBUZZ: 1
[2018.08.07-20.44.22:743][  0]LogInit: Using OS detected language (en-US).
[2018.08.07-20.44.22:743][  0]LogInit: Using OS detected locale (en-US).
[2018.08.07-20.44.22:743][  0]LogTextLocalizationManager: No localization for 'en-US' exists, so 'en' will be used for the language.
[2018.08.07-20.44.22:744][  0]LogTextLocalizationManager: No localization for 'en-US' exists, so 'en' will be used for the locale.
[2018.08.07-20.44.22:997][  0]LogStreaming: Display: Took  0.254s to InitGameTextLocalization.
[2018.08.07-20.44.23:003][  0]LogAssetRegistry: FAssetRegistry took 0.0038 seconds to start up
[2018.08.07-20.44.23:174][  0]LogPackageLocalizationCache: Processed 11 localized package path(s) for 1 prioritized culture(s) in 0.012167 seconds
[2018.08.07-20.44.23:262][  0]LogInit: Selected Device Profile: [Windows]
[2018.08.07-20.44.23:366][  0]LogSimplygon: Simplygon DLL not present - disabling.
[2018.08.07-20.44.23:369][  0]LogMeshReduction: Using SimplygonSwarm for distributed automatic mesh merging
[2018.08.07-20.44.23:369][  0]LogMeshReduction: Using ProxyLODMeshReduction for automatic mesh merging
[2018.08.07-20.44.23:369][  0]LogMeshReduction: Using QuadricMeshReduction for automatic static mesh reduction
[2018.08.07-20.44.23:369][  0]LogMeshReduction: No automatic skeletal mesh reduction module available
[2018.08.07-20.44.23:381][  0]LogNetVersion: ReVolt_Alpha 1.0.0, NetCL: 4212847, EngineNetVer: 5, GameNetVer: 0 (Checksum: 1661755283)
[2018.08.07-20.44.23:802][  0]LogMoviePlayer: Initializing movie player
[2018.08.07-20.44.23:948][  0]LogTcpMessaging: Initializing TcpMessaging bridge
[2018.08.07-20.44.23:960][  0]LogUdpMessaging: Initializing bridge on interface 0.0.0.0:0 to multicast group 230.0.0.1:6666.
[2018.08.07-20.44.24:041][  0]SourceControl: Source control is disabled
[2018.08.07-20.44.24:041][  0]SourceControl: Source control is disabled
[2018.08.07-20.44.24:042][  0]SourceControl: Source control is disabled
[2018.08.07-20.44.24:163][  0]LogAndroidPermission: UAndroidPermissionCallbackProxy::GetInstance
[2018.08.07-20.44.24:261][  0]LogOcInput: OculusInput pre-init called
[2018.08.07-20.44.24:269][  0]LogUObjectArray: 42168 objects as part of root set at end of initial load.
[2018.08.07-20.44.24:269][  0]LogUObjectAllocator: 7432344 out of 0 bytes used by permanent object pool.
[2018.08.07-20.44.24:269][  0]LogUObjectArray: CloseDisregardForGC: 0/0 objects in disregard for GC pool
[2018.08.07-20.44.24:321][  0]LogEngine: Initializing Engine...
[2018.08.07-20.44.24:322][  0]LogHMD: Failed to initialize OpenVR with code 110
[2018.08.07-20.44.24:335][  0]LogStats: UGameplayTagsManager::ConstructGameplayTagTree: ImportINI prefixes -  0.000 s
[2018.08.07-20.44.24:335][  0]LogStats: UGameplayTagsManager::ConstructGameplayTagTree: Construct from data asset -  0.000 s
[2018.08.07-20.44.24:335][  0]LogStats: UGameplayTagsManager::ConstructGameplayTagTree: ImportINI -  0.000 s
[2018.08.07-20.44.24:335][  0]LogStats: UGameplayTagsManager::ConstructGameplayTagTree: GameplayTagTreeChangedEvent.Broadcast -  0.000 s
[2018.08.07-20.44.24:492][  0]LogInit: Initializing FReadOnlyCVARCache
[2018.08.07-20.44.24:523][  0]LogInit: XAudio2 using 'Speakers (3- USB Audio Device)' : 2 channels at 48 kHz using 16 bits per sample (channel mask 0x3)
[2018.08.07-20.44.24:539][  0]LogInit: FAudioDevice initialized.
[2018.08.07-20.44.24:550][  0]LogNetVersion: Set ProjectVersion to 0.0.1. Version Checksum will be recalculated on next use.
[2018.08.07-20.44.24:550][  0]LogInit: Texture streaming: Enabled
[2018.08.07-20.44.24:677][  0]LogSlate: Updating window title bar state: overlay mode, drag disabled, window buttons hidden, title bar hidden
[2018.08.07-20.44.24:677][  0]LogInit: Display: Game Engine Initialized.
[2018.08.07-20.44.24:677][  0]LogGameplayTags: Display: UGameplayTagsManager::DoneAddingNativeTags. DelegateIsBound: 0
[2018.08.07-20.44.24:677][  0]LogStats: UGameplayTagsManager::ConstructGameplayTagTree: ImportINI prefixes -  0.000 s
[2018.08.07-20.44.24:677][  0]LogStats: UGameplayTagsManager::ConstructGameplayTagTree: Construct from data asset -  0.000 s
[2018.08.07-20.44.24:677][  0]LogStats: UGameplayTagsManager::ConstructGameplayTagTree: ImportINI -  0.000 s
[2018.08.07-20.44.24:677][  0]LogStats: UGameplayTagsManager::ConstructGameplayTagTree: GameplayTagTreeChangedEvent.Broadcast -  0.000 s
[2018.08.07-20.44.24:689][  0]LogInit: Display: Starting Game.
[2018.08.07-20.44.24:689][  0]LogNet: Browse: /Game/Levels/Grid_test_3?Name=Player
[2018.08.07-20.44.24:689][  0]LogLoad: LoadMap: /Game/Levels/Grid_test_3?Name=Player
[2018.08.07-20.44.25:495][  0]LogAIModule: Creating AISystem for world Grid_test_3
[2018.08.07-20.44.25:498][  0]LogLoad: Game class is 'ReVolt_TD_Gamemode_C'
[2018.08.07-20.44.25:558][  0]LogWorld: Bringing World /Game/Levels/Grid_test_3.Grid_test_3 up for play (max tick rate 0) at 2018.08.07-16.44.25
[2018.08.07-20.44.25:559][  0]LogWorld: Bringing up level for play took: 0.060258
[2018.08.07-20.44.25:559][  0]LogGameMode: FindPlayerStart: PATHS NOT DEFINED or NO PLAYERSTART with positive rating
[2018.08.07-20.44.25:564][  0]LogLoad: Took 0.874504 seconds to LoadMap(/Game/Levels/Grid_test_3)
[2018.08.07-20.44.25:623][  0]LogRenderer: Reallocating scene render targets to support 1280x720 Format 10 NumSamples 1 (Frame:1).
[2018.08.07-20.44.25:623][  0]LogLoad: (Engine Initialization) Total time: 5.58 seconds
[2018.08.07-20.44.25:623][  0]LogLoad: (Engine Initialization) Total Blueprint compile time: 0.00 seconds
[2018.08.07-20.44.25:678][  0]LogContentStreaming: Texture pool size now 3000 MB
[2018.08.07-20.44.26:938][ 78]LogSlate: FSceneViewport::OnFocusLost() reason 0
[2018.08.07-20.44.27:017][ 83]LogSlate: Updating window title bar state: overlay mode, drag disabled, window buttons hidden, title bar hidden
[2018.08.07-20.44.30:304][286]LogBlueprintUserMessages: [Basic_Enemy_1_C_0] 100.5
[2018.08.07-20.44.32:918][448]LogBlueprintUserMessages: [Basic_Enemy_1_C_1] 101.0
[2018.08.07-20.44.35:531][610]LogBlueprintUserMessages: [Basic_Enemy_1_C_2] 101.5
[2018.08.07-20.44.38:144][772]LogBlueprintUserMessages: [Basic_Enemy_1_C_3] 102.0
[2018.08.07-20.44.40:759][934]LogBlueprintUserMessages: [Basic_Enemy_1_C_4] 102.5
[2018.08.07-20.44.43:371][ 96]LogBlueprintUserMessages: [Basic_Enemy_1_C_5] 103.0
[2018.08.07-20.44.45:984][258]LogBlueprintUserMessages: [Basic_Enemy_1_C_6] 103.5
[2018.08.07-20.44.48:598][420]LogBlueprintUserMessages: [Basic_Enemy_1_C_7] 104.0
[2018.08.07-20.44.51:212][582]LogBlueprintUserMessages: [Basic_Enemy_1_C_8] 104.5
[2018.08.07-20.44.53:826][744]LogBlueprintUserMessages: [Basic_Enemy_1_C_9] 105.0
[2018.08.07-20.44.56:439][906]LogBlueprintUserMessages: [Basic_Enemy_1_C_10] 105.5
[2018.08.07-20.44.59:051][ 68]LogBlueprintUserMessages: [Basic_Enemy_1_C_11] 106.0
[2018.08.07-20.45.01:665][227]LogBlueprintUserMessages: [Basic_Enemy_1_C_12] 106.5
[2018.08.07-20.45.04:278][389]LogBlueprintUserMessages: [Basic_Enemy_1_C_13] 107.0
[2018.08.07-20.45.06:891][551]LogBlueprintUserMessages: [Basic_Enemy_1_C_14] 107.5
[2018.08.07-20.45.09:505][713]LogBlueprintUserMessages: [Basic_Enemy_1_C_15] 108.0
[2018.08.07-20.45.12:105][873]LogBlueprintUserMessages: [Basic_Enemy_1_C_16] 108.5
[2018.08.07-20.45.14:719][ 35]LogBlueprintUserMessages: [Basic_Enemy_1_C_17] 109.0
[2018.08.07-20.45.17:332][197]LogBlueprintUserMessages: [Basic_Enemy_1_C_18] 109.5
[2018.08.07-20.45.19:946][359]LogBlueprintUserMessages: [Basic_Enemy_1_C_19] 110.0
[2018.08.07-20.45.22:548][520]LogBlueprintUserMessages: [Basic_Enemy_1_C_20] 110.5
[2018.08.07-20.45.25:149][681]LogBlueprintUserMessages: [Basic_Enemy_1_C_21] 111.0
[2018.08.07-20.45.27:762][841]LogBlueprintUserMessages: [Basic_Enemy_1_C_22] 111.5
[2018.08.07-20.45.30:375][  3]LogBlueprintUserMessages: [Basic_Enemy_1_C_23] 112.0
[2018.08.07-20.45.32:988][165]LogBlueprintUserMessages: [Basic_Enemy_1_C_24] 112.5
[2018.08.07-20.45.35:602][327]LogBlueprintUserMessages: [Basic_Enemy_1_C_25] 113.0
[2018.08.07-20.45.38:202][488]LogBlueprintUserMessages: [Basic_Enemy_1_C_26] 113.5
[2018.08.07-20.45.40:815][650]LogBlueprintUserMessages: [Basic_Enemy_1_C_27] 114.0
[2018.08.07-20.45.43:434][812]LogBlueprintUserMessages: [Basic_Enemy_1_C_28] 114.5
[2018.08.07-20.45.46:042][972]LogBlueprintUserMessages: [Basic_Enemy_1_C_29] 115.0
[2018.08.07-20.45.48:650][133]LogBlueprintUserMessages: [Basic_Enemy_1_C_30] 115.5
[2018.08.07-20.45.51:263][295]LogBlueprintUserMessages: [Basic_Enemy_1_C_31] 116.0
[2018.08.07-20.45.53:879][457]LogBlueprintUserMessages: [Basic_Enemy_1_C_32] 116.5
[2018.08.07-20.45.56:489][618]LogBlueprintUserMessages: [Basic_Enemy_1_C_33] 117.0
[2018.08.07-20.45.59:103][780]LogBlueprintUserMessages: [Basic_Enemy_1_C_34] 117.5
[2018.08.07-20.46.01:716][942]LogBlueprintUserMessages: [Basic_Enemy_1_C_35] 118.0
[2018.08.07-20.46.04:329][104]LogBlueprintUserMessages: [Basic_Enemy_1_C_36] 118.5
[2018.08.07-20.46.06:942][266]LogBlueprintUserMessages: [Basic_Enemy_1_C_37] 119.0
[2018.08.07-20.46.09:555][428]LogBlueprintUserMessages: [Basic_Enemy_1_C_38] 119.5
[2018.08.07-20.46.12:168][590]LogBlueprintUserMessages: [Basic_Enemy_1_C_39] 120.0
[2018.08.07-20.46.14:781][752]LogBlueprintUserMessages: [Basic_Enemy_1_C_40] 120.5
[2018.08.07-20.46.17:395][914]LogBlueprintUserMessages: [Basic_Enemy_1_C_41] 121.0
[2018.08.07-20.46.20:008][ 76]LogBlueprintUserMessages: [Basic_Enemy_1_C_42] 121.5
[2018.08.07-20.46.22:620][238]LogBlueprintUserMessages: [Basic_Enemy_1_C_43] 122.0
[2018.08.07-20.46.25:234][400]LogBlueprintUserMessages: [Basic_Enemy_1_C_44] 122.5
[2018.08.07-20.46.27:846][562]LogBlueprintUserMessages: [Basic_Enemy_1_C_45] 123.0
[2018.08.07-20.46.30:450][723]LogBlueprintUserMessages: [Basic_Enemy_1_C_46] 123.5
[2018.08.07-20.46.33:063][885]LogBlueprintUserMessages: [Basic_Enemy_1_C_47] 124.0
[2018.08.07-20.46.35:676][ 47]LogBlueprintUserMessages: [Basic_Enemy_1_C_48] 124.5
[2018.08.07-20.46.38:291][209]LogBlueprintUserMessages: [Basic_Enemy_1_C_49] 125.0
[2018.08.07-20.46.40:905][371]LogBlueprintUserMessages: [Basic_Enemy_1_C_50] 125.5
[2018.08.07-20.46.43:518][533]LogBlueprintUserMessages: [Basic_Enemy_1_C_51] 126.0
[2018.08.07-20.46.46:130][695]LogBlueprintUserMessages: [Basic_Enemy_1_C_52] 126.5
[2018.08.07-20.46.48:744][857]LogBlueprintUserMessages: [Basic_Enemy_1_C_53] 127.0
[2018.08.07-20.46.51:357][ 19]LogBlueprintUserMessages: [Basic_Enemy_1_C_54] 127.5
[2018.08.07-20.46.53:970][181]LogBlueprintUserMessages: [Basic_Enemy_1_C_55] 128.0
[2018.08.07-20.46.56:583][343]LogBlueprintUserMessages: [Basic_Enemy_1_C_56] 128.5
[2018.08.07-20.46.59:196][505]LogBlueprintUserMessages: [Basic_Enemy_1_C_57] 129.0
[2018.08.07-20.47.01:810][667]LogBlueprintUserMessages: [Basic_Enemy_1_C_58] 129.5
[2018.08.07-20.47.04:423][829]LogBlueprintUserMessages: [Basic_Enemy_1_C_59] 130.0
[2018.08.07-20.47.07:036][991]LogBlueprintUserMessages: [Basic_Enemy_1_C_60] 130.5
[2018.08.07-20.47.09:650][153]LogBlueprintUserMessages: [Basic_Enemy_1_C_61] 131.0
[2018.08.07-20.47.12:264][315]LogBlueprintUserMessages: [Basic_Enemy_1_C_62] 131.5
[2018.08.07-20.47.14:876][477]LogBlueprintUserMessages: [Basic_Enemy_1_C_63] 132.0
[2018.08.07-20.47.17:490][639]LogBlueprintUserMessages: [Basic_Enemy_1_C_64] 132.5
[2018.08.07-20.47.20:102][801]LogBlueprintUserMessages: [Basic_Enemy_1_C_65] 133.0
[2018.08.07-20.47.22:715][963]LogBlueprintUserMessages: [Basic_Enemy_1_C_66] 133.5
[2018.08.07-20.47.25:329][125]LogBlueprintUserMessages: [Basic_Enemy_1_C_67] 134.0
[2018.08.07-20.47.27:942][287]LogBlueprintUserMessages: [Basic_Enemy_1_C_68] 134.5
[2018.08.07-20.47.30:543][448]LogBlueprintUserMessages: [Basic_Enemy_1_C_69] 135.0
[2018.08.07-20.47.33:156][610]LogBlueprintUserMessages: [Basic_Enemy_1_C_70] 135.5
[2018.08.07-20.47.35:770][772]LogBlueprintUserMessages: [Basic_Enemy_1_C_71] 136.0
[2018.08.07-20.47.38:383][934]LogBlueprintUserMessages: [Basic_Enemy_1_C_72] 136.5
[2018.08.07-20.47.40:995][ 96]LogBlueprintUserMessages: [Basic_Enemy_1_C_73] 137.0
[2018.08.07-20.47.43:609][258]LogBlueprintUserMessages: [Basic_Enemy_1_C_74] 137.5
[2018.08.07-20.47.46:222][420]LogBlueprintUserMessages: [Basic_Enemy_1_C_75] 138.0
[2018.08.07-20.47.48:831][581]LogBlueprintUserMessages: [Basic_Enemy_1_C_76] 138.5
[2018.08.07-20.47.51:440][742]LogBlueprintUserMessages: [Basic_Enemy_1_C_77] 139.0
[2018.08.07-20.47.54:058][904]LogBlueprintUserMessages: [Basic_Enemy_1_C_78] 139.5
[2018.08.07-20.47.56:659][ 65]LogBlueprintUserMessages: [Basic_Enemy_1_C_79] 140.0
[2018.08.07-20.47.58:773][196]LogBlueprintUserMessages: [Basic_Enemy_1_C_80] 141.899994
[2018.08.07-20.47.59:273][227]LogBlueprintUserMessages: [Basic_Enemy_1_C_81] 141.899994
[2018.08.07-20.48.00:866][325]LogBlueprintUserMessages: [Basic_Enemy_1_C_82] 143.299988
[2018.08.07-20.48.01:882][388]LogBlueprintUserMessages: [Basic_Enemy_1_C_83] 143.799988
[2018.08.07-20.48.02:996][457]LogBlueprintUserMessages: [Basic_Enemy_1_C_84] 145.199982
[2018.08.07-20.48.04:497][550]LogBlueprintUserMessages: [Basic_Enemy_1_C_85] 147.099976
[2018.08.07-20.48.05:110][588]LogBlueprintUserMessages: [Basic_Enemy_1_C_86] 147.099976
[2018.08.07-20.48.07:098][711]LogBlueprintUserMessages: [Basic_Enemy_1_C_87] 148.999969
[2018.08.07-20.48.07:227][719]LogBlueprintUserMessages: [Basic_Enemy_1_C_88] 148.999969
[2018.08.07-20.48.09:340][850]LogBlueprintUserMessages: [Basic_Enemy_1_C_89] 150.899963
[2018.08.07-20.48.09:712][873]LogBlueprintUserMessages: [Basic_Enemy_1_C_90] 150.899963
[2018.08.07-20.48.11:455][981]LogBlueprintUserMessages: [Basic_Enemy_1_C_91] 152.299957
[2018.08.07-20.48.12:326][ 35]LogBlueprintUserMessages: [Basic_Enemy_1_C_92] 152.799957
[2018.08.07-20.48.13:571][112]LogBlueprintUserMessages: [Basic_Enemy_1_C_93] 154.199951
[2018.08.07-20.48.14:941][197]LogBlueprintUserMessages: [Basic_Enemy_1_C_94] 154.699951
[2018.08.07-20.48.15:685][243]LogBlueprintUserMessages: [Basic_Enemy_1_C_95] 156.099945
[2018.08.07-20.48.17:559][359]LogBlueprintUserMessages: [Basic_Enemy_1_C_96] 157.999939
[2018.08.07-20.48.17:800][374]LogBlueprintUserMessages: [Basic_Enemy_1_C_97] 157.999939
[2018.08.07-20.48.19:910][504]LogBlueprintUserMessages: [Basic_Enemy_1_C_98] 159.899933
[2018.08.07-20.48.20:168][520]LogBlueprintUserMessages: [Basic_Enemy_1_C_99] 159.899933
[2018.08.07-20.48.22:002][632]LogBlueprintUserMessages: [Basic_Enemy_1_C_100] 161.299927
[2018.08.07-20.48.22:776][680]LogBlueprintUserMessages: [Basic_Enemy_1_C_101] 161.799927
[2018.08.07-20.48.24:132][764]LogBlueprintUserMessages: [Basic_Enemy_1_C_102] 163.199921
[2018.08.07-20.48.25:391][842]LogBlueprintUserMessages: [Basic_Enemy_1_C_103] 163.699921
[2018.08.07-20.48.26:245][895]LogBlueprintUserMessages: [Basic_Enemy_1_C_104] 165.099915
[2018.08.07-20.48.28:004][  4]LogBlueprintUserMessages: [Basic_Enemy_1_C_105] 166.999908
[2018.08.07-20.48.28:359][ 26]LogBlueprintUserMessages: [Basic_Enemy_1_C_106] 166.999908
[2018.08.07-20.48.30:453][155]LogBlueprintUserMessages: [Basic_Enemy_1_C_107] 168.899902
[2018.08.07-20.48.30:599][164]LogBlueprintUserMessages: [Basic_Enemy_1_C_108] 168.899902
[2018.08.07-20.48.32:564][285]LogBlueprintUserMessages: [Basic_Enemy_1_C_109] 170.799896
[2018.08.07-20.48.33:208][325]LogBlueprintUserMessages: [Basic_Enemy_1_C_110] 170.799896
[2018.08.07-20.48.34:676][416]LogBlueprintUserMessages: [Basic_Enemy_1_C_111] 172.19989
[2018.08.07-20.48.35:822][487]LogBlueprintUserMessages: [Basic_Enemy_1_C_112] 172.69989
[2018.08.07-20.48.36:789][547]LogBlueprintUserMessages: [Basic_Enemy_1_C_113] 174.099884
[2018.08.07-20.48.38:435][649]LogBlueprintUserMessages: [Basic_Enemy_1_C_114] 175.999878
[2018.08.07-20.48.38:903][678]LogBlueprintUserMessages: [Basic_Enemy_1_C_115] 175.999878
[2018.08.07-20.48.41:016][809]LogBlueprintUserMessages: [Basic_Enemy_1_C_116] 177.899872
[2018.08.07-20.48.41:048][811]LogBlueprintUserMessages: [Basic_Enemy_1_C_117] 177.899872
[2018.08.07-20.48.43:129][940]LogBlueprintUserMessages: [Basic_Enemy_1_C_118] 179.799866
[2018.08.07-20.48.43:662][973]LogBlueprintUserMessages: [Basic_Enemy_1_C_119] 179.799866
[2018.08.07-20.48.45:243][ 71]LogBlueprintUserMessages: [Basic_Enemy_1_C_120] 181.19986
[2018.08.07-20.48.46:276][135]LogBlueprintUserMessages: [Basic_Enemy_1_C_121] 181.69986
[2018.08.07-20.48.47:357][202]LogBlueprintUserMessages: [Basic_Enemy_1_C_122] 183.099854
[2018.08.07-20.48.48:888][296]LogBlueprintUserMessages: [Basic_Enemy_1_C_123] 184.999847
[2018.08.07-20.48.49:468][331]LogBlueprintUserMessages: [Basic_Enemy_1_C_124] 184.999847
[2018.08.07-20.48.51:485][456]LogBlueprintUserMessages: [Basic_Enemy_1_C_125] 186.899841
[2018.08.07-20.48.51:582][462]LogBlueprintUserMessages: [Basic_Enemy_1_C_126] 186.899841
[2018.08.07-20.48.53:695][593]LogBlueprintUserMessages: [Basic_Enemy_1_C_127] 188.799835
[2018.08.07-20.48.54:098][618]LogBlueprintUserMessages: [Basic_Enemy_1_C_128] 188.799835
[2018.08.07-20.48.55:808][724]LogBlueprintUserMessages: [Basic_Enemy_1_C_129] 190.199829
[2018.08.07-20.48.56:711][780]LogBlueprintUserMessages: [Basic_Enemy_1_C_130] 190.699829
[2018.08.07-20.48.57:920][855]LogBlueprintUserMessages: [Basic_Enemy_1_C_131] 192.099823
[2018.08.07-20.48.59:324][942]LogBlueprintUserMessages: [Basic_Enemy_1_C_132] 192.599823
[2018.08.07-20.49.00:034][986]LogBlueprintUserMessages: [Basic_Enemy_1_C_133] 193.999817
[2018.08.07-20.49.01:938][104]LogBlueprintUserMessages: [Basic_Enemy_1_C_134] 195.899811
[2018.08.07-20.49.02:148][117]LogBlueprintUserMessages: [Basic_Enemy_1_C_135] 195.899811
[2018.08.07-20.49.04:262][248]LogBlueprintUserMessages: [Basic_Enemy_1_C_136] 197.799805
[2018.08.07-20.49.04:552][266]LogBlueprintUserMessages: [Basic_Enemy_1_C_137] 197.799805
[2018.08.07-20.49.06:375][379]LogBlueprintUserMessages: [Basic_Enemy_1_C_138] 199.199799
[2018.08.07-20.49.07:164][428]LogBlueprintUserMessages: [Basic_Enemy_1_C_139] 199.699799
[2018.08.07-20.49.08:489][510]LogBlueprintUserMessages: [Basic_Enemy_1_C_140] 201.099792
[2018.08.07-20.49.09:779][590]LogBlueprintUserMessages: [Basic_Enemy_1_C_141] 201.599792
[2018.08.07-20.49.10:602][641]LogBlueprintUserMessages: [Basic_Enemy_1_C_142] 202.999786
[2018.08.07-20.49.12:384][748]LogBlueprintUserMessages: [Basic_Enemy_1_C_143] 204.89978
[2018.08.07-20.49.12:706][768]LogBlueprintUserMessages: [Basic_Enemy_1_C_144] 204.89978
[2018.08.07-20.49.14:822][899]LogBlueprintUserMessages: [Basic_Enemy_1_C_145] 206.799774
[2018.08.07-20.49.14:998][910]LogBlueprintUserMessages: [Basic_Enemy_1_C_146] 206.799774
[2018.08.07-20.49.16:935][ 30]LogBlueprintUserMessages: [Basic_Enemy_1_C_147] 208.699768
[2018.08.07-20.49.17:613][ 72]LogBlueprintUserMessages: [Basic_Enemy_1_C_148] 208.699768
[2018.08.07-20.49.19:050][161]LogBlueprintUserMessages: [Basic_Enemy_1_C_149] 210.099762
[2018.08.07-20.49.20:230][234]LogBlueprintUserMessages: [Basic_Enemy_1_C_150] 210.599762
[2018.08.07-20.49.21:165][292]LogBlueprintUserMessages: [Basic_Enemy_1_C_151] 211.999756
[2018.08.07-20.49.22:843][396]LogBlueprintUserMessages: [Basic_Enemy_1_C_152] 213.89975
[2018.08.07-20.49.23:279][423]LogBlueprintUserMessages: [Basic_Enemy_1_C_153] 213.89975
[2018.08.07-20.49.25:393][554]LogBlueprintUserMessages: [Basic_Enemy_1_C_154] 215.799744
[2018.08.07-20.49.25:458][558]LogBlueprintUserMessages: [Basic_Enemy_1_C_155] 215.799744
[2018.08.07-20.49.27:507][685]LogBlueprintUserMessages: [Basic_Enemy_1_C_156] 217.699738
[2018.08.07-20.49.28:073][720]LogBlueprintUserMessages: [Basic_Enemy_1_C_157] 217.699738
[2018.08.07-20.49.29:604][814]LogBlueprintUserMessages: [Basic_Enemy_1_C_158] 219.099731
[2018.08.07-20.49.30:685][881]LogBlueprintUserMessages: [Basic_Enemy_1_C_159] 219.599731
[2018.08.07-20.49.31:711][944]LogBlueprintUserMessages: [Basic_Enemy_1_C_160] 220.999725
[2018.08.07-20.49.33:292][ 42]LogBlueprintUserMessages: [Basic_Enemy_1_C_161] 222.899719
[2018.08.07-20.49.33:824][ 75]LogBlueprintUserMessages: [Basic_Enemy_1_C_162] 222.899719
[2018.08.07-20.49.35:905][204]LogBlueprintUserMessages: [Basic_Enemy_1_C_163] 224.799713
[2018.08.07-20.49.35:937][206]LogBlueprintUserMessages: [Basic_Enemy_1_C_164] 224.799713
[2018.08.07-20.49.38:051][337]LogBlueprintUserMessages: [Basic_Enemy_1_C_165] 226.699707
[2018.08.07-20.49.38:519][366]LogBlueprintUserMessages: [Basic_Enemy_1_C_166] 226.699707
[2018.08.07-20.49.40:164][468]LogBlueprintUserMessages: [Basic_Enemy_1_C_167] 228.099701
[2018.08.07-20.49.41:132][528]LogBlueprintUserMessages: [Basic_Enemy_1_C_168] 228.599701
[2018.08.07-20.49.42:277][599]LogBlueprintUserMessages: [Basic_Enemy_1_C_169] 229.999695
[2018.08.07-20.49.43:745][690]LogBlueprintUserMessages: [Basic_Enemy_1_C_170] 231.899689
[2018.08.07-20.49.44:390][730]LogBlueprintUserMessages: [Basic_Enemy_1_C_171] 231.899689
[2018.08.07-20.49.46:359][852]LogBlueprintUserMessages: [Basic_Enemy_1_C_172] 233.799683
[2018.08.07-20.49.46:505][861]LogBlueprintUserMessages: [Basic_Enemy_1_C_173] 233.799683
[2018.08.07-20.49.48:614][991]LogBlueprintUserMessages: [Basic_Enemy_1_C_174] 235.699677
[2018.08.07-20.49.48:968][ 13]LogBlueprintUserMessages: [Basic_Enemy_1_C_175] 235.699677
[2018.08.07-20.49.50:728][122]LogBlueprintUserMessages: [Basic_Enemy_1_C_176] 237.09967
[2018.08.07-20.49.51:575][174]LogBlueprintUserMessages: [Basic_Enemy_1_C_177] 237.59967
[2018.08.07-20.49.52:832][252]LogBlueprintUserMessages: [Basic_Enemy_1_C_178] 238.999664
[2018.08.07-20.49.54:191][336]LogBlueprintUserMessages: [Basic_Enemy_1_C_179] 239.499664
[2018.08.07-20.49.54:948][383]LogBlueprintUserMessages: [Basic_Enemy_1_C_180] 240.899658
[2018.08.07-20.49.56:803][498]LogBlueprintUserMessages: [Basic_Enemy_1_C_181] 242.799652
[2018.08.07-20.49.57:061][514]LogBlueprintUserMessages: [Basic_Enemy_1_C_182] 242.799652
[2018.08.07-20.49.58:140][581]LogBlueprintUserMessages: [ReVolt_TD_Controller_C_0] Attempting to damage Plane46_Blueprint110
[2018.08.07-20.49.59:174][645]LogBlueprintUserMessages: [Basic_Enemy_1_C_183] 244.699646
[2018.08.07-20.49.59:398][659]LogBlueprintUserMessages: [ReVolt_TD_Controller_C_0] Attempting to damage End_Plate_Blueprint
[2018.08.07-20.49.59:416][660]LogBlueprintUserMessages: [Basic_Enemy_1_C_184] 244.699646
[2018.08.07-20.50.01:287][776]LogBlueprintUserMessages: [Basic_Enemy_1_C_185] 246.09964
[2018.08.07-20.50.02:029][822]LogBlueprintUserMessages: [Basic_Enemy_1_C_186] 246.59964
[2018.08.07-20.50.02:673][857]LogSlate: Window 'ReVolt_Alpha, PCD3D_SM5 ReVolt_Alpha, PCD3D_SM5 ' being destroyed
[2018.08.07-20.50.02:674][857]LogWindowsTextInputMethodSystem: Display: IME system now deactivated.
[2018.08.07-20.50.02:677][857]LogSlate: Updating window title bar state: overlay mode, drag disabled, window buttons hidden, title bar hidden
[2018.08.07-20.50.02:677][857]LogEngine: All Windows Closed
[2018.08.07-20.50.02:677][857]LogWindows: FPlatformMisc::RequestExit(0)
[2018.08.07-20.50.03:523][858]LogExit: Preparing to exit.
[2018.08.07-20.50.03:524][858]LogMoviePlayer: Shutting down movie player
[2018.08.07-20.50.04:160][858]LogSlate: Updating window title bar state: overlay mode, drag disabled, window buttons hidden, title bar hidden
[2018.08.07-20.50.04:178][858]LogExit: Game engine shut down
[2018.08.07-20.50.04:702][858]LogExit: Object subsystem successfully closed.
[2018.08.07-20.50.04:718][858]LogShaderCompilers: Display: Shaders left to compile 0
[2018.08.07-20.50.04:721][858]LogD3D11RHI: Shutdown
[2018.08.07-20.50.04:721][858]LogD3D11RHI: CleanupD3DDevice
[2018.08.07-20.50.04:723][858]LogD3D11RHI: ~FD3D11DynamicRHI
[2018.08.07-20.50.04:729][858]LogModuleManager: Shutting down and abandoning module SequenceRecorderSections (376)
[2018.08.07-20.50.04:729][858]LogModuleManager: Shutting down and abandoning module SequenceRecorder (374)
[2018.08.07-20.50.04:729][858]LogModuleManager: Shutting down and abandoning module AutomationController (372)
[2018.08.07-20.50.04:729][858]LogModuleManager: Shutting down and abandoning module AutomationWorker (370)
[2018.08.07-20.50.04:729][858]LogModuleManager: Shutting down and abandoning module Voice (368)
[2018.08.07-20.50.04:729][858]LogModuleManager: Shutting down and abandoning module AIModule (366)
[2018.08.07-20.50.04:729][858]LogModuleManager: Shutting down and abandoning module GameplayDebugger (365)
[2018.08.07-20.50.04:730][858]LogModuleManager: Shutting down and abandoning module AITestSuite (363)
[2018.08.07-20.50.04:730][858]LogModuleManager: Shutting down and abandoning module NavigationSystem (361)
[2018.08.07-20.50.04:730][858]LogModuleManager: Shutting down and abandoning module WmfMediaFactory (358)
[2018.08.07-20.50.04:730][858]LogModuleManager: Shutting down and abandoning module OpenExrWrapper (356)
[2018.08.07-20.50.04:730][858]LogModuleManager: Shutting down and abandoning module ImgMediaFactory (354)
[2018.08.07-20.50.04:730][858]LogModuleManager: Shutting down and abandoning module AvfMediaFactory (352)
[2018.08.07-20.50.04:730][858]LogModuleManager: Shutting down and abandoning module MagicLeapCameraPreviewFactory (350)
[2018.08.07-20.50.04:730][858]LogModuleManager: Shutting down and abandoning module MagicLeapMediaFactory (348)
[2018.08.07-20.50.04:730][858]LogModuleManager: Shutting down and abandoning module CharacterAI (346)
[2018.08.07-20.50.04:730][858]LogModuleManager: Shutting down and abandoning module SessionServices (344)
[2018.08.07-20.50.04:730][858]LogModuleManager: Shutting down and abandoning module MovieSceneCapture (342)
[2018.08.07-20.50.04:730][858]LogModuleManager: Shutting down and abandoning module MovieSceneTracks (340)
[2018.08.07-20.50.04:730][858]LogModuleManager: Shutting down and abandoning module MovieScene (338)
[2018.08.07-20.50.04:730][858]LogModuleManager: Shutting down and abandoning module StreamingPauseRendering (336)
[2018.08.07-20.50.04:730][858]LogModuleManager: Shutting down and abandoning module PortalServices (334)
[2018.08.07-20.50.04:730][858]LogModuleManager: Shutting down and abandoning module PortalRpc (332)
[2018.08.07-20.50.04:730][858]LogModuleManager: Shutting down and abandoning module MessagingRpc (330)
[2018.08.07-20.50.04:730][858]LogModuleManager: Shutting down and abandoning module ProfilerService (328)
[2018.08.07-20.50.04:915][858]LogModuleManager: Shutting down and abandoning module TaskGraph (326)
[2018.08.07-20.50.04:915][858]LogModuleManager: Shutting down and abandoning module SteamVRController (324)
[2018.08.07-20.50.04:915][858]LogModuleManager: Shutting down and abandoning module ProceduralMeshComponent (322)
[2018.08.07-20.50.04:915][858]LogModuleManager: Shutting down and abandoning module OculusInput (320)
[2018.08.07-20.50.04:915][858]LogModuleManager: Shutting down and abandoning module MobilePatchingUtils (318)
[2018.08.07-20.50.04:915][858]LogModuleManager: Shutting down and abandoning module EditableMesh (316)
[2018.08.07-20.50.04:915][858]LogModuleManager: Shutting down and abandoning module CustomMeshComponent (314)
[2018.08.07-20.50.04:915][858]LogModuleManager: Shutting down and abandoning module CableComponent (312)
[2018.08.07-20.50.04:915][858]LogModuleManager: Shutting down and abandoning module AudioCapture (310)
[2018.08.07-20.50.04:915][858]LogModuleManager: Shutting down and abandoning module ArchVisCharacter (308)
[2018.08.07-20.50.04:915][858]LogModuleManager: Shutting down and abandoning module AndroidPermission (306)
[2018.08.07-20.50.04:915][858]LogModuleManager: Shutting down and abandoning module NUTUnrealEngine4 (304)
[2018.08.07-20.50.04:915][858]LogModuleManager: Shutting down and abandoning module NetcodeUnitTest (302)
[2018.08.07-20.50.04:915][858]LogModuleManager: Shutting down and abandoning module MediaCompositing (300)
[2018.08.07-20.50.04:915][858]LogModuleManager: Shutting down and abandoning module LinearTimecode (298)
[2018.08.07-20.50.04:915][858]LogModuleManager: Shutting down and abandoning module ImgMedia (296)
[2018.08.07-20.50.04:917][858]LogModuleManager: Shutting down and abandoning module HTML5Networking (294)
[2018.08.07-20.50.04:917][858]LogModuleManager: Shutting down and abandoning module GeometryCacheTracks (292)
[2018.08.07-20.50.04:917][858]LogModuleManager: Shutting down and abandoning module GeometryCacheSequencer (291)
[2018.08.07-20.50.04:917][858]LogModuleManager: Shutting down and abandoning module GeometryCache (288)
[2018.08.07-20.50.04:917][858]LogModuleManager: Shutting down and abandoning module GeometryCacheEd (287)
[2018.08.07-20.50.04:917][858]LogModuleManager: Shutting down and abandoning module BackChannel (284)
[2018.08.07-20.50.04:917][858]LogModuleManager: Shutting down and abandoning module AppleVision (282)
[2018.08.07-20.50.04:917][858]LogModuleManager: Shutting down and abandoning module AppleImageUtils (280)
[2018.08.07-20.50.04:917][858]LogModuleManager: Shutting down and abandoning module DatasmithContent (278)
[2018.08.07-20.50.04:917][858]LogModuleManager: Shutting down and abandoning module CryptoKeysOpenSSL (276)
[2018.08.07-20.50.04:917][858]LogModuleManager: Shutting down and abandoning module CryptoKeys (274)
[2018.08.07-20.50.04:917][858]LogModuleManager: Shutting down and abandoning module VisualStudioSourceCodeAccess (272)
[2018.08.07-20.50.04:917][858]LogModuleManager: Shutting down and abandoning module HotReload (271)
[2018.08.07-20.50.04:917][858]LogModuleManager: Shutting down and abandoning module DirectoryWatcher (270)
[2018.08.07-20.50.04:917][858]LogModuleManager: Shutting down and abandoning module VisualStudioCodeSourceCodeAccess (266)
[2018.08.07-20.50.04:917][858]LogModuleManager: Shutting down and abandoning module UObjectPlugin (264)
[2018.08.07-20.50.04:917][858]LogModuleManager: Shutting down and abandoning module SubversionSourceControl (262)
[2018.08.07-20.50.04:917][858]LogModuleManager: Shutting down and abandoning module PerforceSourceControl (260)
[2018.08.07-20.50.04:917][858]LogModuleManager: Shutting down and abandoning module SourceControl (259)
[2018.08.07-20.50.04:917][858]LogModuleManager: Shutting down and abandoning module CLionSourceCodeAccess (256)
[2018.08.07-20.50.04:917][858]LogModuleManager: Shutting down and abandoning module RuntimePhysXCooking (254)
[2018.08.07-20.50.04:918][858]LogModuleManager: Shutting down and abandoning module PhysXVehiclesEditor (252)
[2018.08.07-20.50.04:918][858]LogModuleManager: Shutting down and abandoning module PhysXVehicles (250)
[2018.08.07-20.50.04:918][858]LogModuleManager: Shutting down and abandoning module LocationServicesBPLibrary (248)
[2018.08.07-20.50.04:918][858]LogModuleManager: Shutting down and abandoning module ImmediatePhysicsEditor (246)
[2018.08.07-20.50.04:918][858]LogModuleManager: Shutting down and abandoning module ImmediatePhysics (244)
[2018.08.07-20.50.04:918][858]LogModuleManager: Shutting down and abandoning module ActorSequence (242)
[2018.08.07-20.50.04:918][858]LogModuleManager: Shutting down and abandoning module UdpMessaging (240)
[2018.08.07-20.50.05:019][858]LogModuleManager: Shutting down and abandoning module TcpMessaging (238)
[2018.08.07-20.50.05:119][858]LogModuleManager: Shutting down and abandoning module MagicLeapAudio (236)
[2018.08.07-20.50.05:119][858]LogModuleManager: Shutting down and abandoning module GameplayTagsEditor (234)
[2018.08.07-20.50.05:119][858]LogModuleManager: Shutting down and abandoning module FacialAnimation (232)
[2018.08.07-20.50.05:119][858]LogModuleManager: Shutting down and abandoning module DataValidation (230)
[2018.08.07-20.50.05:119][858]LogModuleManager: Shutting down and abandoning module AssetManagerEditor (228)
[2018.08.07-20.50.05:119][858]LogModuleManager: Shutting down and abandoning module TreeMap (227)
[2018.08.07-20.50.05:119][858]LogModuleManager: Shutting down and abandoning module LightPropagationVolumeRuntime (224)
[2018.08.07-20.50.05:119][858]LogModuleManager: Shutting down and abandoning module AISupportModule (222)
[2018.08.07-20.50.05:119][858]LogModuleManager: Shutting down and abandoning module Paper2D (220)
[2018.08.07-20.50.05:119][858]LogModuleManager: Shutting down and abandoning module PIEPreviewDeviceProfileSelector (218)
[2018.08.07-20.50.05:119][858]LogModuleManager: Shutting down and abandoning module WindowsMoviePlayer (216)
[2018.08.07-20.50.05:119][858]LogModuleManager: Shutting down and abandoning module WmfMedia (214)
[2018.08.07-20.50.05:120][858]LogModuleManager: Shutting down and abandoning module Media (213)
[2018.08.07-20.50.05:126][858]LogModuleManager: Shutting down and abandoning module PacketHandler (210)
[2018.08.07-20.50.05:126][858]LogModuleManager: Shutting down and abandoning module ClothingSystemEditor (208)
[2018.08.07-20.50.05:126][858]LogModuleManager: Shutting down and abandoning module ClothingSystemRuntime (206)
[2018.08.07-20.50.05:126][858]LogModuleManager: Shutting down and abandoning module MediaAssets (204)
[2018.08.07-20.50.05:126][858]LogModuleManager: Shutting down and abandoning module Overlay (202)
[2018.08.07-20.50.05:126][858]LogModuleManager: Shutting down and abandoning module OverlayEditor (201)
[2018.08.07-20.50.05:126][858]LogModuleManager: Shutting down and abandoning module VREditor (198)
[2018.08.07-20.50.05:126][858]LogModuleManager: Shutting down and abandoning module StringTableEditor (196)
[2018.08.07-20.50.05:126][858]LogModuleManager: Shutting down and abandoning module GameplayTasksEditor (194)
[2018.08.07-20.50.05:126][858]LogModuleManager: Shutting down and abandoning module BehaviorTreeEditor (192)
[2018.08.07-20.50.05:126][858]LogModuleManager: Shutting down and abandoning module FunctionalTesting (190)
[2018.08.07-20.50.05:126][858]LogModuleManager: Shutting down and abandoning module CollisionAnalyzer (188)
[2018.08.07-20.50.05:126][858]LogModuleManager: Shutting down and abandoning module WorkspaceMenuStructure (187)
[2018.08.07-20.50.05:126][858]LogModuleManager: Shutting down and abandoning module UMG (184)
[2018.08.07-20.50.05:126][858]LogModuleManager: Shutting down and abandoning module UMGEditor (183)
[2018.08.07-20.50.05:126][858]LogModuleManager: Shutting down and abandoning module Sequencer (182)
[2018.08.07-20.50.05:126][858]LogModuleManager: Shutting down and abandoning module MessageLog (179)
[2018.08.07-20.50.05:126][858]LogModuleManager: Shutting down and abandoning module SlateReflector (174)
[2018.08.07-20.50.05:126][858]LogModuleManager: Shutting down and abandoning module Slate (172)
[2018.08.07-20.50.05:126][858]LogModuleManager: Shutting down and abandoning module EditorStyle (170)
[2018.08.07-20.50.05:127][858]LogModuleManager: Shutting down and abandoning module MRMesh (168)
[2018.08.07-20.50.05:127][858]LogModuleManager: Shutting down and abandoning module Messaging (166)
[2018.08.07-20.50.05:128][858]LogModuleManager: Shutting down and abandoning module SourceCodeAccess (164)
[2018.08.07-20.50.05:128][858]LogModuleManager: Shutting down and abandoning module HeadMountedDisplay (162)
[2018.08.07-20.50.05:128][858]LogModuleManager: Shutting down and abandoning module XAudio2 (160)
[2018.08.07-20.50.05:128][858]LogModuleManager: Shutting down and abandoning module Networking (158)
[2018.08.07-20.50.05:128][858]LogModuleManager: Shutting down and abandoning module Core (156)
[2018.08.07-20.50.05:128][858]LogModuleManager: Shutting down and abandoning module LevelSequence (154)
[2018.08.07-20.50.05:128][858]LogModuleManager: Shutting down and abandoning module KismetCompiler (152)
[2018.08.07-20.50.05:128][858]LogModuleManager: Shutting down and abandoning module MeshUtilities (150)
[2018.08.07-20.50.05:128][858]LogModuleManager: Shutting down and abandoning module MeshMergeUtilities (149)
[2018.08.07-20.50.05:128][858]LogModuleManager: Shutting down and abandoning module MeshReductionInterface (148)
[2018.08.07-20.50.05:128][858]LogModuleManager: Shutting down and abandoning module SimplygonSwarm (147)
[2018.08.07-20.50.05:128][858]LogModuleManager: Shutting down and abandoning module ProxyLODMeshReduction (145)
[2018.08.07-20.50.05:128][858]LogModuleManager: Shutting down and abandoning module SimplygonMeshReduction (143)
[2018.08.07-20.50.05:128][858]LogModuleManager: Shutting down and abandoning module QuadricMeshReduction (141)
[2018.08.07-20.50.05:128][858]LogModuleManager: Shutting down and abandoning module MaterialBaking (137)
[2018.08.07-20.50.05:128][858]LogModuleManager: Shutting down and abandoning module DerivedDataCache (132)
[2018.08.07-20.50.05:141][858]LogDerivedDataCache: Shutdown
[2018.08.07-20.50.05:141][858]LogModuleManager: Shutting down and abandoning module XGEController (130)
[2018.08.07-20.50.05:141][858]LogModuleManager: Shutting down and abandoning module TargetPlatform (128)
[2018.08.07-20.50.05:141][858]LogModuleManager: Shutting down and abandoning module VulkanShaderFormat (127)
[2018.08.07-20.50.05:141][858]LogModuleManager: Shutting down and abandoning module ShaderFormatVectorVM (125)
[2018.08.07-20.50.05:141][858]LogModuleManager: Shutting down and abandoning module ShaderFormatOpenGL (123)
[2018.08.07-20.50.05:141][858]LogModuleManager: Shutting down and abandoning module ShaderFormatD3D (121)
[2018.08.07-20.50.05:141][858]LogModuleManager: Shutting down and abandoning module MetalShaderFormat (119)
[2018.08.07-20.50.05:141][858]LogModuleManager: Shutting down and abandoning module TextureFormatUncompressed (117)
[2018.08.07-20.50.05:141][858]LogModuleManager: Shutting down and abandoning module TextureFormatPVR (115)
[2018.08.07-20.50.05:141][858]LogModuleManager: Shutting down and abandoning module TextureFormatDXT (113)
[2018.08.07-20.50.05:141][858]LogModuleManager: Shutting down and abandoning module TextureFormatIntelISPCTexComp (111)
[2018.08.07-20.50.05:141][858]LogModuleManager: Shutting down and abandoning module TextureFormatASTC (109)
[2018.08.07-20.50.05:141][858]LogModuleManager: Shutting down and abandoning module ImageWrapper (108)
[2018.08.07-20.50.05:141][858]LogModuleManager: Shutting down and abandoning module TextureFormatAndroid (105)
[2018.08.07-20.50.05:141][858]LogModuleManager: Shutting down and abandoning module AudioFormatOpus (103)
[2018.08.07-20.50.05:141][858]LogModuleManager: Shutting down and abandoning module AudioFormatOgg (101)
[2018.08.07-20.50.05:141][858]LogModuleManager: Shutting down and abandoning module AudioFormatADPCM (99)
[2018.08.07-20.50.05:141][858]LogModuleManager: Shutting down and abandoning module WindowsTargetPlatform (97)
[2018.08.07-20.50.05:141][858]LogModuleManager: Shutting down and abandoning module WindowsServerTargetPlatform (95)
[2018.08.07-20.50.05:141][858]LogModuleManager: Shutting down and abandoning module WindowsNoEditorTargetPlatform (93)
[2018.08.07-20.50.05:141][858]LogModuleManager: Shutting down and abandoning module WindowsClientTargetPlatform (91)
[2018.08.07-20.50.05:141][858]LogModuleManager: Shutting down and abandoning module InputCore (88)
[2018.08.07-20.50.05:141][858]LogModuleManager: Shutting down and abandoning module Settings (86)
[2018.08.07-20.50.05:141][858]LogModuleManager: Shutting down and abandoning module PhysXCooking (84)
[2018.08.07-20.50.05:141][858]LogModuleManager: Shutting down and abandoning module SteamVR (82)
[2018.08.07-20.50.05:141][858]LogModuleManager: Shutting down and abandoning module OculusHMD (80)
[2018.08.07-20.50.05:141][858]LogModuleManager: Shutting down and abandoning module ExampleDeviceProfileSelector (78)
[2018.08.07-20.50.05:141][858]LogModuleManager: Shutting down and abandoning module LauncherChunkInstaller (76)
[2018.08.07-20.50.05:141][858]LogModuleManager: Shutting down and abandoning module OnlineBlueprintSupport (74)
[2018.08.07-20.50.05:141][858]LogModuleManager: Shutting down and abandoning module OnlineSubsystem (70)
[2018.08.07-20.50.05:142][858]LogModuleManager: Shutting down and abandoning module XMPP (65)
[2018.08.07-20.50.05:142][858]LogModuleManager: Shutting down and abandoning module WebSockets (64)
[2018.08.07-20.50.05:172][858]LogModuleManager: Shutting down and abandoning module HTTP (61)
[2018.08.07-20.50.05:193][858]LogModuleManager: Shutting down and abandoning module SSL (60)
[2018.08.07-20.50.05:194][858]LogModuleManager: Shutting down and abandoning module MagicLeapEmulator (56)
[2018.08.07-20.50.05:194][858]LogModuleManager: Shutting down and abandoning module MagicLeapPrivileges (54)
[2018.08.07-20.50.05:194][858]LogModuleManager: Shutting down and abandoning module MagicLeapIdentity (52)
[2018.08.07-20.50.05:194][858]LogModuleManager: Shutting down and abandoning module MagicLeapHelperVulkan (50)
[2018.08.07-20.50.05:194][858]LogModuleManager: Shutting down and abandoning module MagicLeapHelperOpenGL (48)
[2018.08.07-20.50.05:194][858]LogModuleManager: Shutting down and abandoning module MagicLeapSecureStorage (46)
[2018.08.07-20.50.05:194][858]LogModuleManager: Shutting down and abandoning module MagicLeapGestures (44)
[2018.08.07-20.50.05:194][858]LogModuleManager: Shutting down and abandoning module MagicLeapEyeTracker (42)
[2018.08.07-20.50.05:194][858]LogModuleManager: Shutting down and abandoning module MagicLeapController (40)
[2018.08.07-20.50.05:195][858]LogSlate: Slate User Destroyed.  User Index 0, Is Virtual User: 0
[2018.08.07-20.50.05:195][858]LogModuleManager: Shutting down and abandoning module MagicLeap (38)
[2018.08.07-20.50.05:195][858]LogModuleManager: Shutting down and abandoning module AnimationModifiers (36)
[2018.08.07-20.50.05:195][858]LogModuleManager: Shutting down and abandoning module PropertyEditor (35)
[2018.08.07-20.50.05:195][858]LogModuleManager: Shutting down and abandoning module AudioEditor (32)
[2018.08.07-20.50.05:195][858]LogModuleManager: Shutting down and abandoning module TextureCompressor (30)
[2018.08.07-20.50.05:195][858]LogModuleManager: Shutting down and abandoning module ShaderCore (28)
[2018.08.07-20.50.05:195][858]LogModuleManager: Shutting down and abandoning module Landscape (26)
[2018.08.07-20.50.05:195][858]LogModuleManager: Shutting down and abandoning module SlateRHIRenderer (24)
[2018.08.07-20.50.05:195][858]LogModuleManager: Shutting down and abandoning module OpenGLDrv (22)
[2018.08.07-20.50.05:195][858]LogModuleManager: Shutting down and abandoning module D3D11RHI (20)
[2018.08.07-20.50.05:195][858]LogModuleManager: Shutting down and abandoning module AnimGraphRuntime (18)
[2018.08.07-20.50.05:195][858]LogModuleManager: Shutting down and abandoning module Renderer (16)
[2018.08.07-20.50.05:195][858]LogModuleManager: Shutting down and abandoning module Engine (14)
[2018.08.07-20.50.05:195][858]LogModuleManager: Shutting down and abandoning module CoreUObject (12)
[2018.08.07-20.50.05:195][858]LogModuleManager: Shutting down and abandoning module NetworkFile (10)
[2018.08.07-20.50.05:195][858]LogModuleManager: Shutting down and abandoning module CookedIterativeFile (8)
[2018.08.07-20.50.05:195][858]LogModuleManager: Shutting down and abandoning module StreamingFile (6)
[2018.08.07-20.50.05:195][858]LogModuleManager: Shutting down and abandoning module SandboxFile (4)
[2018.08.07-20.50.05:195][858]LogModuleManager: Shutting down and abandoning module PakFile (2)
[2018.08.07-20.50.05:198][858]LogExit: Exiting.
[2018.08.07-20.50.05:206][858]Log file closed, 08/07/18 16:50:05
