Log file open, 08/03/18 14:14:04
LogWindows: Failed to load 'aqProf.dll' (GetLastError=126)
LogWindows: File 'aqProf.dll' does not exist
LogWindows: Failed to load 'VSPerf140.dll' (GetLastError=126)
LogWindows: File 'VSPerf140.dll' does not exist
LogWindows: Failed to load 'VtuneApi.dll' (GetLastError=126)
LogWindows: File 'VtuneApi.dll' does not exist
LogWindows: Failed to load 'VtuneApi32e.dll' (GetLastError=126)
LogWindows: File 'VtuneApi32e.dll' does not exist
LogInit: Display: Running engine for game: ReVolt_Alpha
LogPlatformFile: Not using cached read wrapper
LogTaskGraph: Started task graph with 5 named threads and 14 total threads with 3 sets of task threads.
LogStats: Stats thread started at 0.175454
LogD3D11RHI: Loaded GFSDK_Aftermath_Lib.x64.dll
LogICUInternationalization: Display: ICU TimeZone Detection - Raw Offset: -5:00, Platform Override: ''
LogPluginManager: Mounting plugin Paper2D
LogPluginManager: Mounting plugin AISupport
LogPluginManager: Mounting plugin LightPropagationVolume
LogPluginManager: Mounting plugin CLionSourceCodeAccess
LogPluginManager: Mounting plugin CodeLiteSourceCodeAccess
LogPluginManager: Mounting plugin GitSourceControl
LogPluginManager: Mounting plugin KDevelopSourceCodeAccess
LogPluginManager: Mounting plugin NullSourceCodeAccess
LogPluginManager: Mounting plugin PerforceSourceControl
LogPluginManager: Mounting plugin SubversionSourceControl
LogPluginManager: Mounting plugin UObjectPlugin
LogPluginManager: Mounting plugin VisualStudioCodeSourceCodeAccess
LogPluginManager: Mounting plugin VisualStudioSourceCodeAccess
LogPluginManager: Mounting plugin XCodeSourceCodeAccess
LogPluginManager: Mounting plugin AssetManagerEditor
LogPluginManager: Mounting plugin CryptoKeys
LogPluginManager: Mounting plugin DataValidation
LogPluginManager: Mounting plugin FacialAnimation
LogPluginManager: Mounting plugin GameplayTagsEditor
LogPluginManager: Mounting plugin MacGraphicsSwitching
LogPluginManager: Mounting plugin MeshEditor
LogPluginManager: Mounting plugin MobileLauncherProfileWizard
LogPluginManager: Mounting plugin PluginBrowser
LogPluginManager: Mounting plugin SpeedTreeImporter
LogPluginManager: Mounting plugin DatasmithContent
LogPluginManager: Mounting plugin AlembicImporter
LogPluginManager: Mounting plugin AppleImageUtils
LogPluginManager: Mounting plugin AppleVision
LogPluginManager: Mounting plugin BackChannel
LogPluginManager: Mounting plugin CharacterAI
LogPluginManager: Mounting plugin GeometryCache
LogPluginManager: Mounting plugin HTML5Networking
LogPluginManager: Mounting plugin ProxyLODPlugin
LogPluginManager: Mounting plugin MagicLeap
LogPluginManager: Mounting plugin MagicLeapEmulator
LogPluginManager: Mounting plugin MagicLeapMedia
LogPluginManager: Mounting plugin AndroidMedia
LogPluginManager: Mounting plugin AvfMedia
LogPluginManager: Mounting plugin ImgMedia
LogPluginManager: Mounting plugin LinearTimecode
LogPluginManager: Mounting plugin MediaCompositing
LogPluginManager: Mounting plugin MediaPlayerEditor
LogPluginManager: Mounting plugin WmfMedia
LogPluginManager: Mounting plugin TcpMessaging
LogPluginManager: Mounting plugin UdpMessaging
LogPluginManager: Mounting plugin ActorSequence
LogPluginManager: Mounting plugin LevelSequenceEditor
LogPluginManager: Mounting plugin MatineeToLevelSequence
LogPluginManager: Mounting plugin NetcodeUnitTest
LogPluginManager: Mounting plugin NUTUnrealEngine4
LogPluginManager: Mounting plugin OnlineSubsystemGooglePlay
LogPluginManager: Mounting plugin OnlineSubsystemIOS
LogPluginManager: Mounting plugin OnlineSubsystem
LogPluginManager: Mounting plugin OnlineSubsystemNull
LogPluginManager: Mounting plugin OnlineSubsystemUtils
LogPluginManager: Mounting plugin LauncherChunkInstaller
LogPluginManager: Mounting plugin AndroidDeviceProfileSelector
LogPluginManager: Mounting plugin AndroidMoviePlayer
LogPluginManager: Mounting plugin AndroidPermission
LogPluginManager: Mounting plugin AppleMoviePlayer
LogPluginManager: Mounting plugin ArchVisCharacter
LogPluginManager: Mounting plugin AudioCapture
LogPluginManager: Mounting plugin CableComponent
LogPluginManager: Mounting plugin CustomMeshComponent
LogPluginManager: Mounting plugin EditableMesh
LogPluginManager: Mounting plugin ExampleDeviceProfileSelector
LogPluginManager: Mounting plugin GoogleCloudMessaging
LogPluginManager: Mounting plugin ImmediatePhysics
LogPluginManager: Mounting plugin IOSDeviceProfileSelector
LogPluginManager: Mounting plugin LinuxDeviceProfileSelector
LogPluginManager: Mounting plugin LocationServicesBPLibrary
LogPluginManager: Mounting plugin MobilePatchingUtils
LogPluginManager: Mounting plugin OculusVR
LogPluginManager: Plugin shader directory ../../../Engine/Plugins/Runtime/Oculus/OculusVR/Shaders found
LogPluginManager: Mapping shader source directory ../../../Engine/Plugins/Runtime/Oculus/OculusVR/Shaders to virtual directory /Plugin/OculusVR
LogPluginManager: Mounting plugin PhysXVehicles
LogPluginManager: Mounting plugin ProceduralMeshComponent
LogPluginManager: Mounting plugin RuntimePhysXCooking
LogPluginManager: Mounting plugin SteamVR
LogPluginManager: Mounting plugin WindowsMoviePlayer
LogStreaming: Display: Took  0.095s to configure plugins.
LogInit: Using libcurl 7.55.1-DEV
LogInit:  - built for x86_64-pc-win32
LogInit:  - supports SSL with OpenSSL/1.0.2h
LogInit:  - supports HTTP deflate (compression) using libz 1.2.8
LogInit:  - other features:
LogInit:      CURL_VERSION_SSL
LogInit:      CURL_VERSION_LIBZ
LogInit:      CURL_VERSION_IPV6
LogInit:      CURL_VERSION_ASYNCHDNS
LogInit:      CURL_VERSION_LARGEFILE
LogInit:      CURL_VERSION_IDN
LogInit:  CurlRequestOptions (configurable via config and command line):
LogInit:  - bVerifyPeer = false  - Libcurl will NOT verify peer certificate
LogInit:  - bUseHttpProxy = false  - Libcurl will NOT use HTTP proxy
LogInit:  - bDontReuseConnections = false  - Libcurl will reuse connections
LogInit:  - CertBundlePath = nullptr  - Libcurl will use whatever was configured at build time.
LogInit:  - MaxHostConnections = 16  - Libcurl will limit the number of connections to a host
LogInit:  - LocalHostAddr = Default
LogInit:  - BufferSize = 65536
LogInit: WinSock: version 1.1 (2.2), MaxSocks=32767, MaxUdp=65467
LogInit: Build: ++UE4+Release-4.20-CL-4233996
LogInit: Engine Version: 4.20.1-4233996+++UE4+Release-4.20
LogInit: Compatible Engine Version: 4.20.0-4212847+++UE4+Release-4.20
LogInit: Net CL: 4212847
LogInit: OS: Windows 10 (), CPU: Intel(R) Core(TM) i5-7500 CPU @ 3.40GHz, GPU: Radeon RX 580 Series
LogInit: Compiled (64-bit): Jul 26 2018 10:07:30
LogInit: Compiled with Visual C++: 19.13.26129.00
LogInit: Build Configuration: Development
LogInit: Branch Name: ++UE4+Release-4.20
LogInit: Command Line: 
LogInit: Base Directory: D:/Unreal Engine/UE_4.20/Engine/Binaries/Win64/
LogInit: Installed Engine Build: 1
LogDevObjectVersion: Number of dev versions registered: 20
LogDevObjectVersion:   Dev-Blueprints (B0D832E4-1F89-4F0D-ACCF-7EB736FD4AA2): 10
LogDevObjectVersion:   Dev-Build (E1C64328-A22C-4D53-A36C-8E866417BD8C): 0
LogDevObjectVersion:   Dev-Core (375EC13C-06E4-48FB-B500-84F0262A717E): 2
LogDevObjectVersion:   Dev-Editor (E4B068ED-F494-42E9-A231-DA0B2E46BB41): 24
LogDevObjectVersion:   Dev-Framework (CFFC743F-43B0-4480-9391-14DF171D2073): 34
LogDevObjectVersion:   Dev-Mobile (B02B49B5-BB20-44E9-A304-32B752E40360): 2
LogDevObjectVersion:   Dev-Networking (A4E4105C-59A1-49B5-A7C5-40C4547EDFEE): 0
LogDevObjectVersion:   Dev-Online (39C831C9-5AE6-47DC-9A44-9C173E1C8E7C): 0
LogDevObjectVersion:   Dev-Physics (78F01B33-EBEA-4F98-B9B4-84EACCB95AA2): 0
LogDevObjectVersion:   Dev-Platform (6631380F-2D4D-43E0-8009-CF276956A95A): 0
LogDevObjectVersion:   Dev-Rendering (12F88B9F-8875-4AFC-A67C-D90C383ABD29): 26
LogDevObjectVersion:   Dev-Sequencer (7B5AE74C-D270-4C10-A958-57980B212A5A): 9
LogDevObjectVersion:   Dev-VR (D7296918-1DD6-4BDD-9DE2-64A83CC13884): 2
LogDevObjectVersion:   Dev-LoadTimes (C2A15278-BFE7-4AFE-6C17-90FF531DF755): 1
LogDevObjectVersion:   Private-Geometry (6EACA3D4-40EC-4CC1-B786-8BED09428FC5): 3
LogDevObjectVersion:   Dev-AnimPhys (29E575DD-E0A3-4627-9D10-D276232CDCEA): 17
LogDevObjectVersion:   Dev-ReflectionCapture (6B266CEC-1EC7-4B8F-A30B-E4D90942FC07): 1
LogDevObjectVersion:   Dev-Automation (0DF73D61-A23F-47EA-B727-89E90C41499A): 1
LogDevObjectVersion:   FortniteMain (601D1886-AC64-4F84-AA16-D3DE0DEAC7D6): 12
LogDevObjectVersion:   Dev-Enterprise (9DFFBCD6-494F-0158-E221-12823C92A888): 1
LogStreaming: Display: Took  0.000s to delete old logs.
LogInit: Presizing for max 8388607 objects, including 0 objects not considered by GC, pre-allocating 0 bytes for permanent pool.
LogInit: Object subsystem initialized
[2018.08.03-18.14.04:478][  0]LogInit: Selected Device Profile: [Windows]
[2018.08.03-18.14.04:478][  0]LogInit: Applying CVar settings loaded from the selected device profile: [Windows]
[2018.08.03-18.14.04:487][  0]LogHAL: Display: Platform has ~ 16 GB [17137856512 / 17179869184 / 16], which maps to Larger [LargestMinGB=32, LargerMinGB=12, DefaultMinGB=8, SmallerMinGB=6, SmallestMinGB=0)
[2018.08.03-18.14.04:488][  0]LogInit: Setting Device Profile CVar: [[r.Vulkan.UseRealUBs:1]]
[2018.08.03-18.14.04:488][  0]LogInit: Going up to parent DeviceProfile []
[2018.08.03-18.14.04:488][  0]LogInit: Computer: DESKTOP-V0LAG3E
[2018.08.03-18.14.04:488][  0]LogInit: User: ElijahBush
[2018.08.03-18.14.04:488][  0]LogInit: CPU Page size=4096, Cores=4
[2018.08.03-18.14.04:488][  0]LogInit: High frequency timer resolution =3.328129 MHz
[2018.08.03-18.14.04:488][  0]LogMemory: Memory total: Physical=16.0GB (16GB approx)
[2018.08.03-18.14.04:488][  0]LogMemory: Platform Memory Stats for Windows
[2018.08.03-18.14.04:488][  0]LogMemory: Process Physical Memory: 100.68 MB used, 100.68 MB peak
[2018.08.03-18.14.04:488][  0]LogMemory: Process Virtual Memory: 92.21 MB used, 92.21 MB peak
[2018.08.03-18.14.04:488][  0]LogMemory: Physical Memory: 5763.74 MB used,  10580.20 MB free, 16343.93 MB total
[2018.08.03-18.14.04:488][  0]LogMemory: Virtual Memory: 4612.96 MB used,  10580.20 MB free, 134217728.00 MB total
[2018.08.03-18.14.04:502][  0]LogInit: Using OS detected language (en-US).
[2018.08.03-18.14.04:502][  0]LogInit: Using OS detected locale (en-US).
[2018.08.03-18.14.04:503][  0]LogTextLocalizationManager: No specific localization for 'en-US' exists, so the 'en' localization will be used.
[2018.08.03-18.14.04:818][  0]LogStreaming: Display: Took  0.316s to InitEngineTextLocalization.
[2018.08.03-18.14.04:818][  0]LogInit: Setting process to per monitor DPI aware
[2018.08.03-18.14.04:842][  0]LogSlate: New Slate User Created.  User Index 0, Is Virtual User: 0
[2018.08.03-18.14.04:842][  0]LogSlate: Slate User Registered.  User Index 0, Is Virtual User: 0
[2018.08.03-18.14.05:019][  0]LogHMD: Failed to initialize OpenVR with code 110
[2018.08.03-18.14.05:019][  0]LogD3D11RHI: D3D11 adapters:
[2018.08.03-18.14.05:041][  0]LogD3D11RHI:    0. 'Radeon RX 580 Series' (Feature Level 11_0)
[2018.08.03-18.14.05:041][  0]LogD3D11RHI:       8137/0/8171 MB DedicatedVideo/DedicatedSystem/SharedSystem, Outputs:1, VendorId:0x1002
[2018.08.03-18.14.05:042][  0]LogD3D11RHI:    1. 'Microsoft Basic Render Driver' (Feature Level 11_0)
[2018.08.03-18.14.05:042][  0]LogD3D11RHI:       0/0/8171 MB DedicatedVideo/DedicatedSystem/SharedSystem, Outputs:0, VendorId:0x1414
[2018.08.03-18.14.05:042][  0]LogD3D11RHI: Chosen D3D11 Adapter: 0
[2018.08.03-18.14.05:049][  0]LogD3D11RHI: Creating new Direct3DDevice
[2018.08.03-18.14.05:049][  0]LogD3D11RHI:     GPU DeviceId: 0x67df (for the marketing name, search the web for "GPU Device Id")
[2018.08.03-18.14.05:049][  0]LogWindows: EnumDisplayDevices:
[2018.08.03-18.14.05:049][  0]LogWindows:    0. 'Radeon RX 580 Series' (P:1 D:1)
[2018.08.03-18.14.05:049][  0]LogWindows:    1. 'Radeon RX 580 Series' (P:0 D:0)
[2018.08.03-18.14.05:049][  0]LogWindows:    2. 'Radeon RX 580 Series' (P:0 D:0)
[2018.08.03-18.14.05:050][  0]LogWindows:    3. 'Radeon RX 580 Series' (P:0 D:0)
[2018.08.03-18.14.05:050][  0]LogWindows:    4. 'Radeon RX 580 Series' (P:0 D:0)
[2018.08.03-18.14.05:050][  0]LogWindows:    5. 'Radeon RX 580 Series' (P:0 D:0)
[2018.08.03-18.14.05:051][  0]LogWindows:    6. 'Radeon RX 580 Series' (P:0 D:0)
[2018.08.03-18.14.05:051][  0]LogWindows: DebugString: FoundDriverCount:7 
[2018.08.03-18.14.05:051][  0]LogD3D11RHI:     Adapter Name: Radeon RX 580 Series
[2018.08.03-18.14.05:051][  0]LogD3D11RHI:   Driver Version: Adrenalin 18.7.1 (internal:24.20.12019.1010, unified:24.20.12019.1010)
[2018.08.03-18.14.05:051][  0]LogD3D11RHI:      Driver Date: 7-11-2018
[2018.08.03-18.14.05:051][  0]LogRHI: Texture pool is 5695 MB (70% of 8137 MB)
[2018.08.03-18.14.05:098][  0]LogD3D11RHI: Async texture creation enabled
[2018.08.03-18.14.05:107][  0]LogD3D11RHI: GPU Timing Frequency: 25.000000 (Debug: 2 1)
[2018.08.03-18.14.05:109][  0]LogShaderCompilers: Guid format shader working directory is 25 characters bigger than the processId version (../../../../../Revolt/Revolt/Intermediate/Shaders/WorkingDirectory/692/).
[2018.08.03-18.14.05:109][  0]LogShaderCompilers: Cleaned the shader compiler working directory 'C:/Users/Elijah Bush/AppData/Local/Temp/UnrealShaderWorkingDir/9192841247D2B39493A66F9E8603C156/'.
[2018.08.03-18.14.05:343][  0]LogTemp: Display: Loaded TP AllDesktopTargetPlatform
[2018.08.03-18.14.05:355][  0]LogTemp: Display: Loaded TP MacClientTargetPlatform
[2018.08.03-18.14.05:371][  0]LogTemp: Display: Loaded TP MacNoEditorTargetPlatform
[2018.08.03-18.14.05:383][  0]LogTemp: Display: Loaded TP MacServerTargetPlatform
[2018.08.03-18.14.05:395][  0]LogTemp: Display: Loaded TP MacTargetPlatform
[2018.08.03-18.14.05:407][  0]LogTemp: Display: Loaded TP WindowsClientTargetPlatform
[2018.08.03-18.14.05:419][  0]LogTemp: Display: Loaded TP WindowsNoEditorTargetPlatform
[2018.08.03-18.14.05:431][  0]LogTemp: Display: Loaded TP WindowsServerTargetPlatform
[2018.08.03-18.14.05:437][  0]LogTemp: Display: Loaded TP WindowsTargetPlatform
[2018.08.03-18.14.05:509][  0]LogTemp: Display: Loaded TP AndroidTargetPlatform
[2018.08.03-18.14.05:509][  0]LogTemp: Display: Loaded TP AndroidTargetPlatform
[2018.08.03-18.14.05:509][  0]LogTemp: Display: Loaded TP AndroidTargetPlatform
[2018.08.03-18.14.05:509][  0]LogTemp: Display: Loaded TP AndroidTargetPlatform
[2018.08.03-18.14.05:509][  0]LogTemp: Display: Loaded TP AndroidTargetPlatform
[2018.08.03-18.14.05:509][  0]LogTemp: Display: Loaded TP AndroidTargetPlatform
[2018.08.03-18.14.05:509][  0]LogTemp: Display: Loaded TP AndroidTargetPlatform
[2018.08.03-18.14.05:509][  0]LogTemp: Display: Loaded TP AndroidTargetPlatform
[2018.08.03-18.14.05:509][  0]LogTemp: Display: Loaded TP AndroidTargetPlatform
[2018.08.03-18.14.05:509][  0]LogTemp: Display: Loaded TP AndroidTargetPlatform
[2018.08.03-18.14.05:509][  0]LogTemp: Display: Loaded TP AndroidTargetPlatform
[2018.08.03-18.14.05:509][  0]LogTemp: Display: Loaded TP AndroidTargetPlatform
[2018.08.03-18.14.05:509][  0]LogTemp: Display: Loaded TP AndroidTargetPlatform
[2018.08.03-18.14.05:509][  0]LogTemp: Display: Loaded TP AndroidTargetPlatform
[2018.08.03-18.14.05:509][  0]LogTemp: Display: Loaded TP AndroidTargetPlatform
[2018.08.03-18.14.05:509][  0]LogTemp: Display: Loaded TP AndroidTargetPlatform
[2018.08.03-18.14.05:509][  0]LogTemp: Display: Loaded TP AndroidTargetPlatform
[2018.08.03-18.14.05:509][  0]LogTemp: Display: Loaded TP AndroidTargetPlatform
[2018.08.03-18.14.05:510][  0]LogTemp: Display: Loaded TP HTML5TargetPlatform
[2018.08.03-18.14.05:567][  0]LogTemp: Display: Loaded TP IOSTargetPlatform
[2018.08.03-18.14.05:567][  0]LogTemp: Display: Loaded TP IOSTargetPlatform
[2018.08.03-18.14.05:588][  0]LogTemp: Display: Loaded TP TVOSTargetPlatform
[2018.08.03-18.14.05:588][  0]LogTemp: Display: Loaded TP TVOSTargetPlatform
[2018.08.03-18.14.05:600][  0]LogTemp: Display: Loaded TP LinuxClientTargetPlatform
[2018.08.03-18.14.05:612][  0]LogTemp: Display: Loaded TP LinuxNoEditorTargetPlatform
[2018.08.03-18.14.05:624][  0]LogTemp: Display: Loaded TP LinuxServerTargetPlatform
[2018.08.03-18.14.05:636][  0]LogTemp: Display: Loaded TP LinuxTargetPlatform
[2018.08.03-18.14.05:644][  0]LogTemp: Display: Loaded TP LuminTargetPlatform
[2018.08.03-18.14.05:644][  0]LogTargetPlatformManager: Display: Building Assets For Windows
[2018.08.03-18.14.05:687][  0]LogXGEController: Cannot use XGE Controller as Incredibuild is not installed on this machine.
[2018.08.03-18.14.05:687][  0]LogShaderCompilers: Cannot use XGE Shader Compiler as Incredibuild is not installed on this machine.
[2018.08.03-18.14.05:687][  0]LogShaderCompilers: Display: Using Local Shader Compiler.
[2018.08.03-18.14.06:298][  0]LogDerivedDataCache: Display: Max Cache Size: 512 MB
[2018.08.03-18.14.06:342][  0]LogDerivedDataCache: Loaded boot cache 0.04s 71MB C:/Users/Elijah Bush/AppData/Local/UnrealEngine/4.20/DerivedDataCache/Boot.ddc.
[2018.08.03-18.14.06:343][  0]LogDerivedDataCache: Display: Loaded Boot cache: C:/Users/Elijah Bush/AppData/Local/UnrealEngine/4.20/DerivedDataCache/Boot.ddc
[2018.08.03-18.14.06:343][  0]LogDerivedDataCache: FDerivedDataBackendGraph:  Pak pak cache file ../../../../../Revolt/Revolt/DerivedDataCache/DDC.ddp not found, will not use a pak cache.
[2018.08.03-18.14.06:343][  0]LogDerivedDataCache: Unable to find inner node Pak for hierarchical cache Hierarchy.
[2018.08.03-18.14.06:343][  0]LogDerivedDataCache: FDerivedDataBackendGraph:  CompressedPak pak cache file ../../../../../Revolt/Revolt/DerivedDataCache/Compressed.ddp not found, will not use a pak cache.
[2018.08.03-18.14.06:343][  0]LogDerivedDataCache: Unable to find inner node CompressedPak for hierarchical cache Hierarchy.
[2018.08.03-18.14.06:354][  0]LogDerivedDataCache: Display: Pak cache opened for reading ../../../Engine/DerivedDataCache/Compressed.ddp.
[2018.08.03-18.14.06:367][  0]LogDerivedDataCache: Using Local data cache path C:/Users/Elijah Bush/AppData/Local/UnrealEngine/Common/DerivedDataCache: Writable
[2018.08.03-18.14.06:367][  0]LogDerivedDataCache: Shared data cache path not found in *engine.ini, will not use an Shared cache.
[2018.08.03-18.14.06:367][  0]LogDerivedDataCache: Unable to find inner node Shared for hierarchical cache Hierarchy.
[2018.08.03-18.14.06:383][  0]LogMaterial: Verifying Global Shaders for PCD3D_SM5
[2018.08.03-18.14.06:385][  0]LogSlate: Using FreeType 2.6.0
[2018.08.03-18.14.06:385][  0]LogSlate: SlateFontServices - WITH_FREETYPE: 1, WITH_HARFBUZZ: 1
[2018.08.03-18.14.06:456][  0]LogAssetRegistry: FAssetRegistry took 0.0258 seconds to start up
[2018.08.03-18.14.06:721][  0]LogInit: Selected Device Profile: [Windows]
[2018.08.03-18.14.06:830][  0]LogSimplygon: Simplygon DLL not present - disabling.
[2018.08.03-18.14.06:833][  0]LogMeshReduction: Using SimplygonSwarm for distributed automatic mesh merging
[2018.08.03-18.14.06:833][  0]LogMeshReduction: Using ProxyLODMeshReduction for automatic mesh merging
[2018.08.03-18.14.06:833][  0]LogMeshReduction: Using QuadricMeshReduction for automatic static mesh reduction
[2018.08.03-18.14.06:833][  0]LogMeshReduction: No automatic skeletal mesh reduction module available
[2018.08.03-18.14.06:849][  0]LogNetVersion: ReVolt_Alpha 1.0.0, NetCL: 4212847, EngineNetVer: 5, GameNetVer: 0 (Checksum: 1661755283)
[2018.08.03-18.14.07:299][  0]LogPackageLocalizationCache: Processed 11 localized package path(s) for 2 prioritized culture(s) in 0.081860 seconds
[2018.08.03-18.14.07:304][  0]LogUObjectArray: 38425 objects as part of root set at end of initial load.
[2018.08.03-18.14.07:304][  0]LogUObjectAllocator: 6690864 out of 0 bytes used by permanent object pool.
[2018.08.03-18.14.07:304][  0]LogUObjectArray: CloseDisregardForGC: 0/0 objects in disregard for GC pool
[2018.08.03-18.14.08:072][  0]LogTcpMessaging: Initializing TcpMessaging bridge
[2018.08.03-18.14.08:085][  0]LogUdpMessaging: Initializing bridge on interface 0.0.0.0:0 to multicast group 230.0.0.1:6666.
[2018.08.03-18.14.08:216][  0]SourceControl: Source control is disabled
[2018.08.03-18.14.08:216][  0]SourceControl: Source control is disabled
[2018.08.03-18.14.08:217][  0]SourceControl: Source control is disabled
[2018.08.03-18.14.08:218][  0]SourceControl: Source control is disabled
[2018.08.03-18.14.08:370][  0]LogAndroidPermission: UAndroidPermissionCallbackProxy::GetInstance
[2018.08.03-18.14.08:459][  0]LogOcInput: OculusInput pre-init called
[2018.08.03-18.14.08:511][  0]LogEngine: Initializing Engine...
[2018.08.03-18.14.08:512][  0]LogHMD: Failed to initialize OpenVR with code 110
[2018.08.03-18.14.08:514][  0]LogStats: UGameplayTagsManager::ConstructGameplayTagTree: ImportINI prefixes -  0.000 s
[2018.08.03-18.14.08:514][  0]LogStats: UGameplayTagsManager::ConstructGameplayTagTree: Construct from data asset -  0.000 s
[2018.08.03-18.14.08:514][  0]LogStats: UGameplayTagsManager::ConstructGameplayTagTree: ImportINI -  0.000 s
[2018.08.03-18.14.08:514][  0]LogStats: UGameplayTagsManager::ConstructGameplayTagTree: GameplayTagTreeChangedEvent.Broadcast -  0.000 s
[2018.08.03-18.14.08:699][  0]LogInit: Initializing FReadOnlyCVARCache
[2018.08.03-18.14.08:709][  0]LogAIModule: Creating AISystem for world Untitled
[2018.08.03-18.14.08:741][  0]LogInit: XAudio2 using 'Speakers (3- USB Audio Device)' : 2 channels at 48 kHz using 16 bits per sample (channel mask 0x3)
[2018.08.03-18.14.08:753][  0]LogInit: FAudioDevice initialized.
[2018.08.03-18.14.08:754][  0]LogNetVersion: Set ProjectVersion to 0.0.1. Version Checksum will be recalculated on next use.
[2018.08.03-18.14.08:845][  0]LogDerivedDataCache: Saved boot cache 0.09s 71MB C:/Users/Elijah Bush/AppData/Local/UnrealEngine/4.20/DerivedDataCache/Boot.ddc.
[2018.08.03-18.14.08:845][  0]LogInit: Texture streaming: Enabled
[2018.08.03-18.14.08:857][  0]LogEngineSessionManager: EngineSessionManager initialized
[2018.08.03-18.14.08:867][  0]LogInit: Transaction tracking system initialized
[2018.08.03-18.14.08:883][  0]BlueprintLog: New page: Editor Load
[2018.08.03-18.14.08:945][  0]LocalizationService: Localization service is disabled
[2018.08.03-18.14.09:165][  0]LogCook: Display: Max memory allowance for cook 16384mb min free memory 0mb
[2018.08.03-18.14.09:165][  0]LogCook: Display: Mobile HDR setting 0
[2018.08.03-18.14.09:165][  0]LogGameplayTags: Display: UGameplayTagsManager::DoneAddingNativeTags. DelegateIsBound: 0
[2018.08.03-18.14.09:165][  0]LogStats: UGameplayTagsManager::ConstructGameplayTagTree: ImportINI prefixes -  0.000 s
[2018.08.03-18.14.09:165][  0]LogStats: UGameplayTagsManager::ConstructGameplayTagTree: Construct from data asset -  0.000 s
[2018.08.03-18.14.09:165][  0]LogStats: UGameplayTagsManager::ConstructGameplayTagTree: ImportINI -  0.000 s
[2018.08.03-18.14.09:165][  0]LogStats: UGameplayTagsManager::ConstructGameplayTagTree: GameplayTagTreeChangedEvent.Broadcast -  0.000 s
[2018.08.03-18.14.09:272][  0]LogFileCache: Scanning file cache for directory 'D:/Revolt/Revolt/Content/' took 0.01s
[2018.08.03-18.14.09:273][  0]SourceControl: Source control is disabled
[2018.08.03-18.14.09:273][  0]Cmd: MAP LOAD FILE="../../../../../Revolt/Revolt/Content/Levels/Main_Menu.umap" TEMPLATE=0 SHOWPROGRESS=1 FEATURELEVEL=3
[2018.08.03-18.14.09:273][  0]LightingResults: New page: Lighting Build
[2018.08.03-18.14.09:275][  0]MapCheck: New page: Map Check
[2018.08.03-18.14.09:275][  0]LightingResults: New page: Lighting Build
[2018.08.03-18.14.09:429][  0]LogAIModule: Creating AISystem for world Main_Menu
[2018.08.03-18.14.09:435][  0]LogEditorServer: Finished looking for orphan Actors (0.000 secs)
[2018.08.03-18.14.09:456][  0]Cmd: MAP CHECKDEP NOCLEARLOG
[2018.08.03-18.14.09:500][  0]MapCheck: Map check complete: 0 Error(s), 0 Warning(s), took 44.066ms to complete.
[2018.08.03-18.14.09:501][  0]LogFileHelpers: Loading map 'Main_Menu' took 0.228
[2018.08.03-18.14.09:604][  0]LogSlate: Updating window title bar state: overlay mode, drag disabled, window buttons hidden, title bar hidden
[2018.08.03-18.14.09:611][  0]LogSlate: Updating window title bar state: overlay mode, drag disabled, window buttons hidden, title bar hidden
[2018.08.03-18.14.09:618][  0]LogSlate: Updating window title bar state: overlay mode, drag disabled, window buttons hidden, title bar hidden
[2018.08.03-18.14.09:625][  0]LogSlate: Updating window title bar state: overlay mode, drag disabled, window buttons hidden, title bar hidden
[2018.08.03-18.14.09:630][  0]LogCollectionManager: Loaded 0 collections in 0.001205 seconds
[2018.08.03-18.14.09:671][  0]LogFileCache: Scanning file cache for directory 'D:/Revolt/Revolt/Saved/Collections/' took 0.01s
[2018.08.03-18.14.09:671][  0]LogFileCache: Scanning file cache for directory 'D:/Revolt/Revolt/Content/Developers/ElijahBush/Collections/' took 0.01s
[2018.08.03-18.14.09:671][  0]LogFileCache: Scanning file cache for directory 'D:/Revolt/Revolt/Content/Collections/' took 0.01s
[2018.08.03-18.14.09:671][  0]LogCollectionManager: Rebuilt the GUID cache for 0 collections in 0.000000 seconds
[2018.08.03-18.14.09:680][  0]LogContentBrowser: Native class hierarchy populated in 0.0083 seconds. Added 2572 classes and 603 folders.
[2018.08.03-18.14.09:685][  0]LogContentBrowser: Native class hierarchy updated for 'WidgetCarousel' in 0.0002 seconds. Added 0 classes and 0 folders.
[2018.08.03-18.14.09:725][  0]LogContentBrowser: Native class hierarchy updated for 'AddContentDialog' in 0.0002 seconds. Added 0 classes and 0 folders.
[2018.08.03-18.14.09:729][  0]LogContentBrowser: Native class hierarchy updated for 'SceneOutliner' in 0.0002 seconds. Added 1 classes and 2 folders.
[2018.08.03-18.14.09:741][  0]LogSlate: Took 0.000245 seconds to synchronously load lazily loaded font '../../../Engine/Content/Slate/Fonts/Roboto-Regular.ttf' (155K)
[2018.08.03-18.14.09:742][  0]LogSlate: Took 0.000169 seconds to synchronously load lazily loaded font '../../../Engine/Content/Slate/Fonts/Roboto-Bold.ttf' (160K)
[2018.08.03-18.14.09:746][  0]LogSlate: Took 0.000250 seconds to synchronously load lazily loaded font '../../../Engine/Content/Editor/Slate/Fonts/FontAwesome.ttf' (139K)
[2018.08.03-18.14.09:816][  0]LogRenderer: Reallocating scene render targets to support 1120x576 Format 10 NumSamples 1 (Frame:1).
[2018.08.03-18.14.09:928][  0]LogContentBrowser: Native class hierarchy updated for 'HierarchicalLODOutliner' in 0.0004 seconds. Added 0 classes and 0 folders.
[2018.08.03-18.14.09:928][  0]LogLoad: (Engine Initialization) Total time: 6.74 seconds
[2018.08.03-18.14.09:928][  0]LogLoad: (Engine Initialization) Total Blueprint compile time: 0.00 seconds
[2018.08.03-18.14.09:938][  0]LogWindowsTextInputMethodSystem: Display: IME system now deactivated.
[2018.08.03-18.14.09:962][  0]LogContentStreaming: Texture pool size now 3000 MB
[2018.08.03-18.14.09:991][  0]LogSlate: Took 0.000249 seconds to synchronously load lazily loaded font '../../../Engine/Content/Slate/Fonts/Roboto-Light.ttf' (167K)
[2018.08.03-18.14.09:996][  1]LogFileCache: Retrieving MD5 hashes for directory 'D:/Revolt/Revolt/Content/' took 0.04s
[2018.08.03-18.14.13:316][395]LogSlate: FSceneViewport::OnFocusLost() reason 2
[2018.08.03-18.14.16:536][770]LogSlate: FSceneViewport::OnFocusLost() reason 2
[2018.08.03-18.14.17:097][834]LogAssetRegistry: Asset discovery search completed in 10.6628 seconds
[2018.08.03-18.14.17:098][834]LogCollectionManager: Rebuilt the object cache for 0 collections in 0.000000 seconds (found 0 objects)
[2018.08.03-18.14.17:098][834]LogCollectionManager: Fixed up redirectors for 0 collections in 0.000039 seconds (updated 0 objects)
[2018.08.03-18.14.24:060][667]LogSlate: Window 'Open Level' being destroyed
[2018.08.03-18.15.50:420][ 53]LogSlate: FSceneViewport::OnFocusLost() reason 0
[2018.08.03-18.15.53:073][334]LogSlate: Took 0.000188 seconds to synchronously load lazily loaded font '../../../Engine/Content/Slate/Fonts/Roboto-Light.ttf' (167K)
[2018.08.03-18.15.53:080][334]LogAssetEditorManager: Opening Asset editor for Blueprint /Game/Blueprints/End_Plate_Blueprint.End_Plate_Blueprint
[2018.08.03-18.15.53:512][334]LogContentBrowser: Native class hierarchy updated for 'BlueprintGraph' in 0.0005 seconds. Added 116 classes and 0 folders.
[2018.08.03-18.15.56:196][567]LogSlate: Window 'End_Plate_Blueprint' being destroyed
[2018.08.03-18.15.56:199][567]LogSlate: Window 'End_Plate_Blueprint' being destroyed
[2018.08.03-18.16.22:241][314]LogSlate: FSceneViewport::OnFocusLost() reason 0
[2018.08.03-18.16.22:493][314]LogAssetEditorManager: Opening Asset editor for Blueprint /Game/Blueprints/Basic_Enemy_1.Basic_Enemy_1
[2018.08.03-18.16.22:761][314]LogSlate: Took 0.000186 seconds to synchronously load lazily loaded font '../../../Engine/Content/Slate/Fonts/Roboto-BoldCondensed.ttf' (158K)
[2018.08.03-18.16.22:882][315]LogSlate: Took 0.000226 seconds to synchronously load lazily loaded font '../../../Engine/Content/Slate/Fonts/Roboto-Italic.ttf' (157K)
[2018.08.03-18.16.26:017][670]LogSlate: Window 'Basic_Enemy_1' being destroyed
[2018.08.03-18.16.26:019][670]LogSlate: Window 'Basic_Enemy_1' being destroyed
[2018.08.03-18.16.29:542][ 76]LogSlate: FSceneViewport::OnFocusLost() reason 0
[2018.08.03-18.16.44:242][258]LogRenderer: Reallocating scene render targets to support 1128x600 Format 10 NumSamples 1 (Frame:3213).
[2018.08.03-18.16.51:063][997]LogSlate: FSceneViewport::OnFocusLost() reason 2
[2018.08.03-18.19.03:353][ 13]LogSlate: FSceneViewport::OnFocusLost() reason 0
[2018.08.03-18.19.11:154][938]Cmd: MAP LOAD FILE="../../../../../Revolt/Revolt/Content/Levels/Terra.umap" TEMPLATE=0 SHOWPROGRESS=1 FEATURELEVEL=3
[2018.08.03-18.19.11:165][938]LightingResults: New page: Lighting Build
[2018.08.03-18.19.11:166][938]LoadErrors: New page: Loading map: Terra.umap
[2018.08.03-18.19.11:167][938]MapCheck: New page: Map Check
[2018.08.03-18.19.11:168][938]LightingResults: New page: Lighting Build
[2018.08.03-18.19.12:333][938]LogMaterial: Display: Missing cached shader map for material M_Rock_Slate, compiling. 
[2018.08.03-18.19.12:446][938]LogShaderCompilers: Display: Shaders left to compile 60
[2018.08.03-18.19.12:446][938]LogShaderCompilers: Display: Shaders left to compile 50
[2018.08.03-18.19.12:446][938]LogShaderCompilers: Display: Shaders left to compile 40
[2018.08.03-18.19.12:527][938]LogAIModule: Creating AISystem for world Terra
[2018.08.03-18.19.13:794][938]LogEditorServer: Finished looking for orphan Actors (0.000 secs)
[2018.08.03-18.19.13:941][938]Cmd: MAP CHECKDEP NOCLEARLOG
[2018.08.03-18.19.14:036][938]MapCheck: Map check complete: 0 Error(s), 0 Warning(s), took 96.021ms to complete.
[2018.08.03-18.19.14:036][938]LogFileHelpers: Loading map 'Terra' took 2.883
[2018.08.03-18.19.14:037][938]LogSlate: Window 'Open Level' being destroyed
[2018.08.03-18.19.20:334][475]LogShaderCompilers: Display: Shaders left to compile 30
[2018.08.03-18.19.20:907][540]LogSlate: FSceneViewport::OnFocusLost() reason 0
[2018.08.03-18.19.21:602][613]LogShaderCompilers: Display: Shaders left to compile 20
[2018.08.03-18.19.21:796][635]LogShaderCompilers: Display: Shaders left to compile 10
[2018.08.03-18.19.30:016][579]LogEditorActor: Deleted Actor: StaticMeshActor
[2018.08.03-18.19.30:017][579]LogEditorActor: Deleted Actor: StaticMeshActor
[2018.08.03-18.19.30:019][579]LogEditorActor: Deleted Actor: StaticMeshActor
[2018.08.03-18.19.30:020][579]LogEditorActor: Deleted Actor: StaticMeshActor
[2018.08.03-18.19.30:021][579]LogEditorActor: Deleted Actor: StaticMeshActor
[2018.08.03-18.19.30:022][579]LogEditorActor: Deleted Actor: StaticMeshActor
[2018.08.03-18.19.30:023][579]LogEditorActor: Deleted Actor: StaticMeshActor
[2018.08.03-18.19.30:024][579]LogEditorActor: Deleted Actor: StaticMeshActor
[2018.08.03-18.19.30:025][579]LogEditorActor: Deleted Actor: StaticMeshActor
[2018.08.03-18.19.30:025][579]LogEditorActor: Deleted Actor: StaticMeshActor
[2018.08.03-18.19.30:026][579]LogEditorActor: Deleted Actor: StaticMeshActor
[2018.08.03-18.19.30:027][579]LogEditorActor: Deleted Actor: StaticMeshActor
[2018.08.03-18.19.30:028][579]LogEditorActor: Deleted Actor: StaticMeshActor
[2018.08.03-18.19.30:029][579]LogEditorActor: Deleted Actor: StaticMeshActor
[2018.08.03-18.19.30:030][579]LogEditorActor: Deleted Actor: StaticMeshActor
[2018.08.03-18.19.30:031][579]LogEditorActor: Deleted Actor: StaticMeshActor
[2018.08.03-18.19.30:031][579]LogEditorActor: Deleted Actor: StaticMeshActor
[2018.08.03-18.19.30:032][579]LogEditorActor: Deleted Actor: StaticMeshActor
[2018.08.03-18.19.30:033][579]LogEditorActor: Deleted Actor: StaticMeshActor
[2018.08.03-18.19.30:034][579]LogEditorActor: Deleted Actor: StaticMeshActor
[2018.08.03-18.19.30:035][579]LogEditorActor: Deleted Actor: StaticMeshActor
[2018.08.03-18.19.30:036][579]LogEditorActor: Deleted Actor: StaticMeshActor
[2018.08.03-18.19.30:037][579]LogEditorActor: Deleted Actor: StaticMeshActor
[2018.08.03-18.19.30:037][579]LogEditorActor: Deleted Actor: StaticMeshActor
[2018.08.03-18.19.30:038][579]LogEditorActor: Deleted Actor: StaticMeshActor
[2018.08.03-18.19.30:039][579]LogEditorActor: Deleted Actor: StaticMeshActor
[2018.08.03-18.19.30:068][579]LogEditorActor: Deleted 26 Actors (0.109 secs)
[2018.08.03-18.19.37:345][441]LogEditorActor: Deleted Actor: spawn_Pad_C
[2018.08.03-18.19.37:346][441]LogEditorActor: Deleted Actor: spawn_Pad_C
[2018.08.03-18.19.37:348][441]LogEditorActor: Deleted Actor: spawn_Pad_C
[2018.08.03-18.19.37:349][441]LogEditorActor: Deleted Actor: spawn_Pad_C
[2018.08.03-18.19.37:350][441]LogEditorActor: Deleted Actor: spawn_Pad_C
[2018.08.03-18.19.37:351][441]LogEditorActor: Deleted Actor: spawn_Pad_C
[2018.08.03-18.19.37:352][441]LogEditorActor: Deleted Actor: spawn_Pad_C
[2018.08.03-18.19.37:353][441]LogEditorActor: Deleted Actor: spawn_Pad_C
[2018.08.03-18.19.37:354][441]LogEditorActor: Deleted Actor: spawn_Pad_C
[2018.08.03-18.19.37:355][441]LogEditorActor: Deleted Actor: spawn_Pad_C
[2018.08.03-18.19.37:356][441]LogEditorActor: Deleted Actor: spawn_Pad_C
[2018.08.03-18.19.37:357][441]LogEditorActor: Deleted Actor: spawn_Pad_C
[2018.08.03-18.19.37:358][441]LogEditorActor: Deleted Actor: spawn_Pad_C
[2018.08.03-18.19.37:360][441]LogEditorActor: Deleted Actor: spawn_Pad_C
[2018.08.03-18.19.37:361][441]LogEditorActor: Deleted Actor: spawn_Pad_C
[2018.08.03-18.19.37:362][441]LogEditorActor: Deleted Actor: spawn_Pad_C
[2018.08.03-18.19.37:363][441]LogEditorActor: Deleted Actor: spawn_Pad_C
[2018.08.03-18.19.37:364][441]LogEditorActor: Deleted Actor: spawn_Pad_C
[2018.08.03-18.19.37:365][441]LogEditorActor: Deleted Actor: spawn_Pad_C
[2018.08.03-18.19.37:366][441]LogEditorActor: Deleted Actor: spawn_Pad_C
[2018.08.03-18.19.37:367][441]LogEditorActor: Deleted Actor: spawn_Pad_C
[2018.08.03-18.19.37:368][441]LogEditorActor: Deleted Actor: spawn_Pad_C
[2018.08.03-18.19.37:369][441]LogEditorActor: Deleted Actor: spawn_Pad_C
[2018.08.03-18.19.37:370][441]LogEditorActor: Deleted Actor: spawn_Pad_C
[2018.08.03-18.19.37:400][441]LogEditorActor: Deleted 24 Actors (0.085 secs)
[2018.08.03-18.20.00:173][133]Cmd: DELETE
[2018.08.03-18.20.00:173][133]Cmd: ACTOR DELETE
[2018.08.03-18.20.00:232][133]LogEditorActor: Deleted Actor: BlockingVolume
[2018.08.03-18.20.00:233][133]LogEditorActor: Deleted Actor: BlockingVolume
[2018.08.03-18.20.00:234][133]LogEditorActor: Deleted Actor: BlockingVolume
[2018.08.03-18.20.00:235][133]LogEditorActor: Deleted Actor: BlockingVolume
[2018.08.03-18.20.00:263][133]LogEditorActor: Deleted 4 Actors (0.059 secs)
[2018.08.03-18.20.06:658][900]LogSlate: FSceneViewport::OnFocusLost() reason 0
[2018.08.03-18.21.28:071][378]LogAIModule: Creating AISystem for world Main_Menu
[2018.08.03-18.21.30:450][584]LogAIModule: Creating AISystem for world Grid_test_1
[2018.08.03-18.21.37:523][194]LogSlate: Window 'Save Content' being destroyed
[2018.08.03-18.21.37:604][194]Cmd: OBJ SAVEPACKAGE PACKAGE="/Game/Levels/Terra" FILE="../../../../../Revolt/Revolt/Content/Levels/Terra.umap" SILENT=true AUTOSAVING=false KEEPDIRTY=false
[2018.08.03-18.21.39:349][194]LogSavePackage: Moving '../../../../../Revolt/Revolt/Saved/Terra0492E52344B460ABD9C292A1A7D69876.tmp' to '../../../../../Revolt/Revolt/Content/Levels/Terra.umap'
[2018.08.03-18.21.39:381][194]LogFileHelpers: Saving map 'Terra' took 1.842
[2018.08.03-18.21.39:383][194]Cmd: MAP LOAD FILE="../../../../../Revolt/Revolt/Content/Levels/Terra.umap" TEMPLATE=0 SHOWPROGRESS=1 FEATURELEVEL=3
[2018.08.03-18.21.39:390][194]LightingResults: New page: Lighting Build
[2018.08.03-18.21.39:391][194]LoadErrors: New page: Loading map: Terra.umap
[2018.08.03-18.21.39:397][194]MapCheck: New page: Map Check
[2018.08.03-18.21.39:397][194]LightingResults: New page: Lighting Build
[2018.08.03-18.21.40:214][194]LogAIModule: Creating AISystem for world Terra
[2018.08.03-18.21.40:658][194]LogEditorServer: Finished looking for orphan Actors (0.000 secs)
[2018.08.03-18.21.40:713][194]Cmd: MAP CHECKDEP NOCLEARLOG
[2018.08.03-18.21.40:778][194]MapCheck: Map check complete: 0 Error(s), 0 Warning(s), took 65.043ms to complete.
[2018.08.03-18.21.40:778][194]LogFileHelpers: Loading map 'Terra' took 1.396
[2018.08.03-18.21.40:779][194]LogSlate: Window 'Open Level' being destroyed
[2018.08.03-18.22.37:478][ 22]Cmd: TRANSACTION UNDO
[2018.08.03-18.22.37:478][ 22]LogEditorTransaction: Undo Set Scale
[2018.08.03-18.24.07:367][862]LogSlate: FSceneViewport::OnFocusLost() reason 2
[2018.08.03-18.24.17:925][940]LogSlate: Window 'Save Content' being destroyed
[2018.08.03-18.24.18:001][940]Cmd: OBJ SAVEPACKAGE PACKAGE="/Game/Levels/Terra" FILE="../../../../../Revolt/Revolt/Content/Levels/Terra.umap" SILENT=true AUTOSAVING=false KEEPDIRTY=false
[2018.08.03-18.24.19:955][940]LogSavePackage: Moving '../../../../../Revolt/Revolt/Saved/TerraA5CCCE054862CF737B0AEDB9CB805BB2.tmp' to '../../../../../Revolt/Revolt/Content/Levels/Terra.umap'
[2018.08.03-18.24.20:000][940]LogFileHelpers: Saving map 'Terra' took 2.062
[2018.08.03-18.24.20:004][940]Cmd: MAP LOAD FILE="../../../../../Revolt/Revolt/Content/Levels/Grid_test_1.umap" TEMPLATE=0 SHOWPROGRESS=1 FEATURELEVEL=3
[2018.08.03-18.24.20:011][940]LightingResults: New page: Lighting Build
[2018.08.03-18.24.20:012][940]LoadErrors: New page: Loading map: Grid_test_1.umap
[2018.08.03-18.24.20:021][940]MapCheck: New page: Map Check
[2018.08.03-18.24.20:021][940]LightingResults: New page: Lighting Build
[2018.08.03-18.24.20:544][940]LogAIModule: Creating AISystem for world Grid_test_1
[2018.08.03-18.24.21:031][940]LogEditorServer: Finished looking for orphan Actors (0.000 secs)
[2018.08.03-18.24.21:228][940]Cmd: MAP CHECKDEP NOCLEARLOG
[2018.08.03-18.24.21:288][940]MapCheck: Map check complete: 0 Error(s), 0 Warning(s), took 60.741ms to complete.
[2018.08.03-18.24.21:288][940]LogFileHelpers: Loading map 'Grid_test_1' took 1.286
[2018.08.03-18.24.21:290][940]LogSlate: Window 'Open Level' being destroyed
[2018.08.03-18.24.52:139][278]LogSlate: Window 'New Level' being destroyed
[2018.08.03-18.24.52:143][278]LightingResults: New page: Lighting Build
[2018.08.03-18.24.52:153][278]MapCheck: New page: Map Check
[2018.08.03-18.24.52:153][278]LightingResults: New page: Lighting Build
[2018.08.03-18.24.52:210][278]LogAIModule: Creating AISystem for world Untitled
[2018.08.03-18.24.52:213][278]LoadErrors: New page: New Map
[2018.08.03-18.24.58:886][ 66]LogSlate: Window 'ReVolt_Alpha - Unreal Editor' being destroyed
[2018.08.03-18.24.59:054][ 67]Cmd: QUIT_EDITOR
[2018.08.03-18.24.59:068][ 67]LogWindowsTextInputMethodSystem: Display: IME system now deactivated.
[2018.08.03-18.24.59:077][ 67]LogExit: Preparing to exit.
[2018.08.03-18.24.59:457][ 67]LogExit: Editor shut down
[2018.08.03-18.24.59:457][ 67]LogExit: Transaction tracking system shut down
[2018.08.03-18.24.59:705][ 67]LogExit: Object subsystem successfully closed.
[2018.08.03-18.24.59:717][ 67]LogShaderCompilers: Display: Shaders left to compile 0
[2018.08.03-18.24.59:720][ 67]LogD3D11RHI: Shutdown
[2018.08.03-18.24.59:720][ 67]LogD3D11RHI: CleanupD3DDevice
[2018.08.03-18.24.59:723][ 67]LogD3D11RHI: ~FD3D11DynamicRHI
[2018.08.03-18.24.59:737][ 67]LogModuleManager: Shutting down and abandoning module NewLevelDialog (614)
[2018.08.03-18.24.59:737][ 67]LogModuleManager: Shutting down and abandoning module BlueprintGraph (612)
[2018.08.03-18.24.59:737][ 67]LogModuleManager: Shutting down and abandoning module HierarchicalLODOutliner (610)
[2018.08.03-18.24.59:737][ 67]LogModuleManager: Shutting down and abandoning module SceneOutliner (608)
[2018.08.03-18.24.59:737][ 67]LogModuleManager: Shutting down and abandoning module AddContentDialog (606)
[2018.08.03-18.24.59:738][ 67]LogModuleManager: Shutting down and abandoning module WidgetCarousel (605)
[2018.08.03-18.24.59:738][ 67]LogModuleManager: Shutting down and abandoning module EditorWidgets (602)
[2018.08.03-18.24.59:738][ 67]LogModuleManager: Shutting down and abandoning module CollectionManager (600)
[2018.08.03-18.24.59:738][ 67]LogModuleManager: Shutting down and abandoning module StatsViewer (598)
[2018.08.03-18.24.59:738][ 67]LogModuleManager: Shutting down and abandoning module FoliageEdit (596)
[2018.08.03-18.24.59:738][ 67]LogModuleManager: Shutting down and abandoning module LandscapeEditor (594)
[2018.08.03-18.24.59:738][ 67]LogModuleManager: Shutting down and abandoning module MeshPaintMode (592)
[2018.08.03-18.24.59:738][ 67]LogModuleManager: Shutting down and abandoning module SceneDepthPickerMode (590)
[2018.08.03-18.24.59:738][ 67]LogModuleManager: Shutting down and abandoning module ActorPickerMode (588)
[2018.08.03-18.24.59:738][ 67]LogModuleManager: Shutting down and abandoning module GeometryMode (586)
[2018.08.03-18.24.59:738][ 67]LogModuleManager: Shutting down and abandoning module TextureAlignMode (584)
[2018.08.03-18.24.59:738][ 67]LogModuleManager: Shutting down and abandoning module BspMode (582)
[2018.08.03-18.24.59:738][ 67]LogModuleManager: Shutting down and abandoning module PIEPreviewDeviceProfileSelector (580)
[2018.08.03-18.24.59:738][ 67]LogModuleManager: Shutting down and abandoning module SequenceRecorderSections (578)
[2018.08.03-18.24.59:738][ 67]LogModuleManager: Shutting down and abandoning module AutomationWorker (576)
[2018.08.03-18.24.59:738][ 67]LogModuleManager: Shutting down and abandoning module AudioCaptureEditor (574)
[2018.08.03-18.24.59:738][ 67]LogModuleManager: Shutting down and abandoning module SequenceRecorder (573)
[2018.08.03-18.24.59:738][ 67]LogModuleManager: Shutting down and abandoning module MatineeToLevelSequence (570)
[2018.08.03-18.24.59:738][ 67]LogModuleManager: Shutting down and abandoning module LevelSequenceEditor (568)
[2018.08.03-18.24.59:738][ 67]LogModuleManager: Shutting down and abandoning module PlacementMode (567)
[2018.08.03-18.24.59:738][ 67]LogModuleManager: Shutting down and abandoning module MaterialEditor (566)
[2018.08.03-18.24.59:738][ 67]LogModuleManager: Shutting down and abandoning module WmfMediaFactory (562)
[2018.08.03-18.24.59:738][ 67]LogModuleManager: Shutting down and abandoning module WmfMediaEditor (560)
[2018.08.03-18.24.59:738][ 67]LogModuleManager: Shutting down and abandoning module MediaPlayerEditor (558)
[2018.08.03-18.24.59:738][ 67]LogModuleManager: Shutting down and abandoning module OpenExrWrapper (556)
[2018.08.03-18.24.59:738][ 67]LogModuleManager: Shutting down and abandoning module ImgMediaFactory (554)
[2018.08.03-18.24.59:738][ 67]LogModuleManager: Shutting down and abandoning module ImgMediaEditor (552)
[2018.08.03-18.24.59:738][ 67]LogModuleManager: Shutting down and abandoning module AvfMediaFactory (550)
[2018.08.03-18.24.59:738][ 67]LogModuleManager: Shutting down and abandoning module AvfMediaEditor (548)
[2018.08.03-18.24.59:738][ 67]LogModuleManager: Shutting down and abandoning module AndroidMediaFactory (546)
[2018.08.03-18.24.59:738][ 67]LogModuleManager: Shutting down and abandoning module AndroidMediaEditor (544)
[2018.08.03-18.24.59:738][ 67]LogModuleManager: Shutting down and abandoning module MagicLeapCameraPreviewFactory (542)
[2018.08.03-18.24.59:738][ 67]LogModuleManager: Shutting down and abandoning module MagicLeapMediaFactory (540)
[2018.08.03-18.24.59:738][ 67]LogModuleManager: Shutting down and abandoning module MagicLeapMediaEditor (538)
[2018.08.03-18.24.59:738][ 67]LogModuleManager: Shutting down and abandoning module CharacterAI (536)
[2018.08.03-18.24.59:738][ 67]LogModuleManager: Shutting down and abandoning module SmartSnapping (534)
[2018.08.03-18.24.59:738][ 67]LogModuleManager: Shutting down and abandoning module SessionServices (532)
[2018.08.03-18.24.59:738][ 67]LogModuleManager: Shutting down and abandoning module ViewportSnapping (530)
[2018.08.03-18.24.59:739][ 67]LogModuleManager: Shutting down and abandoning module ViewportInteraction (528)
[2018.08.03-18.24.59:739][ 67]LogModuleManager: Shutting down and abandoning module ClothPainter (526)
[2018.08.03-18.24.59:739][ 67]LogModuleManager: Shutting down and abandoning module SkeletalMeshEditor (525)
[2018.08.03-18.24.59:739][ 67]LogModuleManager: Shutting down and abandoning module LogVisualizer (522)
[2018.08.03-18.24.59:739][ 67]LogModuleManager: Shutting down and abandoning module IntroTutorials (520)
[2018.08.03-18.24.59:739][ 67]LogModuleManager: Shutting down and abandoning module GameProjectGeneration (519)
[2018.08.03-18.24.59:739][ 67]LogModuleManager: Shutting down and abandoning module LuminPlatformEditor (516)
[2018.08.03-18.24.59:739][ 67]LogModuleManager: Shutting down and abandoning module IOSPlatformEditor (514)
[2018.08.03-18.24.59:739][ 67]LogModuleManager: Shutting down and abandoning module HTML5PlatformEditor (512)
[2018.08.03-18.24.59:739][ 67]LogModuleManager: Shutting down and abandoning module AndroidPlatformEditor (510)
[2018.08.03-18.24.59:739][ 67]LogModuleManager: Shutting down and abandoning module AndroidDeviceDetection (509)
[2018.08.03-18.25.00:332][ 67]LogModuleManager: Shutting down and abandoning module WindowsPlatformEditor (506)
[2018.08.03-18.25.00:332][ 67]LogModuleManager: Shutting down and abandoning module LuminRuntimeSettings (504)
[2018.08.03-18.25.00:332][ 67]LogModuleManager: Shutting down and abandoning module IOSRuntimeSettings (502)
[2018.08.03-18.25.00:332][ 67]LogModuleManager: Shutting down and abandoning module AndroidRuntimeSettings (500)
[2018.08.03-18.25.00:332][ 67]LogModuleManager: Shutting down and abandoning module InputBindingEditor (498)
[2018.08.03-18.25.00:332][ 67]LogModuleManager: Shutting down and abandoning module MergeActors (496)
[2018.08.03-18.25.00:332][ 67]LogModuleManager: Shutting down and abandoning module LocalizationDashboard (494)
[2018.08.03-18.25.00:332][ 67]LogModuleManager: Shutting down and abandoning module LocalizationService (493)
[2018.08.03-18.25.00:332][ 67]LogModuleManager: Shutting down and abandoning module HardwareTargeting (490)
[2018.08.03-18.25.00:332][ 67]LogModuleManager: Shutting down and abandoning module DeviceProfileEditor (488)
[2018.08.03-18.25.00:332][ 67]LogModuleManager: Shutting down and abandoning module UndoHistory (486)
[2018.08.03-18.25.00:332][ 67]LogModuleManager: Shutting down and abandoning module XmlParser (484)
[2018.08.03-18.25.00:332][ 67]LogModuleManager: Shutting down and abandoning module Blutility (482)
[2018.08.03-18.25.00:332][ 67]LogModuleManager: Shutting down and abandoning module ProjectSettingsViewer (480)
[2018.08.03-18.25.00:332][ 67]LogModuleManager: Shutting down and abandoning module ProjectTargetPlatformEditor (479)
[2018.08.03-18.25.00:332][ 67]LogModuleManager: Shutting down and abandoning module EditorSettingsViewer (476)
[2018.08.03-18.25.00:333][ 67]LogModuleManager: Shutting down and abandoning module SettingsEditor (474)
[2018.08.03-18.25.00:333][ 67]LogModuleManager: Shutting down and abandoning module ProjectLauncher (472)
[2018.08.03-18.25.00:333][ 67]LogModuleManager: Shutting down and abandoning module SessionFrontend (470)
[2018.08.03-18.25.00:333][ 67]LogModuleManager: Shutting down and abandoning module ProfilerClient (468)
[2018.08.03-18.25.00:333][ 67]LogModuleManager: Shutting down and abandoning module DeviceManager (466)
[2018.08.03-18.25.00:333][ 67]LogModuleManager: Shutting down and abandoning module TargetDeviceServices (465)
[2018.08.03-18.25.00:387][ 67]LogModuleManager: Shutting down and abandoning module AutomationController (462)
[2018.08.03-18.25.00:387][ 67]LogModuleManager: Shutting down and abandoning module AutomationWindow (460)
[2018.08.03-18.25.00:387][ 67]LogModuleManager: Shutting down and abandoning module Layers (458)
[2018.08.03-18.25.00:387][ 67]LogModuleManager: Shutting down and abandoning module ComponentVisualizers (456)
[2018.08.03-18.25.00:387][ 67]LogModuleManager: Shutting down and abandoning module DetailCustomizations (454)
[2018.08.03-18.25.00:387][ 67]LogModuleManager: Shutting down and abandoning module PackagesDialog (452)
[2018.08.03-18.25.00:387][ 67]LogModuleManager: Shutting down and abandoning module Persona (450)
[2018.08.03-18.25.00:387][ 67]LogModuleManager: Shutting down and abandoning module AdvancedPreviewScene (449)
[2018.08.03-18.25.00:387][ 67]LogModuleManager: Shutting down and abandoning module AnimGraph (447)
[2018.08.03-18.25.00:387][ 67]LogModuleManager: Shutting down and abandoning module Kismet (444)
[2018.08.03-18.25.00:391][ 67]LogModuleManager: Shutting down and abandoning module GraphEditor (442)
[2018.08.03-18.25.00:392][ 67]LogModuleManager: Shutting down and abandoning module ClassViewer (440)
[2018.08.03-18.25.00:392][ 67]LogModuleManager: Shutting down and abandoning module Toolbox (438)
[2018.08.03-18.25.00:392][ 67]LogModuleManager: Shutting down and abandoning module ModuleUI (436)
[2018.08.03-18.25.00:392][ 67]LogModuleManager: Shutting down and abandoning module MovieSceneTools (434)
[2018.08.03-18.25.00:392][ 67]LogModuleManager: Shutting down and abandoning module OutputLog (432)
[2018.08.03-18.25.00:392][ 67]LogModuleManager: Shutting down and abandoning module GammaUI (430)
[2018.08.03-18.25.00:392][ 67]LogModuleManager: Shutting down and abandoning module Documentation (428)
[2018.08.03-18.25.00:392][ 67]LogModuleManager: Shutting down and abandoning module MovieSceneTracks (426)
[2018.08.03-18.25.00:392][ 67]LogModuleManager: Shutting down and abandoning module MovieScene (424)
[2018.08.03-18.25.00:392][ 67]LogModuleManager: Shutting down and abandoning module StreamingPauseRendering (422)
[2018.08.03-18.25.00:392][ 67]LogModuleManager: Shutting down and abandoning module LauncherPlatform (420)
[2018.08.03-18.25.00:392][ 67]LogModuleManager: Shutting down and abandoning module AnalyticsET (418)
[2018.08.03-18.25.00:392][ 67]LogModuleManager: Shutting down and abandoning module PortalServices (416)
[2018.08.03-18.25.00:392][ 67]LogModuleManager: Shutting down and abandoning module PortalRpc (414)
[2018.08.03-18.25.00:392][ 67]LogModuleManager: Shutting down and abandoning module MessagingRpc (412)
[2018.08.03-18.25.00:392][ 67]LogModuleManager: Shutting down and abandoning module AIModule (410)
[2018.08.03-18.25.00:392][ 67]LogModuleManager: Shutting down and abandoning module GameplayDebugger (409)
[2018.08.03-18.25.00:392][ 67]LogModuleManager: Shutting down and abandoning module AITestSuite (407)
[2018.08.03-18.25.00:392][ 67]LogModuleManager: Shutting down and abandoning module NavigationSystem (405)
[2018.08.03-18.25.00:392][ 67]LogModuleManager: Shutting down and abandoning module DesktopPlatform (402)
[2018.08.03-18.25.00:392][ 67]LogModuleManager: Shutting down and abandoning module ProfilerService (400)
[2018.08.03-18.25.00:611][ 67]LogModuleManager: Shutting down and abandoning module TaskGraph (398)
[2018.08.03-18.25.00:611][ 67]LogModuleManager: Shutting down and abandoning module SteamVRController (396)
[2018.08.03-18.25.00:611][ 67]LogModuleManager: Shutting down and abandoning module ProceduralMeshComponentEditor (394)
[2018.08.03-18.25.00:611][ 67]LogModuleManager: Shutting down and abandoning module ProceduralMeshComponent (392)
[2018.08.03-18.25.00:611][ 67]LogModuleManager: Shutting down and abandoning module OculusInput (390)
[2018.08.03-18.25.00:611][ 67]LogModuleManager: Shutting down and abandoning module MobilePatchingUtils (388)
[2018.08.03-18.25.00:611][ 67]LogModuleManager: Shutting down and abandoning module EditableMesh (386)
[2018.08.03-18.25.00:611][ 67]LogModuleManager: Shutting down and abandoning module CustomMeshComponent (384)
[2018.08.03-18.25.00:611][ 67]LogModuleManager: Shutting down and abandoning module CableComponent (382)
[2018.08.03-18.25.00:611][ 67]LogModuleManager: Shutting down and abandoning module AudioCapture (380)
[2018.08.03-18.25.00:612][ 67]LogModuleManager: Shutting down and abandoning module ArchVisCharacter (378)
[2018.08.03-18.25.00:612][ 67]LogModuleManager: Shutting down and abandoning module AndroidPermission (376)
[2018.08.03-18.25.00:612][ 67]LogModuleManager: Shutting down and abandoning module NUTUnrealEngine4 (374)
[2018.08.03-18.25.00:612][ 67]LogModuleManager: Shutting down and abandoning module NetcodeUnitTest (372)
[2018.08.03-18.25.00:612][ 67]LogModuleManager: Shutting down and abandoning module MediaCompositingEditor (370)
[2018.08.03-18.25.00:612][ 67]LogModuleManager: Shutting down and abandoning module MediaCompositing (368)
[2018.08.03-18.25.00:612][ 67]LogModuleManager: Shutting down and abandoning module LinearTimecode (366)
[2018.08.03-18.25.00:612][ 67]LogModuleManager: Shutting down and abandoning module ImgMedia (364)
[2018.08.03-18.25.00:614][ 67]LogModuleManager: Shutting down and abandoning module HTML5Networking (362)
[2018.08.03-18.25.00:614][ 67]LogModuleManager: Shutting down and abandoning module GeometryCacheTracks (360)
[2018.08.03-18.25.00:614][ 67]LogModuleManager: Shutting down and abandoning module GeometryCacheSequencer (358)
[2018.08.03-18.25.00:614][ 67]LogModuleManager: Shutting down and abandoning module BackChannel (356)
[2018.08.03-18.25.00:614][ 67]LogModuleManager: Shutting down and abandoning module AppleVision (354)
[2018.08.03-18.25.00:614][ 67]LogModuleManager: Shutting down and abandoning module AppleImageUtils (352)
[2018.08.03-18.25.00:614][ 67]LogModuleManager: Shutting down and abandoning module AlembicImporter (350)
[2018.08.03-18.25.00:614][ 67]LogModuleManager: Shutting down and abandoning module AlembicLibrary (349)
[2018.08.03-18.25.00:614][ 67]LogModuleManager: Shutting down and abandoning module GeometryCache (348)
[2018.08.03-18.25.00:614][ 67]LogModuleManager: Shutting down and abandoning module GeometryCacheEd (347)
[2018.08.03-18.25.00:615][ 67]LogModuleManager: Shutting down and abandoning module DatasmithContentEditor (342)
[2018.08.03-18.25.00:615][ 67]LogModuleManager: Shutting down and abandoning module DatasmithContent (340)
[2018.08.03-18.25.00:615][ 67]LogModuleManager: Shutting down and abandoning module SpeedTreeImporter (338)
[2018.08.03-18.25.00:615][ 67]LogModuleManager: Shutting down and abandoning module PluginBrowser (336)
[2018.08.03-18.25.00:615][ 67]LogModuleManager: Shutting down and abandoning module MobileLauncherProfileWizard (334)
[2018.08.03-18.25.00:615][ 67]LogModuleManager: Shutting down and abandoning module PolygonModeling (332)
[2018.08.03-18.25.00:615][ 67]LogModuleManager: Shutting down and abandoning module MeshEditor (330)
[2018.08.03-18.25.00:615][ 67]LogModuleManager: Shutting down and abandoning module CryptoKeysOpenSSL (328)
[2018.08.03-18.25.00:615][ 67]LogModuleManager: Shutting down and abandoning module CryptoKeys (326)
[2018.08.03-18.25.00:615][ 67]LogModuleManager: Shutting down and abandoning module VisualStudioSourceCodeAccess (324)
[2018.08.03-18.25.00:615][ 67]LogModuleManager: Shutting down and abandoning module VisualStudioCodeSourceCodeAccess (322)
[2018.08.03-18.25.00:615][ 67]LogModuleManager: Shutting down and abandoning module UObjectPlugin (320)
[2018.08.03-18.25.00:615][ 67]LogModuleManager: Shutting down and abandoning module SubversionSourceControl (318)
[2018.08.03-18.25.00:615][ 67]LogModuleManager: Shutting down and abandoning module PerforceSourceControl (316)
[2018.08.03-18.25.00:615][ 67]LogModuleManager: Shutting down and abandoning module GitSourceControl (314)
[2018.08.03-18.25.00:615][ 67]LogModuleManager: Shutting down and abandoning module SourceControl (313)
[2018.08.03-18.25.00:615][ 67]LogModuleManager: Shutting down and abandoning module CLionSourceCodeAccess (310)
[2018.08.03-18.25.00:615][ 67]LogModuleManager: Shutting down and abandoning module LightPropagationVolumeEditor (308)
[2018.08.03-18.25.00:615][ 67]LogModuleManager: Shutting down and abandoning module PaperTiledImporter (306)
[2018.08.03-18.25.00:615][ 67]LogModuleManager: Shutting down and abandoning module PaperSpriteSheetImporter (304)
[2018.08.03-18.25.00:615][ 67]LogModuleManager: Shutting down and abandoning module Paper2DEditor (302)
[2018.08.03-18.25.00:615][ 67]LogModuleManager: Shutting down and abandoning module MeshPaint (301)
[2018.08.03-18.25.00:615][ 67]LogModuleManager: Shutting down and abandoning module RuntimePhysXCooking (298)
[2018.08.03-18.25.00:615][ 67]LogModuleManager: Shutting down and abandoning module PhysXVehiclesEditor (296)
[2018.08.03-18.25.00:615][ 67]LogModuleManager: Shutting down and abandoning module PhysXVehicles (294)
[2018.08.03-18.25.00:615][ 67]LogModuleManager: Shutting down and abandoning module OculusEditor (292)
[2018.08.03-18.25.00:615][ 67]LogModuleManager: Shutting down and abandoning module LocationServicesBPLibrary (290)
[2018.08.03-18.25.00:615][ 67]LogModuleManager: Shutting down and abandoning module ImmediatePhysicsEditor (288)
[2018.08.03-18.25.00:615][ 67]LogModuleManager: Shutting down and abandoning module ImmediatePhysics (286)
[2018.08.03-18.25.00:615][ 67]LogModuleManager: Shutting down and abandoning module ActorSequence (284)
[2018.08.03-18.25.00:615][ 67]LogModuleManager: Shutting down and abandoning module UdpMessaging (282)
[2018.08.03-18.25.00:716][ 67]LogModuleManager: Shutting down and abandoning module TcpMessaging (280)
[2018.08.03-18.25.00:817][ 67]LogModuleManager: Shutting down and abandoning module MagicLeapAudio (278)
[2018.08.03-18.25.00:817][ 67]LogModuleManager: Shutting down and abandoning module GameplayTagsEditor (276)
[2018.08.03-18.25.00:817][ 67]LogModuleManager: Shutting down and abandoning module FacialAnimationEditor (274)
[2018.08.03-18.25.00:817][ 67]LogModuleManager: Shutting down and abandoning module FacialAnimation (272)
[2018.08.03-18.25.00:817][ 67]LogModuleManager: Shutting down and abandoning module DataValidation (270)
[2018.08.03-18.25.00:817][ 67]LogModuleManager: Shutting down and abandoning module AssetManagerEditor (268)
[2018.08.03-18.25.00:817][ 67]LogModuleManager: Shutting down and abandoning module LevelEditor (267)
[2018.08.03-18.25.00:817][ 67]LogModuleManager: Shutting down and abandoning module PixelInspectorModule (266)
[2018.08.03-18.25.00:817][ 67]LogModuleManager: Shutting down and abandoning module CommonMenuExtensions (264)
[2018.08.03-18.25.00:817][ 67]LogModuleManager: Shutting down and abandoning module MainFrame (262)
[2018.08.03-18.25.00:817][ 67]LogModuleManager: Shutting down and abandoning module HotReload (261)
[2018.08.03-18.25.00:818][ 67]LogModuleManager: Shutting down and abandoning module ContentBrowser (257)
[2018.08.03-18.25.00:819][ 67]LogModuleManager: Shutting down and abandoning module TreeMap (255)
[2018.08.03-18.25.00:819][ 67]LogModuleManager: Shutting down and abandoning module LightPropagationVolumeRuntime (252)
[2018.08.03-18.25.00:819][ 67]LogModuleManager: Shutting down and abandoning module AISupportModule (250)
[2018.08.03-18.25.00:819][ 67]LogModuleManager: Shutting down and abandoning module Paper2D (248)
[2018.08.03-18.25.00:819][ 67]LogModuleManager: Shutting down and abandoning module WindowsMoviePlayer (246)
[2018.08.03-18.25.00:819][ 67]LogModuleManager: Shutting down and abandoning module WmfMedia (244)
[2018.08.03-18.25.00:820][ 67]LogModuleManager: Shutting down and abandoning module Media (243)
[2018.08.03-18.25.00:826][ 67]LogModuleManager: Shutting down and abandoning module PacketHandler (240)
[2018.08.03-18.25.00:826][ 67]LogModuleManager: Shutting down and abandoning module ClothingSystemEditor (238)
[2018.08.03-18.25.00:826][ 67]LogModuleManager: Shutting down and abandoning module ClothingSystemRuntime (236)
[2018.08.03-18.25.00:826][ 67]LogModuleManager: Shutting down and abandoning module MediaAssets (234)
[2018.08.03-18.25.00:826][ 67]LogModuleManager: Shutting down and abandoning module Overlay (232)
[2018.08.03-18.25.00:826][ 67]LogModuleManager: Shutting down and abandoning module OverlayEditor (231)
[2018.08.03-18.25.00:826][ 67]LogModuleManager: Shutting down and abandoning module VREditor (228)
[2018.08.03-18.25.00:826][ 67]LogModuleManager: Shutting down and abandoning module StringTableEditor (226)
[2018.08.03-18.25.00:826][ 67]LogModuleManager: Shutting down and abandoning module GameplayTasksEditor (224)
[2018.08.03-18.25.00:826][ 67]LogModuleManager: Shutting down and abandoning module BehaviorTreeEditor (222)
[2018.08.03-18.25.00:826][ 67]LogModuleManager: Shutting down and abandoning module FunctionalTesting (220)
[2018.08.03-18.25.00:826][ 67]LogModuleManager: Shutting down and abandoning module CollisionAnalyzer (218)
[2018.08.03-18.25.00:826][ 67]LogModuleManager: Shutting down and abandoning module WorkspaceMenuStructure (217)
[2018.08.03-18.25.00:826][ 67]LogModuleManager: Shutting down and abandoning module UMG (214)
[2018.08.03-18.25.00:826][ 67]LogModuleManager: Shutting down and abandoning module UMGEditor (213)
[2018.08.03-18.25.00:826][ 67]LogModuleManager: Shutting down and abandoning module Sequencer (212)
[2018.08.03-18.25.00:827][ 67]LogModuleManager: Shutting down and abandoning module MessageLog (209)
[2018.08.03-18.25.00:827][ 67]LogModuleManager: Shutting down and abandoning module SlateReflector (204)
[2018.08.03-18.25.00:827][ 67]LogModuleManager: Shutting down and abandoning module Slate (202)
[2018.08.03-18.25.00:827][ 67]LogModuleManager: Shutting down and abandoning module EditorStyle (200)
[2018.08.03-18.25.00:828][ 67]LogModuleManager: Shutting down and abandoning module MRMesh (198)
[2018.08.03-18.25.00:828][ 67]LogModuleManager: Shutting down and abandoning module SourceCodeAccess (196)
[2018.08.03-18.25.00:829][ 67]LogModuleManager: Shutting down and abandoning module HeadMountedDisplay (194)
[2018.08.03-18.25.00:829][ 67]LogModuleManager: Shutting down and abandoning module XAudio2 (192)
[2018.08.03-18.25.00:829][ 67]LogModuleManager: Shutting down and abandoning module Networking (190)
[2018.08.03-18.25.00:829][ 67]LogModuleManager: Shutting down and abandoning module Core (188)
[2018.08.03-18.25.00:829][ 67]LogModuleManager: Shutting down and abandoning module LevelSequence (186)
[2018.08.03-18.25.00:829][ 67]LogModuleManager: Shutting down and abandoning module KismetCompiler (184)
[2018.08.03-18.25.00:829][ 67]LogModuleManager: Shutting down and abandoning module MeshUtilities (182)
[2018.08.03-18.25.00:829][ 67]LogModuleManager: Shutting down and abandoning module MeshMergeUtilities (181)
[2018.08.03-18.25.00:829][ 67]LogModuleManager: Shutting down and abandoning module MeshReductionInterface (180)
[2018.08.03-18.25.00:829][ 67]LogModuleManager: Shutting down and abandoning module SimplygonSwarm (179)
[2018.08.03-18.25.00:829][ 67]LogModuleManager: Shutting down and abandoning module ProxyLODMeshReduction (177)
[2018.08.03-18.25.00:829][ 67]LogModuleManager: Shutting down and abandoning module SimplygonMeshReduction (175)
[2018.08.03-18.25.00:829][ 67]LogModuleManager: Shutting down and abandoning module QuadricMeshReduction (173)
[2018.08.03-18.25.00:829][ 67]LogModuleManager: Shutting down and abandoning module MaterialBaking (169)
[2018.08.03-18.25.00:829][ 67]LogModuleManager: Shutting down and abandoning module DirectoryWatcher (165)
[2018.08.03-18.25.00:829][ 67]LogModuleManager: Shutting down and abandoning module DerivedDataCache (162)
[2018.08.03-18.25.00:859][ 67]LogDerivedDataCache: Shutdown
[2018.08.03-18.25.00:859][ 67]LogModuleManager: Shutting down and abandoning module XGEController (160)
[2018.08.03-18.25.00:859][ 67]LogModuleManager: Shutting down and abandoning module TargetPlatform (158)
[2018.08.03-18.25.00:859][ 67]LogModuleManager: Shutting down and abandoning module VulkanShaderFormat (157)
[2018.08.03-18.25.00:859][ 67]LogModuleManager: Shutting down and abandoning module ShaderFormatVectorVM (155)
[2018.08.03-18.25.00:859][ 67]LogModuleManager: Shutting down and abandoning module ShaderFormatOpenGL (153)
[2018.08.03-18.25.00:859][ 67]LogModuleManager: Shutting down and abandoning module ShaderFormatD3D (151)
[2018.08.03-18.25.00:859][ 67]LogModuleManager: Shutting down and abandoning module MetalShaderFormat (149)
[2018.08.03-18.25.00:859][ 67]LogModuleManager: Shutting down and abandoning module TextureFormatUncompressed (147)
[2018.08.03-18.25.00:859][ 67]LogModuleManager: Shutting down and abandoning module TextureFormatPVR (145)
[2018.08.03-18.25.00:859][ 67]LogModuleManager: Shutting down and abandoning module TextureFormatDXT (143)
[2018.08.03-18.25.00:859][ 67]LogModuleManager: Shutting down and abandoning module TextureFormatIntelISPCTexComp (141)
[2018.08.03-18.25.00:860][ 67]LogModuleManager: Shutting down and abandoning module TextureFormatASTC (139)
[2018.08.03-18.25.00:860][ 67]LogModuleManager: Shutting down and abandoning module ImageWrapper (138)
[2018.08.03-18.25.00:860][ 67]LogModuleManager: Shutting down and abandoning module TextureFormatAndroid (135)
[2018.08.03-18.25.00:860][ 67]LogModuleManager: Shutting down and abandoning module AudioFormatOpus (133)
[2018.08.03-18.25.00:860][ 67]LogModuleManager: Shutting down and abandoning module AudioFormatOgg (131)
[2018.08.03-18.25.00:860][ 67]LogModuleManager: Shutting down and abandoning module AudioFormatADPCM (129)
[2018.08.03-18.25.00:860][ 67]LogModuleManager: Shutting down and abandoning module LuminTargetPlatform (127)
[2018.08.03-18.25.00:860][ 67]LogModuleManager: Shutting down and abandoning module LinuxTargetPlatform (125)
[2018.08.03-18.25.00:860][ 67]LogModuleManager: Shutting down and abandoning module LinuxServerTargetPlatform (123)
[2018.08.03-18.25.00:860][ 67]LogModuleManager: Shutting down and abandoning module LinuxNoEditorTargetPlatform (121)
[2018.08.03-18.25.00:860][ 67]LogModuleManager: Shutting down and abandoning module LinuxClientTargetPlatform (119)
[2018.08.03-18.25.00:860][ 67]LogModuleManager: Shutting down and abandoning module TVOSTargetPlatform (117)
[2018.08.03-18.25.00:861][ 67]LogModuleManager: Shutting down and abandoning module Messaging (115)
[2018.08.03-18.25.00:861][ 67]LogModuleManager: Shutting down and abandoning module IOSTargetPlatform (113)
[2018.08.03-18.25.00:862][ 67]LogModuleManager: Shutting down and abandoning module HTML5TargetPlatform (111)
[2018.08.03-18.25.00:862][ 67]LogModuleManager: Shutting down and abandoning module AndroidTargetPlatform (109)
[2018.08.03-18.25.00:867][ 67]LogModuleManager: Shutting down and abandoning module WindowsTargetPlatform (107)
[2018.08.03-18.25.00:867][ 67]LogModuleManager: Shutting down and abandoning module WindowsServerTargetPlatform (105)
[2018.08.03-18.25.00:867][ 67]LogModuleManager: Shutting down and abandoning module WindowsNoEditorTargetPlatform (103)
[2018.08.03-18.25.00:867][ 67]LogModuleManager: Shutting down and abandoning module WindowsClientTargetPlatform (101)
[2018.08.03-18.25.00:867][ 67]LogModuleManager: Shutting down and abandoning module MacTargetPlatform (99)
[2018.08.03-18.25.00:867][ 67]LogModuleManager: Shutting down and abandoning module MacServerTargetPlatform (97)
[2018.08.03-18.25.00:867][ 67]LogModuleManager: Shutting down and abandoning module MacNoEditorTargetPlatform (95)
[2018.08.03-18.25.00:867][ 67]LogModuleManager: Shutting down and abandoning module MacClientTargetPlatform (93)
[2018.08.03-18.25.00:867][ 67]LogModuleManager: Shutting down and abandoning module AllDesktopTargetPlatform (91)
[2018.08.03-18.25.00:867][ 67]LogModuleManager: Shutting down and abandoning module InputCore (88)
[2018.08.03-18.25.00:867][ 67]LogModuleManager: Shutting down and abandoning module Settings (86)
[2018.08.03-18.25.00:867][ 67]LogModuleManager: Shutting down and abandoning module PhysXCooking (84)
[2018.08.03-18.25.00:867][ 67]LogModuleManager: Shutting down and abandoning module SteamVR (82)
[2018.08.03-18.25.00:868][ 67]LogModuleManager: Shutting down and abandoning module OculusHMD (80)
[2018.08.03-18.25.00:868][ 67]LogModuleManager: Shutting down and abandoning module ExampleDeviceProfileSelector (78)
[2018.08.03-18.25.00:868][ 67]LogModuleManager: Shutting down and abandoning module LauncherChunkInstaller (76)
[2018.08.03-18.25.00:868][ 67]LogModuleManager: Shutting down and abandoning module OnlineBlueprintSupport (74)
[2018.08.03-18.25.00:868][ 67]LogModuleManager: Shutting down and abandoning module OnlineSubsystem (70)
[2018.08.03-18.25.00:868][ 67]LogModuleManager: Shutting down and abandoning module XMPP (65)
[2018.08.03-18.25.00:868][ 67]LogModuleManager: Shutting down and abandoning module WebSockets (64)
[2018.08.03-18.25.00:881][ 67]LogModuleManager: Shutting down and abandoning module HTTP (61)
[2018.08.03-18.25.00:881][ 67]LogHttp: Display: Http module shutting down, but needs to wait on 1 outstanding Http requests:
[2018.08.03-18.25.00:881][ 67]LogHttp: Display: 	verb=[POST] url=[https://datarouter.ol.epicgames.com/datarouter/api/v1/public/data?SessionID=%7BC5FB5588-47D2-7200-7256-9DBD5918C5F6%7D&AppID=UEEditor.Rocket.Release&AppVersion=4.20.1-4233996%2B%2B%2BUE4%2BRelease-4.20&UserID=45ea3d6e4f2a973597e1519c2a723e9a%7Cfa17a5722a8348888a5f5bb39ffae90b%7Cc96df654-490a-485b-a040-b29cb15e34d3&AppEnvironment=datacollector-binary&UploadType=eteventstream] status=Processing
[2018.08.03-18.25.00:882][ 67]LogModuleManager: Shutting down and abandoning module SSL (60)
[2018.08.03-18.25.00:883][ 67]LogModuleManager: Shutting down and abandoning module MagicLeapEmulator (56)
[2018.08.03-18.25.00:883][ 67]LogModuleManager: Shutting down and abandoning module MagicLeapPrivileges (54)
[2018.08.03-18.25.00:883][ 67]LogModuleManager: Shutting down and abandoning module MagicLeapIdentity (52)
[2018.08.03-18.25.00:883][ 67]LogModuleManager: Shutting down and abandoning module MagicLeapHelperVulkan (50)
[2018.08.03-18.25.00:883][ 67]LogModuleManager: Shutting down and abandoning module MagicLeapHelperOpenGL (48)
[2018.08.03-18.25.00:883][ 67]LogModuleManager: Shutting down and abandoning module MagicLeapSecureStorage (46)
[2018.08.03-18.25.00:883][ 67]LogModuleManager: Shutting down and abandoning module MagicLeapGestures (44)
[2018.08.03-18.25.00:883][ 67]LogModuleManager: Shutting down and abandoning module MagicLeapEyeTracker (42)
[2018.08.03-18.25.00:883][ 67]LogModuleManager: Shutting down and abandoning module MagicLeapController (40)
[2018.08.03-18.25.00:883][ 67]LogSlate: Slate User Destroyed.  User Index 0, Is Virtual User: 0
[2018.08.03-18.25.00:884][ 67]LogModuleManager: Shutting down and abandoning module MagicLeap (38)
[2018.08.03-18.25.00:884][ 67]LogModuleManager: Shutting down and abandoning module AnimationModifiers (36)
[2018.08.03-18.25.00:884][ 67]LogModuleManager: Shutting down and abandoning module PropertyEditor (35)
[2018.08.03-18.25.00:884][ 67]LogModuleManager: Shutting down and abandoning module AudioEditor (32)
[2018.08.03-18.25.00:884][ 67]LogModuleManager: Shutting down and abandoning module TextureCompressor (30)
[2018.08.03-18.25.00:884][ 67]LogModuleManager: Shutting down and abandoning module ShaderCore (28)
[2018.08.03-18.25.00:884][ 67]LogModuleManager: Shutting down and abandoning module Landscape (26)
[2018.08.03-18.25.00:884][ 67]LogModuleManager: Shutting down and abandoning module SlateRHIRenderer (24)
[2018.08.03-18.25.00:884][ 67]LogModuleManager: Shutting down and abandoning module OpenGLDrv (22)
[2018.08.03-18.25.00:884][ 67]LogModuleManager: Shutting down and abandoning module D3D11RHI (20)
[2018.08.03-18.25.00:884][ 67]LogModuleManager: Shutting down and abandoning module AnimGraphRuntime (18)
[2018.08.03-18.25.00:884][ 67]LogModuleManager: Shutting down and abandoning module Renderer (16)
[2018.08.03-18.25.00:884][ 67]LogModuleManager: Shutting down and abandoning module Engine (14)
[2018.08.03-18.25.00:884][ 67]LogModuleManager: Shutting down and abandoning module CoreUObject (12)
[2018.08.03-18.25.00:884][ 67]LogModuleManager: Shutting down and abandoning module NetworkFile (10)
[2018.08.03-18.25.00:884][ 67]LogModuleManager: Shutting down and abandoning module CookedIterativeFile (8)
[2018.08.03-18.25.00:884][ 67]LogModuleManager: Shutting down and abandoning module StreamingFile (6)
[2018.08.03-18.25.00:884][ 67]LogModuleManager: Shutting down and abandoning module SandboxFile (4)
[2018.08.03-18.25.00:884][ 67]LogModuleManager: Shutting down and abandoning module PakFile (2)
[2018.08.03-18.25.00:887][ 67]LogExit: Exiting.
[2018.08.03-18.25.00:903][ 67]Log file closed, 08/03/18 14:25:00
